IMPORTED: CorpusBuilderApp.shared_tools.logging_config
IMPORTED: CorpusBuilderApp.shared_tools.project_config
FAILED IMPORT: CorpusBuilderApp.shared_tools.ui_wrappers.wrapper_factory
Traceback (most recent call last):
  File "G:\codex\codex_try\tests\dev\system_backend_audit.py", line 57, in <module>
    imported = importlib.import_module(mod)
  File "C:\Python313\Lib\importlib\__init__.py", line 88, in import_module
    return _bootstrap._gcd_import(name[level:], package, level)
           ~~~~~~~~~~~~~~~~~~~~~~^^^^^^^^^^^^^^^^^^^^^^^^^^^^^^
  File "<frozen importlib._bootstrap>", line 1387, in _gcd_import
  File "<frozen importlib._bootstrap>", line 1360, in _find_and_load
  File "<frozen importlib._bootstrap>", line 1331, in _find_and_load_unlocked
  File "<frozen importlib._bootstrap>", line 935, in _load_unlocked
  File "<frozen importlib._bootstrap_external>", line 1026, in exec_module
  File "<frozen importlib._bootstrap>", line 488, in _call_with_frames_removed
  File "G:\codex\codex_try\CorpusBuilderApp\shared_tools\ui_wrappers\wrapper_factory.py", line 2, in <module>
    from shared_tools.project_config import ProjectConfig
ModuleNotFoundError: No module named 'shared_tools'

FAILED IMPORT: CorpusBuilderApp.shared_tools.ui_wrappers.base_wrapper
Traceback (most recent call last):
  File "G:\codex\codex_try\tests\dev\system_backend_audit.py", line 57, in <module>
    imported = importlib.import_module(mod)
  File "C:\Python313\Lib\importlib\__init__.py", line 88, in import_module
    return _bootstrap._gcd_import(name[level:], package, level)
           ~~~~~~~~~~~~~~~~~~~~~~^^^^^^^^^^^^^^^^^^^^^^^^^^^^^^
  File "<frozen importlib._bootstrap>", line 1387, in _gcd_import
  File "<frozen importlib._bootstrap>", line 1360, in _find_and_load
  File "<frozen importlib._bootstrap>", line 1331, in _find_and_load_unlocked
  File "<frozen importlib._bootstrap>", line 935, in _load_unlocked
  File "<frozen importlib._bootstrap_external>", line 1026, in exec_module
  File "<frozen importlib._bootstrap>", line 488, in _call_with_frames_removed
  File "G:\codex\codex_try\CorpusBuilderApp\shared_tools\ui_wrappers\base_wrapper.py", line 5, in <module>
    from shared_tools.services.task_history_service import TaskHistoryService
ModuleNotFoundError: No module named 'shared_tools'

FAILED IMPORT: CorpusBuilderApp.shared_tools.ui_wrappers.collectors.annas_archive_wrapper
Traceback (most recent call last):
  File "G:\codex\codex_try\tests\dev\system_backend_audit.py", line 57, in <module>
    imported = importlib.import_module(mod)
  File "C:\Python313\Lib\importlib\__init__.py", line 88, in import_module
    return _bootstrap._gcd_import(name[level:], package, level)
           ~~~~~~~~~~~~~~~~~~~~~~^^^^^^^^^^^^^^^^^^^^^^^^^^^^^^
  File "<frozen importlib._bootstrap>", line 1387, in _gcd_import
  File "<frozen importlib._bootstrap>", line 1360, in _find_and_load
  File "<frozen importlib._bootstrap>", line 1331, in _find_and_load_unlocked
  File "<frozen importlib._bootstrap>", line 935, in _load_unlocked
  File "<frozen importlib._bootstrap_external>", line 1026, in exec_module
  File "<frozen importlib._bootstrap>", line 488, in _call_with_frames_removed
  File "G:\codex\codex_try\CorpusBuilderApp\shared_tools\ui_wrappers\collectors\annas_archive_wrapper.py", line 2, in <module>
    from ..base_wrapper import BaseWrapper, CollectorWrapperMixin
  File "G:\codex\codex_try\CorpusBuilderApp\shared_tools\ui_wrappers\base_wrapper.py", line 5, in <module>
    from shared_tools.services.task_history_service import TaskHistoryService
ModuleNotFoundError: No module named 'shared_tools'

FAILED IMPORT: CorpusBuilderApp.shared_tools.ui_wrappers.collectors.bitmex_wrapper
Traceback (most recent call last):
  File "G:\codex\codex_try\tests\dev\system_backend_audit.py", line 57, in <module>
    imported = importlib.import_module(mod)
  File "C:\Python313\Lib\importlib\__init__.py", line 88, in import_module
    return _bootstrap._gcd_import(name[level:], package, level)
           ~~~~~~~~~~~~~~~~~~~~~~^^^^^^^^^^^^^^^^^^^^^^^^^^^^^^
  File "<frozen importlib._bootstrap>", line 1387, in _gcd_import
  File "<frozen importlib._bootstrap>", line 1360, in _find_and_load
  File "<frozen importlib._bootstrap>", line 1331, in _find_and_load_unlocked
  File "<frozen importlib._bootstrap>", line 935, in _load_unlocked
  File "<frozen importlib._bootstrap_external>", line 1026, in exec_module
  File "<frozen importlib._bootstrap>", line 488, in _call_with_frames_removed
  File "G:\codex\codex_try\CorpusBuilderApp\shared_tools\ui_wrappers\collectors\bitmex_wrapper.py", line 2, in <module>
    from ..base_wrapper import BaseWrapper, CollectorWrapperMixin
  File "G:\codex\codex_try\CorpusBuilderApp\shared_tools\ui_wrappers\base_wrapper.py", line 5, in <module>
    from shared_tools.services.task_history_service import TaskHistoryService
ModuleNotFoundError: No module named 'shared_tools'

FAILED IMPORT: CorpusBuilderApp.shared_tools.ui_wrappers.collectors.fred_wrapper
Traceback (most recent call last):
  File "G:\codex\codex_try\tests\dev\system_backend_audit.py", line 57, in <module>
    imported = importlib.import_module(mod)
  File "C:\Python313\Lib\importlib\__init__.py", line 88, in import_module
    return _bootstrap._gcd_import(name[level:], package, level)
           ~~~~~~~~~~~~~~~~~~~~~~^^^^^^^^^^^^^^^^^^^^^^^^^^^^^^
  File "<frozen importlib._bootstrap>", line 1387, in _gcd_import
  File "<frozen importlib._bootstrap>", line 1360, in _find_and_load
  File "<frozen importlib._bootstrap>", line 1331, in _find_and_load_unlocked
  File "<frozen importlib._bootstrap>", line 935, in _load_unlocked
  File "<frozen importlib._bootstrap_external>", line 1026, in exec_module
  File "<frozen importlib._bootstrap>", line 488, in _call_with_frames_removed
  File "G:\codex\codex_try\CorpusBuilderApp\shared_tools\ui_wrappers\collectors\fred_wrapper.py", line 2, in <module>
    from ..base_wrapper import BaseWrapper, CollectorWrapperMixin
  File "G:\codex\codex_try\CorpusBuilderApp\shared_tools\ui_wrappers\base_wrapper.py", line 5, in <module>
    from shared_tools.services.task_history_service import TaskHistoryService
ModuleNotFoundError: No module named 'shared_tools'

FAILED IMPORT: CorpusBuilderApp.shared_tools.ui_wrappers.collectors.github_wrapper
Traceback (most recent call last):
  File "G:\codex\codex_try\tests\dev\system_backend_audit.py", line 57, in <module>
    imported = importlib.import_module(mod)
  File "C:\Python313\Lib\importlib\__init__.py", line 88, in import_module
    return _bootstrap._gcd_import(name[level:], package, level)
           ~~~~~~~~~~~~~~~~~~~~~~^^^^^^^^^^^^^^^^^^^^^^^^^^^^^^
  File "<frozen importlib._bootstrap>", line 1387, in _gcd_import
  File "<frozen importlib._bootstrap>", line 1360, in _find_and_load
  File "<frozen importlib._bootstrap>", line 1331, in _find_and_load_unlocked
  File "<frozen importlib._bootstrap>", line 935, in _load_unlocked
  File "<frozen importlib._bootstrap_external>", line 1026, in exec_module
  File "<frozen importlib._bootstrap>", line 488, in _call_with_frames_removed
  File "G:\codex\codex_try\CorpusBuilderApp\shared_tools\ui_wrappers\collectors\github_wrapper.py", line 2, in <module>
    from ..base_wrapper import BaseWrapper, CollectorWrapperMixin
  File "G:\codex\codex_try\CorpusBuilderApp\shared_tools\ui_wrappers\base_wrapper.py", line 5, in <module>
    from shared_tools.services.task_history_service import TaskHistoryService
ModuleNotFoundError: No module named 'shared_tools'

FAILED IMPORT: CorpusBuilderApp.shared_tools.ui_wrappers.collectors.isda_wrapper
Traceback (most recent call last):
  File "G:\codex\codex_try\tests\dev\system_backend_audit.py", line 57, in <module>
    imported = importlib.import_module(mod)
  File "C:\Python313\Lib\importlib\__init__.py", line 88, in import_module
    return _bootstrap._gcd_import(name[level:], package, level)
           ~~~~~~~~~~~~~~~~~~~~~~^^^^^^^^^^^^^^^^^^^^^^^^^^^^^^
  File "<frozen importlib._bootstrap>", line 1387, in _gcd_import
  File "<frozen importlib._bootstrap>", line 1360, in _find_and_load
  File "<frozen importlib._bootstrap>", line 1331, in _find_and_load_unlocked
  File "<frozen importlib._bootstrap>", line 935, in _load_unlocked
  File "<frozen importlib._bootstrap_external>", line 1026, in exec_module
  File "<frozen importlib._bootstrap>", line 488, in _call_with_frames_removed
  File "G:\codex\codex_try\CorpusBuilderApp\shared_tools\ui_wrappers\collectors\isda_wrapper.py", line 2, in <module>
    from ..base_wrapper import BaseWrapper, CollectorWrapperMixin
  File "G:\codex\codex_try\CorpusBuilderApp\shared_tools\ui_wrappers\base_wrapper.py", line 5, in <module>
    from shared_tools.services.task_history_service import TaskHistoryService
ModuleNotFoundError: No module named 'shared_tools'

FAILED IMPORT: CorpusBuilderApp.shared_tools.ui_wrappers.collectors.quantopian_wrapper
Traceback (most recent call last):
  File "G:\codex\codex_try\tests\dev\system_backend_audit.py", line 57, in <module>
    imported = importlib.import_module(mod)
  File "C:\Python313\Lib\importlib\__init__.py", line 88, in import_module
    return _bootstrap._gcd_import(name[level:], package, level)
           ~~~~~~~~~~~~~~~~~~~~~~^^^^^^^^^^^^^^^^^^^^^^^^^^^^^^
  File "<frozen importlib._bootstrap>", line 1387, in _gcd_import
  File "<frozen importlib._bootstrap>", line 1360, in _find_and_load
  File "<frozen importlib._bootstrap>", line 1331, in _find_and_load_unlocked
  File "<frozen importlib._bootstrap>", line 935, in _load_unlocked
  File "<frozen importlib._bootstrap_external>", line 1026, in exec_module
  File "<frozen importlib._bootstrap>", line 488, in _call_with_frames_removed
  File "G:\codex\codex_try\CorpusBuilderApp\shared_tools\ui_wrappers\collectors\quantopian_wrapper.py", line 2, in <module>
    from ..base_wrapper import BaseWrapper, CollectorWrapperMixin
  File "G:\codex\codex_try\CorpusBuilderApp\shared_tools\ui_wrappers\base_wrapper.py", line 5, in <module>
    from shared_tools.services.task_history_service import TaskHistoryService
ModuleNotFoundError: No module named 'shared_tools'

FAILED IMPORT: CorpusBuilderApp.shared_tools.ui_wrappers.collectors.scidb_wrapper
Traceback (most recent call last):
  File "G:\codex\codex_try\tests\dev\system_backend_audit.py", line 57, in <module>
    imported = importlib.import_module(mod)
  File "C:\Python313\Lib\importlib\__init__.py", line 88, in import_module
    return _bootstrap._gcd_import(name[level:], package, level)
           ~~~~~~~~~~~~~~~~~~~~~~^^^^^^^^^^^^^^^^^^^^^^^^^^^^^^
  File "<frozen importlib._bootstrap>", line 1387, in _gcd_import
  File "<frozen importlib._bootstrap>", line 1360, in _find_and_load
  File "<frozen importlib._bootstrap>", line 1331, in _find_and_load_unlocked
  File "<frozen importlib._bootstrap>", line 935, in _load_unlocked
  File "<frozen importlib._bootstrap_external>", line 1026, in exec_module
  File "<frozen importlib._bootstrap>", line 488, in _call_with_frames_removed
  File "G:\codex\codex_try\CorpusBuilderApp\shared_tools\ui_wrappers\collectors\scidb_wrapper.py", line 2, in <module>
    from ..base_wrapper import BaseWrapper, CollectorWrapperMixin
  File "G:\codex\codex_try\CorpusBuilderApp\shared_tools\ui_wrappers\base_wrapper.py", line 5, in <module>
    from shared_tools.services.task_history_service import TaskHistoryService
ModuleNotFoundError: No module named 'shared_tools'

FAILED IMPORT: CorpusBuilderApp.shared_tools.ui_wrappers.collectors.web_wrapper
Traceback (most recent call last):
  File "G:\codex\codex_try\tests\dev\system_backend_audit.py", line 57, in <module>
    imported = importlib.import_module(mod)
  File "C:\Python313\Lib\importlib\__init__.py", line 88, in import_module
    return _bootstrap._gcd_import(name[level:], package, level)
           ~~~~~~~~~~~~~~~~~~~~~~^^^^^^^^^^^^^^^^^^^^^^^^^^^^^^
  File "<frozen importlib._bootstrap>", line 1387, in _gcd_import
  File "<frozen importlib._bootstrap>", line 1360, in _find_and_load
  File "<frozen importlib._bootstrap>", line 1331, in _find_and_load_unlocked
  File "<frozen importlib._bootstrap>", line 935, in _load_unlocked
  File "<frozen importlib._bootstrap_external>", line 1026, in exec_module
  File "<frozen importlib._bootstrap>", line 488, in _call_with_frames_removed
  File "G:\codex\codex_try\CorpusBuilderApp\shared_tools\ui_wrappers\collectors\web_wrapper.py", line 2, in <module>
    from ..base_wrapper import BaseWrapper, CollectorWrapperMixin
  File "G:\codex\codex_try\CorpusBuilderApp\shared_tools\ui_wrappers\base_wrapper.py", line 5, in <module>
    from shared_tools.services.task_history_service import TaskHistoryService
ModuleNotFoundError: No module named 'shared_tools'

FAILED IMPORT: CorpusBuilderApp.shared_tools.ui_wrappers.collectors.arxiv_wrapper
Traceback (most recent call last):
  File "G:\codex\codex_try\tests\dev\system_backend_audit.py", line 57, in <module>
    imported = importlib.import_module(mod)
  File "C:\Python313\Lib\importlib\__init__.py", line 88, in import_module
    return _bootstrap._gcd_import(name[level:], package, level)
           ~~~~~~~~~~~~~~~~~~~~~~^^^^^^^^^^^^^^^^^^^^^^^^^^^^^^
  File "<frozen importlib._bootstrap>", line 1387, in _gcd_import
  File "<frozen importlib._bootstrap>", line 1360, in _find_and_load
  File "<frozen importlib._bootstrap>", line 1331, in _find_and_load_unlocked
  File "<frozen importlib._bootstrap>", line 935, in _load_unlocked
  File "<frozen importlib._bootstrap_external>", line 1026, in exec_module
  File "<frozen importlib._bootstrap>", line 488, in _call_with_frames_removed
  File "G:\codex\codex_try\CorpusBuilderApp\shared_tools\ui_wrappers\collectors\arxiv_wrapper.py", line 2, in <module>
    from ..base_wrapper import BaseWrapper, CollectorWrapperMixin
  File "G:\codex\codex_try\CorpusBuilderApp\shared_tools\ui_wrappers\base_wrapper.py", line 5, in <module>
    from shared_tools.services.task_history_service import TaskHistoryService
ModuleNotFoundError: No module named 'shared_tools'

FAILED IMPORT: CorpusBuilderApp.shared_tools.ui_wrappers.processors.batch_nonpdf_extractor_enhanced_wrapper
Traceback (most recent call last):
  File "G:\codex\codex_try\tests\dev\system_backend_audit.py", line 57, in <module>
    imported = importlib.import_module(mod)
  File "C:\Python313\Lib\importlib\__init__.py", line 88, in import_module
    return _bootstrap._gcd_import(name[level:], package, level)
           ~~~~~~~~~~~~~~~~~~~~~~^^^^^^^^^^^^^^^^^^^^^^^^^^^^^^
  File "<frozen importlib._bootstrap>", line 1387, in _gcd_import
  File "<frozen importlib._bootstrap>", line 1360, in _find_and_load
  File "<frozen importlib._bootstrap>", line 1331, in _find_and_load_unlocked
  File "<frozen importlib._bootstrap>", line 935, in _load_unlocked
  File "<frozen importlib._bootstrap_external>", line 1026, in exec_module
  File "<frozen importlib._bootstrap>", line 488, in _call_with_frames_removed
  File "G:\codex\codex_try\CorpusBuilderApp\shared_tools\ui_wrappers\processors\batch_nonpdf_extractor_enhanced_wrapper.py", line 11, in <module>
    from shared_tools.processors.batch_nonpdf_extractor_enhanced import BatchNonPDFExtractorEnhanced
ModuleNotFoundError: No module named 'shared_tools'

FAILED IMPORT: CorpusBuilderApp.shared_tools.ui_wrappers.processors.chart_image_extractor_wrapper
Traceback (most recent call last):
  File "G:\codex\codex_try\tests\dev\system_backend_audit.py", line 57, in <module>
    imported = importlib.import_module(mod)
  File "C:\Python313\Lib\importlib\__init__.py", line 88, in import_module
    return _bootstrap._gcd_import(name[level:], package, level)
           ~~~~~~~~~~~~~~~~~~~~~~^^^^^^^^^^^^^^^^^^^^^^^^^^^^^^
  File "<frozen importlib._bootstrap>", line 1387, in _gcd_import
  File "<frozen importlib._bootstrap>", line 1360, in _find_and_load
  File "<frozen importlib._bootstrap>", line 1331, in _find_and_load_unlocked
  File "<frozen importlib._bootstrap>", line 935, in _load_unlocked
  File "<frozen importlib._bootstrap_external>", line 1026, in exec_module
  File "<frozen importlib._bootstrap>", line 488, in _call_with_frames_removed
  File "G:\codex\codex_try\CorpusBuilderApp\shared_tools\ui_wrappers\processors\chart_image_extractor_wrapper.py", line 5, in <module>
    from shared_tools.processors.chart_image_extractor import ChartImageExtractor
ModuleNotFoundError: No module named 'shared_tools'

FAILED IMPORT: CorpusBuilderApp.shared_tools.ui_wrappers.processors.corruption_detector_wrapper
Traceback (most recent call last):
  File "G:\codex\codex_try\tests\dev\system_backend_audit.py", line 57, in <module>
    imported = importlib.import_module(mod)
  File "C:\Python313\Lib\importlib\__init__.py", line 88, in import_module
    return _bootstrap._gcd_import(name[level:], package, level)
           ~~~~~~~~~~~~~~~~~~~~~~^^^^^^^^^^^^^^^^^^^^^^^^^^^^^^
  File "<frozen importlib._bootstrap>", line 1387, in _gcd_import
  File "<frozen importlib._bootstrap>", line 1360, in _find_and_load
  File "<frozen importlib._bootstrap>", line 1331, in _find_and_load_unlocked
  File "<frozen importlib._bootstrap>", line 935, in _load_unlocked
  File "<frozen importlib._bootstrap_external>", line 1026, in exec_module
  File "<frozen importlib._bootstrap>", line 488, in _call_with_frames_removed
  File "G:\codex\codex_try\CorpusBuilderApp\shared_tools\ui_wrappers\processors\corruption_detector_wrapper.py", line 15, in <module>
    from shared_tools.processors.corruption_detector import CorruptionDetector
ModuleNotFoundError: No module named 'shared_tools'

FAILED IMPORT: CorpusBuilderApp.shared_tools.ui_wrappers.processors.deduplicate_nonpdf_outputs_wrapper
Traceback (most recent call last):
  File "G:\codex\codex_try\tests\dev\system_backend_audit.py", line 57, in <module>
    imported = importlib.import_module(mod)
  File "C:\Python313\Lib\importlib\__init__.py", line 88, in import_module
    return _bootstrap._gcd_import(name[level:], package, level)
           ~~~~~~~~~~~~~~~~~~~~~~^^^^^^^^^^^^^^^^^^^^^^^^^^^^^^
  File "<frozen importlib._bootstrap>", line 1387, in _gcd_import
  File "<frozen importlib._bootstrap>", line 1360, in _find_and_load
  File "<frozen importlib._bootstrap>", line 1331, in _find_and_load_unlocked
  File "<frozen importlib._bootstrap>", line 935, in _load_unlocked
  File "<frozen importlib._bootstrap_external>", line 1026, in exec_module
  File "<frozen importlib._bootstrap>", line 488, in _call_with_frames_removed
  File "G:\codex\codex_try\CorpusBuilderApp\shared_tools\ui_wrappers\processors\deduplicate_nonpdf_outputs_wrapper.py", line 17, in <module>
    from shared_tools.processors.deduplicate_nonpdf_outputs import DeduplicateNonPDFOutputs
ModuleNotFoundError: No module named 'shared_tools'

FAILED IMPORT: CorpusBuilderApp.shared_tools.ui_wrappers.processors.deduplicator_wrapper
Traceback (most recent call last):
  File "G:\codex\codex_try\tests\dev\system_backend_audit.py", line 57, in <module>
    imported = importlib.import_module(mod)
  File "C:\Python313\Lib\importlib\__init__.py", line 88, in import_module
    return _bootstrap._gcd_import(name[level:], package, level)
           ~~~~~~~~~~~~~~~~~~~~~~^^^^^^^^^^^^^^^^^^^^^^^^^^^^^^
  File "<frozen importlib._bootstrap>", line 1387, in _gcd_import
  File "<frozen importlib._bootstrap>", line 1360, in _find_and_load
  File "<frozen importlib._bootstrap>", line 1331, in _find_and_load_unlocked
  File "<frozen importlib._bootstrap>", line 935, in _load_unlocked
  File "<frozen importlib._bootstrap_external>", line 1026, in exec_module
  File "<frozen importlib._bootstrap>", line 488, in _call_with_frames_removed
  File "G:\codex\codex_try\CorpusBuilderApp\shared_tools\ui_wrappers\processors\deduplicator_wrapper.py", line 5, in <module>
    from shared_tools.processors.deduplicator import Deduplicator
ModuleNotFoundError: No module named 'shared_tools'

FAILED IMPORT: CorpusBuilderApp.shared_tools.ui_wrappers.processors.domain_classifier_wrapper
Traceback (most recent call last):
  File "G:\codex\codex_try\tests\dev\system_backend_audit.py", line 57, in <module>
    imported = importlib.import_module(mod)
  File "C:\Python313\Lib\importlib\__init__.py", line 88, in import_module
    return _bootstrap._gcd_import(name[level:], package, level)
           ~~~~~~~~~~~~~~~~~~~~~~^^^^^^^^^^^^^^^^^^^^^^^^^^^^^^
  File "<frozen importlib._bootstrap>", line 1387, in _gcd_import
  File "<frozen importlib._bootstrap>", line 1360, in _find_and_load
  File "<frozen importlib._bootstrap>", line 1331, in _find_and_load_unlocked
  File "<frozen importlib._bootstrap>", line 935, in _load_unlocked
  File "<frozen importlib._bootstrap_external>", line 1026, in exec_module
  File "<frozen importlib._bootstrap>", line 488, in _call_with_frames_removed
  File "G:\codex\codex_try\CorpusBuilderApp\shared_tools\ui_wrappers\processors\domain_classifier_wrapper.py", line 5, in <module>
    from shared_tools.processors.domain_classifier import DomainClassifier
ModuleNotFoundError: No module named 'shared_tools'

FAILED IMPORT: CorpusBuilderApp.shared_tools.ui_wrappers.processors.financial_symbol_processor_wrapper
Traceback (most recent call last):
  File "G:\codex\codex_try\tests\dev\system_backend_audit.py", line 57, in <module>
    imported = importlib.import_module(mod)
  File "C:\Python313\Lib\importlib\__init__.py", line 88, in import_module
    return _bootstrap._gcd_import(name[level:], package, level)
           ~~~~~~~~~~~~~~~~~~~~~~^^^^^^^^^^^^^^^^^^^^^^^^^^^^^^
  File "<frozen importlib._bootstrap>", line 1387, in _gcd_import
  File "<frozen importlib._bootstrap>", line 1360, in _find_and_load
  File "<frozen importlib._bootstrap>", line 1331, in _find_and_load_unlocked
  File "<frozen importlib._bootstrap>", line 935, in _load_unlocked
  File "<frozen importlib._bootstrap_external>", line 1026, in exec_module
  File "<frozen importlib._bootstrap>", line 488, in _call_with_frames_removed
  File "G:\codex\codex_try\CorpusBuilderApp\shared_tools\ui_wrappers\processors\financial_symbol_processor_wrapper.py", line 5, in <module>
    from shared_tools.processors.financial_symbol_processor import FinancialSymbolProcessor
ModuleNotFoundError: No module named 'shared_tools'

FAILED IMPORT: CorpusBuilderApp.shared_tools.ui_wrappers.processors.formula_extractor_wrapper
Traceback (most recent call last):
  File "G:\codex\codex_try\tests\dev\system_backend_audit.py", line 57, in <module>
    imported = importlib.import_module(mod)
  File "C:\Python313\Lib\importlib\__init__.py", line 88, in import_module
    return _bootstrap._gcd_import(name[level:], package, level)
           ~~~~~~~~~~~~~~~~~~~~~~^^^^^^^^^^^^^^^^^^^^^^^^^^^^^^
  File "<frozen importlib._bootstrap>", line 1387, in _gcd_import
  File "<frozen importlib._bootstrap>", line 1360, in _find_and_load
  File "<frozen importlib._bootstrap>", line 1331, in _find_and_load_unlocked
  File "<frozen importlib._bootstrap>", line 935, in _load_unlocked
  File "<frozen importlib._bootstrap_external>", line 1026, in exec_module
  File "<frozen importlib._bootstrap>", line 488, in _call_with_frames_removed
  File "G:\codex\codex_try\CorpusBuilderApp\shared_tools\ui_wrappers\processors\formula_extractor_wrapper.py", line 5, in <module>
    from shared_tools.processors.formula_extractor import FormulaExtractor
ModuleNotFoundError: No module named 'shared_tools'

FAILED IMPORT: CorpusBuilderApp.shared_tools.ui_wrappers.processors.language_confidence_detector_wrapper
Traceback (most recent call last):
  File "G:\codex\codex_try\tests\dev\system_backend_audit.py", line 57, in <module>
    imported = importlib.import_module(mod)
  File "C:\Python313\Lib\importlib\__init__.py", line 88, in import_module
    return _bootstrap._gcd_import(name[level:], package, level)
           ~~~~~~~~~~~~~~~~~~~~~~^^^^^^^^^^^^^^^^^^^^^^^^^^^^^^
  File "<frozen importlib._bootstrap>", line 1387, in _gcd_import
  File "<frozen importlib._bootstrap>", line 1360, in _find_and_load
  File "<frozen importlib._bootstrap>", line 1331, in _find_and_load_unlocked
  File "<frozen importlib._bootstrap>", line 935, in _load_unlocked
  File "<frozen importlib._bootstrap_external>", line 1026, in exec_module
  File "<frozen importlib._bootstrap>", line 488, in _call_with_frames_removed
  File "G:\codex\codex_try\CorpusBuilderApp\shared_tools\ui_wrappers\processors\language_confidence_detector_wrapper.py", line 5, in <module>
    from shared_tools.processors.language_confidence_detector import LanguageConfidenceDetector
ModuleNotFoundError: No module named 'shared_tools'

FAILED IMPORT: CorpusBuilderApp.shared_tools.ui_wrappers.processors.machine_translation_detector_wrapper
Traceback (most recent call last):
  File "G:\codex\codex_try\tests\dev\system_backend_audit.py", line 57, in <module>
    imported = importlib.import_module(mod)
  File "C:\Python313\Lib\importlib\__init__.py", line 88, in import_module
    return _bootstrap._gcd_import(name[level:], package, level)
           ~~~~~~~~~~~~~~~~~~~~~~^^^^^^^^^^^^^^^^^^^^^^^^^^^^^^
  File "<frozen importlib._bootstrap>", line 1387, in _gcd_import
  File "<frozen importlib._bootstrap>", line 1360, in _find_and_load
  File "<frozen importlib._bootstrap>", line 1331, in _find_and_load_unlocked
  File "<frozen importlib._bootstrap>", line 935, in _load_unlocked
  File "<frozen importlib._bootstrap_external>", line 1026, in exec_module
  File "<frozen importlib._bootstrap>", line 488, in _call_with_frames_removed
  File "G:\codex\codex_try\CorpusBuilderApp\shared_tools\ui_wrappers\processors\machine_translation_detector_wrapper.py", line 5, in <module>
    from shared_tools.processors.machine_translation_detector import MachineTranslationDetector
ModuleNotFoundError: No module named 'shared_tools'

FAILED IMPORT: CorpusBuilderApp.shared_tools.ui_wrappers.processors.monitor_progress_wrapper
Traceback (most recent call last):
  File "G:\codex\codex_try\tests\dev\system_backend_audit.py", line 57, in <module>
    imported = importlib.import_module(mod)
  File "C:\Python313\Lib\importlib\__init__.py", line 88, in import_module
    return _bootstrap._gcd_import(name[level:], package, level)
           ~~~~~~~~~~~~~~~~~~~~~~^^^^^^^^^^^^^^^^^^^^^^^^^^^^^^
  File "<frozen importlib._bootstrap>", line 1387, in _gcd_import
  File "<frozen importlib._bootstrap>", line 1360, in _find_and_load
  File "<frozen importlib._bootstrap>", line 1331, in _find_and_load_unlocked
  File "<frozen importlib._bootstrap>", line 935, in _load_unlocked
  File "<frozen importlib._bootstrap_external>", line 1026, in exec_module
  File "<frozen importlib._bootstrap>", line 488, in _call_with_frames_removed
  File "G:\codex\codex_try\CorpusBuilderApp\shared_tools\ui_wrappers\processors\monitor_progress_wrapper.py", line 58, in <module>
    from shared_tools.processors.monitor_progress import MonitorProgress
ModuleNotFoundError: No module named 'shared_tools'

FAILED IMPORT: CorpusBuilderApp.shared_tools.ui_wrappers.processors.text_extractor_wrapper
Traceback (most recent call last):
  File "G:\codex\codex_try\tests\dev\system_backend_audit.py", line 57, in <module>
    imported = importlib.import_module(mod)
  File "C:\Python313\Lib\importlib\__init__.py", line 88, in import_module
    return _bootstrap._gcd_import(name[level:], package, level)
           ~~~~~~~~~~~~~~~~~~~~~~^^^^^^^^^^^^^^^^^^^^^^^^^^^^^^
  File "<frozen importlib._bootstrap>", line 1387, in _gcd_import
  File "<frozen importlib._bootstrap>", line 1360, in _find_and_load
  File "<frozen importlib._bootstrap>", line 1331, in _find_and_load_unlocked
  File "<frozen importlib._bootstrap>", line 935, in _load_unlocked
  File "<frozen importlib._bootstrap_external>", line 1026, in exec_module
  File "<frozen importlib._bootstrap>", line 488, in _call_with_frames_removed
  File "G:\codex\codex_try\CorpusBuilderApp\shared_tools\ui_wrappers\processors\text_extractor_wrapper.py", line 8, in <module>
    from shared_tools.processors.text_extractor import TextExtractor
ModuleNotFoundError: No module named 'shared_tools'

FAILED IMPORT: CorpusBuilderApp.shared_tools.ui_wrappers.processors.base_extractor_wrapper
Traceback (most recent call last):
  File "G:\codex\codex_try\tests\dev\system_backend_audit.py", line 57, in <module>
    imported = importlib.import_module(mod)
  File "C:\Python313\Lib\importlib\__init__.py", line 88, in import_module
    return _bootstrap._gcd_import(name[level:], package, level)
           ~~~~~~~~~~~~~~~~~~~~~~^^^^^^^^^^^^^^^^^^^^^^^^^^^^^^
  File "<frozen importlib._bootstrap>", line 1387, in _gcd_import
  File "<frozen importlib._bootstrap>", line 1360, in _find_and_load
  File "<frozen importlib._bootstrap>", line 1331, in _find_and_load_unlocked
  File "<frozen importlib._bootstrap>", line 935, in _load_unlocked
  File "<frozen importlib._bootstrap_external>", line 1026, in exec_module
  File "<frozen importlib._bootstrap>", line 488, in _call_with_frames_removed
  File "G:\codex\codex_try\CorpusBuilderApp\shared_tools\ui_wrappers\processors\base_extractor_wrapper.py", line 13, in <module>
    from shared_tools.processors.base_extractor import BaseExtractor
ModuleNotFoundError: No module named 'shared_tools'

FAILED IMPORT: CorpusBuilderApp.shared_tools.ui_wrappers.processors.batch_text_extractor_enhanced_prerefactor_wrapper
Traceback (most recent call last):
  File "G:\codex\codex_try\tests\dev\system_backend_audit.py", line 57, in <module>
    imported = importlib.import_module(mod)
  File "C:\Python313\Lib\importlib\__init__.py", line 88, in import_module
    return _bootstrap._gcd_import(name[level:], package, level)
           ~~~~~~~~~~~~~~~~~~~~~~^^^^^^^^^^^^^^^^^^^^^^^^^^^^^^
  File "<frozen importlib._bootstrap>", line 1387, in _gcd_import
  File "<frozen importlib._bootstrap>", line 1360, in _find_and_load
  File "<frozen importlib._bootstrap>", line 1331, in _find_and_load_unlocked
  File "<frozen importlib._bootstrap>", line 935, in _load_unlocked
  File "<frozen importlib._bootstrap_external>", line 1026, in exec_module
  File "<frozen importlib._bootstrap>", line 488, in _call_with_frames_removed
  File "G:\codex\codex_try\CorpusBuilderApp\shared_tools\ui_wrappers\processors\batch_text_extractor_enhanced_prerefactor_wrapper.py", line 14, in <module>
    from shared_tools.processors.batch_text_extractor_enhanced_prerefactor import BatchTextExtractorEnhancedPrerefactor
ModuleNotFoundError: No module named 'shared_tools'

FAILED IMPORT: CorpusBuilderApp.shared_tools.ui_wrappers.processors.corpus_balancer_wrapper
Traceback (most recent call last):
  File "G:\codex\codex_try\tests\dev\system_backend_audit.py", line 57, in <module>
    imported = importlib.import_module(mod)
  File "C:\Python313\Lib\importlib\__init__.py", line 88, in import_module
    return _bootstrap._gcd_import(name[level:], package, level)
           ~~~~~~~~~~~~~~~~~~~~~~^^^^^^^^^^^^^^^^^^^^^^^^^^^^^^
  File "<frozen importlib._bootstrap>", line 1387, in _gcd_import
  File "<frozen importlib._bootstrap>", line 1360, in _find_and_load
  File "<frozen importlib._bootstrap>", line 1331, in _find_and_load_unlocked
  File "<frozen importlib._bootstrap>", line 935, in _load_unlocked
  File "<frozen importlib._bootstrap_external>", line 1026, in exec_module
  File "<frozen importlib._bootstrap>", line 488, in _call_with_frames_removed
  File "G:\codex\codex_try\CorpusBuilderApp\shared_tools\ui_wrappers\processors\corpus_balancer_wrapper.py", line 2, in <module>
    from shared_tools.processors.corpus_balancer import CorpusAnalyzer as CorpusBalancer
ModuleNotFoundError: No module named 'shared_tools'

FAILED IMPORT: CorpusBuilderApp.shared_tools.ui_wrappers.processors.domainsmanager_wrapper
Traceback (most recent call last):
  File "G:\codex\codex_try\tests\dev\system_backend_audit.py", line 57, in <module>
    imported = importlib.import_module(mod)
  File "C:\Python313\Lib\importlib\__init__.py", line 88, in import_module
    return _bootstrap._gcd_import(name[level:], package, level)
           ~~~~~~~~~~~~~~~~~~~~~~^^^^^^^^^^^^^^^^^^^^^^^^^^^^^^
  File "<frozen importlib._bootstrap>", line 1387, in _gcd_import
  File "<frozen importlib._bootstrap>", line 1360, in _find_and_load
  File "<frozen importlib._bootstrap>", line 1331, in _find_and_load_unlocked
  File "<frozen importlib._bootstrap>", line 935, in _load_unlocked
  File "<frozen importlib._bootstrap_external>", line 1026, in exec_module
  File "<frozen importlib._bootstrap>", line 488, in _call_with_frames_removed
  File "G:\codex\codex_try\CorpusBuilderApp\shared_tools\ui_wrappers\processors\domainsmanager_wrapper.py", line 15, in <module>
    from shared_tools.processors.domainsmanager import DomainsManager
ModuleNotFoundError: No module named 'shared_tools'

FAILED IMPORT: CorpusBuilderApp.shared_tools.ui_wrappers.processors.pdf_extractor_wrapper
Traceback (most recent call last):
  File "G:\codex\codex_try\tests\dev\system_backend_audit.py", line 57, in <module>
    imported = importlib.import_module(mod)
  File "C:\Python313\Lib\importlib\__init__.py", line 88, in import_module
    return _bootstrap._gcd_import(name[level:], package, level)
           ~~~~~~~~~~~~~~~~~~~~~~^^^^^^^^^^^^^^^^^^^^^^^^^^^^^^
  File "<frozen importlib._bootstrap>", line 1387, in _gcd_import
  File "<frozen importlib._bootstrap>", line 1360, in _find_and_load
  File "<frozen importlib._bootstrap>", line 1331, in _find_and_load_unlocked
  File "<frozen importlib._bootstrap>", line 935, in _load_unlocked
  File "<frozen importlib._bootstrap_external>", line 1026, in exec_module
  File "<frozen importlib._bootstrap>", line 488, in _call_with_frames_removed
  File "G:\codex\codex_try\CorpusBuilderApp\shared_tools\ui_wrappers\processors\pdf_extractor_wrapper.py", line 3, in <module>
    from shared_tools.processors.pdf_extractor import PDFExtractor
ModuleNotFoundError: No module named 'shared_tools'

FAILED IMPORT: CorpusBuilderApp.shared_tools.ui_wrappers.processors.processor_mixin
Traceback (most recent call last):
  File "G:\codex\codex_try\tests\dev\system_backend_audit.py", line 57, in <module>
    imported = importlib.import_module(mod)
  File "C:\Python313\Lib\importlib\__init__.py", line 88, in import_module
    return _bootstrap._gcd_import(name[level:], package, level)
           ~~~~~~~~~~~~~~~~~~~~~~^^^^^^^^^^^^^^^^^^^^^^^^^^^^^^
  File "<frozen importlib._bootstrap>", line 1387, in _gcd_import
  File "<frozen importlib._bootstrap>", line 1360, in _find_and_load
  File "<frozen importlib._bootstrap>", line 1331, in _find_and_load_unlocked
  File "<frozen importlib._bootstrap>", line 935, in _load_unlocked
  File "<frozen importlib._bootstrap_external>", line 1026, in exec_module
  File "<frozen importlib._bootstrap>", line 488, in _call_with_frames_removed
  File "G:\codex\codex_try\CorpusBuilderApp\shared_tools\ui_wrappers\processors\processor_mixin.py", line 1, in <module>
    from shared_tools.ui_wrappers.base_wrapper import BaseWrapper
ModuleNotFoundError: No module named 'shared_tools'

FAILED IMPORT: CorpusBuilderApp.shared_tools.ui_wrappers.processors.quality_control_wrapper
Traceback (most recent call last):
  File "G:\codex\codex_try\tests\dev\system_backend_audit.py", line 57, in <module>
    imported = importlib.import_module(mod)
  File "C:\Python313\Lib\importlib\__init__.py", line 88, in import_module
    return _bootstrap._gcd_import(name[level:], package, level)
           ~~~~~~~~~~~~~~~~~~~~~~^^^^^^^^^^^^^^^^^^^^^^^^^^^^^^
  File "<frozen importlib._bootstrap>", line 1387, in _gcd_import
  File "<frozen importlib._bootstrap>", line 1360, in _find_and_load
  File "<frozen importlib._bootstrap>", line 1331, in _find_and_load_unlocked
  File "<frozen importlib._bootstrap>", line 935, in _load_unlocked
  File "<frozen importlib._bootstrap_external>", line 1026, in exec_module
  File "<frozen importlib._bootstrap>", line 488, in _call_with_frames_removed
  File "G:\codex\codex_try\CorpusBuilderApp\shared_tools\ui_wrappers\processors\quality_control_wrapper.py", line 5, in <module>
    from shared_tools.processors.quality_control import QualityControl
ModuleNotFoundError: No module named 'shared_tools'

FAILED IMPORT: CorpusBuilderApp.shared_tools.collectors.collect_general_web_corpus
Traceback (most recent call last):
  File "G:\codex\codex_try\tests\dev\system_backend_audit.py", line 57, in <module>
    imported = importlib.import_module(mod)
  File "C:\Python313\Lib\importlib\__init__.py", line 88, in import_module
    return _bootstrap._gcd_import(name[level:], package, level)
           ~~~~~~~~~~~~~~~~~~~~~~^^^^^^^^^^^^^^^^^^^^^^^^^^^^^^
  File "<frozen importlib._bootstrap>", line 1387, in _gcd_import
  File "<frozen importlib._bootstrap>", line 1360, in _find_and_load
  File "<frozen importlib._bootstrap>", line 1331, in _find_and_load_unlocked
  File "<frozen importlib._bootstrap>", line 935, in _load_unlocked
  File "<frozen importlib._bootstrap_external>", line 1026, in exec_module
  File "<frozen importlib._bootstrap>", line 488, in _call_with_frames_removed
  File "G:\codex\codex_try\CorpusBuilderApp\shared_tools\collectors\collect_general_web_corpus.py", line 10, in <module>
    from shared_tools.config.domain_config import DOMAINS
ModuleNotFoundError: No module named 'shared_tools'

IMPORTED: CorpusBuilderApp.shared_tools.collectors.CookieAuthClient
IMPORTED: CorpusBuilderApp.shared_tools.collectors.api_collector
IMPORTED: CorpusBuilderApp.shared_tools.collectors.arxiv_collector
IMPORTED: CorpusBuilderApp.shared_tools.collectors.base_collector
FAILED IMPORT: CorpusBuilderApp.shared_tools.collectors.collect_annas_main_library
Traceback (most recent call last):
  File "G:\codex\codex_try\tests\dev\system_backend_audit.py", line 57, in <module>
    imported = importlib.import_module(mod)
  File "C:\Python313\Lib\importlib\__init__.py", line 88, in import_module
    return _bootstrap._gcd_import(name[level:], package, level)
           ~~~~~~~~~~~~~~~~~~~~~~^^^^^^^^^^^^^^^^^^^^^^^^^^^^^^
  File "<frozen importlib._bootstrap>", line 1387, in _gcd_import
  File "<frozen importlib._bootstrap>", line 1360, in _find_and_load
  File "<frozen importlib._bootstrap>", line 1331, in _find_and_load_unlocked
  File "<frozen importlib._bootstrap>", line 935, in _load_unlocked
  File "<frozen importlib._bootstrap_external>", line 1026, in exec_module
  File "<frozen importlib._bootstrap>", line 488, in _call_with_frames_removed
  File "G:\codex\codex_try\CorpusBuilderApp\shared_tools\collectors\collect_annas_main_library.py", line 12, in <module>
    from shared_tools.utils.domain_utils import get_domain_for_file
ModuleNotFoundError: No module named 'shared_tools'

FAILED IMPORT: CorpusBuilderApp.shared_tools.collectors.collect_bitmex
Traceback (most recent call last):
  File "G:\codex\codex_try\tests\dev\system_backend_audit.py", line 57, in <module>
    imported = importlib.import_module(mod)
  File "C:\Python313\Lib\importlib\__init__.py", line 88, in import_module
    return _bootstrap._gcd_import(name[level:], package, level)
           ~~~~~~~~~~~~~~~~~~~~~~^^^^^^^^^^^^^^^^^^^^^^^^^^^^^^
  File "<frozen importlib._bootstrap>", line 1387, in _gcd_import
  File "<frozen importlib._bootstrap>", line 1360, in _find_and_load
  File "<frozen importlib._bootstrap>", line 1331, in _find_and_load_unlocked
  File "<frozen importlib._bootstrap>", line 935, in _load_unlocked
  File "<frozen importlib._bootstrap_external>", line 1026, in exec_module
  File "<frozen importlib._bootstrap>", line 488, in _call_with_frames_removed
  File "G:\codex\codex_try\CorpusBuilderApp\shared_tools\collectors\collect_bitmex.py", line 11, in <module>
    from shared_tools.utils.domain_utils import get_domain_for_file
ModuleNotFoundError: No module named 'shared_tools'

IMPORTED: CorpusBuilderApp.shared_tools.collectors.collect_isda
FAILED IMPORT: CorpusBuilderApp.shared_tools.collectors.enhanced_client
Traceback (most recent call last):
  File "G:\codex\codex_try\tests\dev\system_backend_audit.py", line 57, in <module>
    imported = importlib.import_module(mod)
  File "C:\Python313\Lib\importlib\__init__.py", line 88, in import_module
    return _bootstrap._gcd_import(name[level:], package, level)
           ~~~~~~~~~~~~~~~~~~~~~~^^^^^^^^^^^^^^^^^^^^^^^^^^^^^^
  File "<frozen importlib._bootstrap>", line 1387, in _gcd_import
  File "<frozen importlib._bootstrap>", line 1360, in _find_and_load
  File "<frozen importlib._bootstrap>", line 1331, in _find_and_load_unlocked
  File "<frozen importlib._bootstrap>", line 935, in _load_unlocked
  File "<frozen importlib._bootstrap_external>", line 1026, in exec_module
  File "<frozen importlib._bootstrap>", line 488, in _call_with_frames_removed
  File "G:\codex\codex_try\CorpusBuilderApp\shared_tools\collectors\enhanced_client.py", line 17, in <module>
    import undetected_chromedriver as uc  # type: ignore
    ^^^^^^^^^^^^^^^^^^^^^^^^^^^^^^^^^^^^
ModuleNotFoundError: No module named 'undetected_chromedriver'

FAILED IMPORT: CorpusBuilderApp.shared_tools.collectors.enhanced_scidb_collector
Traceback (most recent call last):
  File "G:\codex\codex_try\tests\dev\system_backend_audit.py", line 57, in <module>
    imported = importlib.import_module(mod)
  File "C:\Python313\Lib\importlib\__init__.py", line 88, in import_module
    return _bootstrap._gcd_import(name[level:], package, level)
           ~~~~~~~~~~~~~~~~~~~~~~^^^^^^^^^^^^^^^^^^^^^^^^^^^^^^
  File "<frozen importlib._bootstrap>", line 1387, in _gcd_import
  File "<frozen importlib._bootstrap>", line 1360, in _find_and_load
  File "<frozen importlib._bootstrap>", line 1331, in _find_and_load_unlocked
  File "<frozen importlib._bootstrap>", line 935, in _load_unlocked
  File "<frozen importlib._bootstrap_external>", line 1026, in exec_module
  File "<frozen importlib._bootstrap>", line 488, in _call_with_frames_removed
  File "G:\codex\codex_try\CorpusBuilderApp\shared_tools\collectors\enhanced_scidb_collector.py", line 24, in <module>
    from .enhanced_client import CookieAuthClient
  File "G:\codex\codex_try\CorpusBuilderApp\shared_tools\collectors\enhanced_client.py", line 17, in <module>
    import undetected_chromedriver as uc  # type: ignore
    ^^^^^^^^^^^^^^^^^^^^^^^^^^^^^^^^^^^^
ModuleNotFoundError: No module named 'undetected_chromedriver'

FAILED IMPORT: CorpusBuilderApp.shared_tools.collectors.fred_collector
Traceback (most recent call last):
  File "G:\codex\codex_try\tests\dev\system_backend_audit.py", line 57, in <module>
    imported = importlib.import_module(mod)
  File "C:\Python313\Lib\importlib\__init__.py", line 88, in import_module
    return _bootstrap._gcd_import(name[level:], package, level)
           ~~~~~~~~~~~~~~~~~~~~~~^^^^^^^^^^^^^^^^^^^^^^^^^^^^^^
  File "<frozen importlib._bootstrap>", line 1387, in _gcd_import
  File "<frozen importlib._bootstrap>", line 1360, in _find_and_load
  File "<frozen importlib._bootstrap>", line 1331, in _find_and_load_unlocked
  File "<frozen importlib._bootstrap>", line 935, in _load_unlocked
  File "<frozen importlib._bootstrap_external>", line 1026, in exec_module
  File "<frozen importlib._bootstrap>", line 488, in _call_with_frames_removed
  File "G:\codex\codex_try\CorpusBuilderApp\shared_tools\collectors\fred_collector.py", line 7, in <module>
    import pandas as pd
ModuleNotFoundError: No module named 'pandas'

IMPORTED: CorpusBuilderApp.shared_tools.collectors.github_collector
IMPORTED: CorpusBuilderApp.shared_tools.collectors.quantopian_collector
IMPORTED: CorpusBuilderApp.shared_tools.collectors.repo_collector
IMPORTED: CorpusBuilderApp.shared_tools.collectors.web_collector
IMPORTED: CorpusBuilderApp.shared_tools.processors.text_extractor
FAILED IMPORT: CorpusBuilderApp.shared_tools.processors.base_extractor
Traceback (most recent call last):
  File "G:\codex\codex_try\tests\dev\system_backend_audit.py", line 57, in <module>
    imported = importlib.import_module(mod)
  File "C:\Python313\Lib\importlib\__init__.py", line 88, in import_module
    return _bootstrap._gcd_import(name[level:], package, level)
           ~~~~~~~~~~~~~~~~~~~~~~^^^^^^^^^^^^^^^^^^^^^^^^^^^^^^
  File "<frozen importlib._bootstrap>", line 1387, in _gcd_import
  File "<frozen importlib._bootstrap>", line 1360, in _find_and_load
  File "<frozen importlib._bootstrap>", line 1331, in _find_and_load_unlocked
  File "<frozen importlib._bootstrap>", line 935, in _load_unlocked
  File "<frozen importlib._bootstrap_external>", line 1026, in exec_module
  File "<frozen importlib._bootstrap>", line 488, in _call_with_frames_removed
  File "G:\codex\codex_try\CorpusBuilderApp\shared_tools\processors\base_extractor.py", line 22, in <module>
    from .quality_control import QualityControl
  File "G:\codex\codex_try\CorpusBuilderApp\shared_tools\processors\quality_control.py", line 11, in <module>
    from .language_confidence_detector import LanguageConfidenceDetector
  File "G:\codex\codex_try\CorpusBuilderApp\shared_tools\processors\language_confidence_detector.py", line 11, in <module>
    from langdetect import detect_langs, LangDetectException
ModuleNotFoundError: No module named 'langdetect'

IMPORTED: CorpusBuilderApp.shared_tools.processors.domain_classifier
FAILED IMPORT: CorpusBuilderApp.shared_tools.processors.batch_nonpdf_extractor_enhanced
Traceback (most recent call last):
  File "G:\codex\codex_try\tests\dev\system_backend_audit.py", line 57, in <module>
    imported = importlib.import_module(mod)
  File "C:\Python313\Lib\importlib\__init__.py", line 88, in import_module
    return _bootstrap._gcd_import(name[level:], package, level)
           ~~~~~~~~~~~~~~~~~~~~~~^^^^^^^^^^^^^^^^^^^^^^^^^^^^^^
  File "<frozen importlib._bootstrap>", line 1387, in _gcd_import
  File "<frozen importlib._bootstrap>", line 1360, in _find_and_load
  File "<frozen importlib._bootstrap>", line 1331, in _find_and_load_unlocked
  File "<frozen importlib._bootstrap>", line 935, in _load_unlocked
  File "<frozen importlib._bootstrap_external>", line 1026, in exec_module
  File "<frozen importlib._bootstrap>", line 488, in _call_with_frames_removed
  File "G:\codex\codex_try\CorpusBuilderApp\shared_tools\processors\batch_nonpdf_extractor_enhanced.py", line 12, in <module>
    import pandas as pd
ModuleNotFoundError: No module named 'pandas'

FAILED IMPORT: CorpusBuilderApp.shared_tools.processors.corpus_balancer
Traceback (most recent call last):
  File "G:\codex\codex_try\tests\dev\system_backend_audit.py", line 57, in <module>
    imported = importlib.import_module(mod)
  File "C:\Python313\Lib\importlib\__init__.py", line 88, in import_module
    return _bootstrap._gcd_import(name[level:], package, level)
           ~~~~~~~~~~~~~~~~~~~~~~^^^^^^^^^^^^^^^^^^^^^^^^^^^^^^
  File "<frozen importlib._bootstrap>", line 1387, in _gcd_import
  File "<frozen importlib._bootstrap>", line 1360, in _find_and_load
  File "<frozen importlib._bootstrap>", line 1331, in _find_and_load_unlocked
  File "<frozen importlib._bootstrap>", line 935, in _load_unlocked
  File "<frozen importlib._bootstrap_external>", line 1026, in exec_module
  File "<frozen importlib._bootstrap>", line 488, in _call_with_frames_removed
  File "G:\codex\codex_try\CorpusBuilderApp\shared_tools\processors\corpus_balancer.py", line 9, in <module>
    import pandas as pd
ModuleNotFoundError: No module named 'pandas'

IMPORTED: CorpusBuilderApp.shared_tools.processors.deduplicate_nonpdf_outputs
IMPORTED: CorpusBuilderApp.shared_tools.processors.domainsmanager
IMPORTED: CorpusBuilderApp.shared_tools.processors.generate_title_cache
FAILED IMPORT: CorpusBuilderApp.shared_tools.processors.language_confidence_detector
Traceback (most recent call last):
  File "G:\codex\codex_try\tests\dev\system_backend_audit.py", line 57, in <module>
    imported = importlib.import_module(mod)
  File "C:\Python313\Lib\importlib\__init__.py", line 88, in import_module
    return _bootstrap._gcd_import(name[level:], package, level)
           ~~~~~~~~~~~~~~~~~~~~~~^^^^^^^^^^^^^^^^^^^^^^^^^^^^^^
  File "<frozen importlib._bootstrap>", line 1387, in _gcd_import
  File "<frozen importlib._bootstrap>", line 1360, in _find_and_load
  File "<frozen importlib._bootstrap>", line 1331, in _find_and_load_unlocked
  File "<frozen importlib._bootstrap>", line 935, in _load_unlocked
  File "<frozen importlib._bootstrap_external>", line 1026, in exec_module
  File "<frozen importlib._bootstrap>", line 488, in _call_with_frames_removed
  File "G:\codex\codex_try\CorpusBuilderApp\shared_tools\processors\language_confidence_detector.py", line 11, in <module>
    from langdetect import detect_langs, LangDetectException
ModuleNotFoundError: No module named 'langdetect'

IMPORTED: CorpusBuilderApp.shared_tools.processors.machine_translation_detector
FAILED IMPORT: CorpusBuilderApp.shared_tools.processors.monitor_progress
Traceback (most recent call last):
  File "G:\codex\codex_try\tests\dev\system_backend_audit.py", line 57, in <module>
    imported = importlib.import_module(mod)
  File "C:\Python313\Lib\importlib\__init__.py", line 88, in import_module
    return _bootstrap._gcd_import(name[level:], package, level)
           ~~~~~~~~~~~~~~~~~~~~~~^^^^^^^^^^^^^^^^^^^^^^^^^^^^^^
  File "<frozen importlib._bootstrap>", line 1387, in _gcd_import
  File "<frozen importlib._bootstrap>", line 1360, in _find_and_load
  File "<frozen importlib._bootstrap>", line 1331, in _find_and_load_unlocked
  File "<frozen importlib._bootstrap>", line 935, in _load_unlocked
  File "<frozen importlib._bootstrap_external>", line 1026, in exec_module
  File "<frozen importlib._bootstrap>", line 488, in _call_with_frames_removed
  File "G:\codex\codex_try\CorpusBuilderApp\shared_tools\processors\monitor_progress.py", line 13, in <module>
    import pandas as pd
ModuleNotFoundError: No module named 'pandas'

FAILED IMPORT: CorpusBuilderApp.shared_tools.processors.pdf_extractor
Traceback (most recent call last):
  File "G:\codex\codex_try\tests\dev\system_backend_audit.py", line 57, in <module>
    imported = importlib.import_module(mod)
  File "C:\Python313\Lib\importlib\__init__.py", line 88, in import_module
    return _bootstrap._gcd_import(name[level:], package, level)
           ~~~~~~~~~~~~~~~~~~~~~~^^^^^^^^^^^^^^^^^^^^^^^^^^^^^^
  File "<frozen importlib._bootstrap>", line 1387, in _gcd_import
  File "<frozen importlib._bootstrap>", line 1360, in _find_and_load
  File "<frozen importlib._bootstrap>", line 1331, in _find_and_load_unlocked
  File "<frozen importlib._bootstrap>", line 935, in _load_unlocked
  File "<frozen importlib._bootstrap_external>", line 1026, in exec_module
  File "<frozen importlib._bootstrap>", line 488, in _call_with_frames_removed
  File "G:\codex\codex_try\CorpusBuilderApp\shared_tools\processors\pdf_extractor.py", line 5, in <module>
    import PyPDF2
ModuleNotFoundError: No module named 'PyPDF2'

FAILED IMPORT: CorpusBuilderApp.shared_tools.processors.quality_control
Traceback (most recent call last):
  File "G:\codex\codex_try\tests\dev\system_backend_audit.py", line 57, in <module>
    imported = importlib.import_module(mod)
  File "C:\Python313\Lib\importlib\__init__.py", line 88, in import_module
    return _bootstrap._gcd_import(name[level:], package, level)
           ~~~~~~~~~~~~~~~~~~~~~~^^^^^^^^^^^^^^^^^^^^^^^^^^^^^^
  File "<frozen importlib._bootstrap>", line 1387, in _gcd_import
  File "<frozen importlib._bootstrap>", line 1360, in _find_and_load
  File "<frozen importlib._bootstrap>", line 1331, in _find_and_load_unlocked
  File "<frozen importlib._bootstrap>", line 935, in _load_unlocked
  File "<frozen importlib._bootstrap_external>", line 1026, in exec_module
  File "<frozen importlib._bootstrap>", line 488, in _call_with_frames_removed
  File "G:\codex\codex_try\CorpusBuilderApp\shared_tools\processors\quality_control.py", line 11, in <module>
    from .language_confidence_detector import LanguageConfidenceDetector
  File "G:\codex\codex_try\CorpusBuilderApp\shared_tools\processors\language_confidence_detector.py", line 11, in <module>
    from langdetect import detect_langs, LangDetectException
ModuleNotFoundError: No module named 'langdetect'

FAILED IMPORT: CorpusBuilderApp.shared_tools.processors.batch_text_extractor_enhanced_prerefactor
Traceback (most recent call last):
  File "G:\codex\codex_try\tests\dev\system_backend_audit.py", line 57, in <module>
    imported = importlib.import_module(mod)
  File "C:\Python313\Lib\importlib\__init__.py", line 88, in import_module
    return _bootstrap._gcd_import(name[level:], package, level)
           ~~~~~~~~~~~~~~~~~~~~~~^^^^^^^^^^^^^^^^^^^^^^^^^^^^^^
  File "<frozen importlib._bootstrap>", line 1387, in _gcd_import
  File "<frozen importlib._bootstrap>", line 1360, in _find_and_load
  File "<frozen importlib._bootstrap>", line 1331, in _find_and_load_unlocked
  File "<frozen importlib._bootstrap>", line 935, in _load_unlocked
  File "<frozen importlib._bootstrap_external>", line 1026, in exec_module
  File "<frozen importlib._bootstrap>", line 488, in _call_with_frames_removed
  File "G:\codex\codex_try\CorpusBuilderApp\shared_tools\processors\batch_text_extractor_enhanced_prerefactor.py", line 152, in <module>
    import PyPDF2
ModuleNotFoundError: No module named 'PyPDF2'

FAILED IMPORT: CorpusBuilderApp.shared_tools.processors.chart_image_extractor
Traceback (most recent call last):
  File "G:\codex\codex_try\tests\dev\system_backend_audit.py", line 57, in <module>
    imported = importlib.import_module(mod)
  File "C:\Python313\Lib\importlib\__init__.py", line 88, in import_module
    return _bootstrap._gcd_import(name[level:], package, level)
           ~~~~~~~~~~~~~~~~~~~~~~^^^^^^^^^^^^^^^^^^^^^^^^^^^^^^
  File "<frozen importlib._bootstrap>", line 1387, in _gcd_import
  File "<frozen importlib._bootstrap>", line 1360, in _find_and_load
  File "<frozen importlib._bootstrap>", line 1331, in _find_and_load_unlocked
  File "<frozen importlib._bootstrap>", line 935, in _load_unlocked
  File "<frozen importlib._bootstrap_external>", line 1026, in exec_module
  File "<frozen importlib._bootstrap>", line 488, in _call_with_frames_removed
  File "G:\codex\codex_try\CorpusBuilderApp\shared_tools\processors\chart_image_extractor.py", line 9, in <module>
    import fitz  # PyMuPDF
    ^^^^^^^^^^^
ModuleNotFoundError: No module named 'fitz'

IMPORTED: CorpusBuilderApp.shared_tools.processors.corruption_detector
IMPORTED: CorpusBuilderApp.shared_tools.processors.deduplicator
FAILED IMPORT: CorpusBuilderApp.shared_tools.processors.financial_symbol_processor
Traceback (most recent call last):
  File "G:\codex\codex_try\tests\dev\system_backend_audit.py", line 57, in <module>
    imported = importlib.import_module(mod)
  File "C:\Python313\Lib\importlib\__init__.py", line 88, in import_module
    return _bootstrap._gcd_import(name[level:], package, level)
           ~~~~~~~~~~~~~~~~~~~~~~^^^^^^^^^^^^^^^^^^^^^^^^^^^^^^
  File "<frozen importlib._bootstrap>", line 1387, in _gcd_import
  File "<frozen importlib._bootstrap>", line 1360, in _find_and_load
  File "<frozen importlib._bootstrap>", line 1331, in _find_and_load_unlocked
  File "<frozen importlib._bootstrap>", line 935, in _load_unlocked
  File "<frozen importlib._bootstrap_external>", line 1026, in exec_module
  File "<frozen importlib._bootstrap>", line 488, in _call_with_frames_removed
  File "G:\codex\codex_try\CorpusBuilderApp\shared_tools\processors\financial_symbol_processor.py", line 14, in <module>
    from .formula_extractor import FormulaExtractor
  File "G:\codex\codex_try\CorpusBuilderApp\shared_tools\processors\formula_extractor.py", line 9, in <module>
    import fitz  # PyMuPDF
    ^^^^^^^^^^^
ModuleNotFoundError: No module named 'fitz'

FAILED IMPORT: CorpusBuilderApp.shared_tools.processors.formula_extractor
Traceback (most recent call last):
  File "G:\codex\codex_try\tests\dev\system_backend_audit.py", line 57, in <module>
    imported = importlib.import_module(mod)
  File "C:\Python313\Lib\importlib\__init__.py", line 88, in import_module
    return _bootstrap._gcd_import(name[level:], package, level)
           ~~~~~~~~~~~~~~~~~~~~~~^^^^^^^^^^^^^^^^^^^^^^^^^^^^^^
  File "<frozen importlib._bootstrap>", line 1387, in _gcd_import
  File "<frozen importlib._bootstrap>", line 1360, in _find_and_load
  File "<frozen importlib._bootstrap>", line 1331, in _find_and_load_unlocked
  File "<frozen importlib._bootstrap>", line 935, in _load_unlocked
  File "<frozen importlib._bootstrap_external>", line 1026, in exec_module
  File "<frozen importlib._bootstrap>", line 488, in _call_with_frames_removed
  File "G:\codex\codex_try\CorpusBuilderApp\shared_tools\processors\formula_extractor.py", line 9, in <module>
    import fitz  # PyMuPDF
    ^^^^^^^^^^^
ModuleNotFoundError: No module named 'fitz'

FAILED IMPORT: CorpusBuilderApp.shared_tools.processors.mixins.table_mixin
Traceback (most recent call last):
  File "G:\codex\codex_try\tests\dev\system_backend_audit.py", line 57, in <module>
    imported = importlib.import_module(mod)
  File "C:\Python313\Lib\importlib\__init__.py", line 88, in import_module
    return _bootstrap._gcd_import(name[level:], package, level)
           ~~~~~~~~~~~~~~~~~~~~~~^^^^^^^^^^^^^^^^^^^^^^^^^^^^^^
  File "<frozen importlib._bootstrap>", line 1387, in _gcd_import
  File "<frozen importlib._bootstrap>", line 1360, in _find_and_load
  File "<frozen importlib._bootstrap>", line 1331, in _find_and_load_unlocked
  File "<frozen importlib._bootstrap>", line 935, in _load_unlocked
  File "<frozen importlib._bootstrap_external>", line 1026, in exec_module
  File "<frozen importlib._bootstrap>", line 488, in _call_with_frames_removed
  File "G:\codex\codex_try\CorpusBuilderApp\shared_tools\processors\mixins\table_mixin.py", line 2, in <module>
    import camelot
ModuleNotFoundError: No module named 'camelot'

IMPORTED: CorpusBuilderApp.shared_tools.processors.mixins.formula_mixin
IMPORTED: CorpusBuilderApp.shared_tools.processors.mixins.processor_wrapper_mixin
FAILED IMPORT: CorpusBuilderApp.shared_tools.utils.config_sync
Traceback (most recent call last):
  File "G:\codex\codex_try\tests\dev\system_backend_audit.py", line 57, in <module>
    imported = importlib.import_module(mod)
  File "C:\Python313\Lib\importlib\__init__.py", line 88, in import_module
    return _bootstrap._gcd_import(name[level:], package, level)
           ~~~~~~~~~~~~~~~~~~~~~~^^^^^^^^^^^^^^^^^^^^^^^^^^^^^^
  File "<frozen importlib._bootstrap>", line 1387, in _gcd_import
  File "<frozen importlib._bootstrap>", line 1360, in _find_and_load
  File "<frozen importlib._bootstrap>", line 1331, in _find_and_load_unlocked
  File "<frozen importlib._bootstrap>", line 935, in _load_unlocked
  File "<frozen importlib._bootstrap_external>", line 1026, in exec_module
  File "<frozen importlib._bootstrap>", line 488, in _call_with_frames_removed
  File "G:\codex\codex_try\CorpusBuilderApp\shared_tools\utils\config_sync.py", line 10, in <module>
    from shared_tools.config import balancer_config, domain_config
ImportError: cannot import name 'balancer_config' from 'shared_tools.config' (G:\codex\codex_try\CorpusBuilderApp\shared_tools\config\__init__.py)

FAILED IMPORT: CorpusBuilderApp.shared_tools.utils.config_validator
Traceback (most recent call last):
  File "G:\codex\codex_try\CorpusBuilderApp\shared_tools\utils\config_validator.py", line 15, in <module>
    from shared_tools.config import balancer_config, domain_config
ImportError: cannot import name 'balancer_config' from 'shared_tools.config' (G:\codex\codex_try\CorpusBuilderApp\shared_tools\config\__init__.py)

During handling of the above exception, another exception occurred:

Traceback (most recent call last):
  File "G:\codex\codex_try\tests\dev\system_backend_audit.py", line 57, in <module>
    imported = importlib.import_module(mod)
  File "C:\Python313\Lib\importlib\__init__.py", line 88, in import_module
    return _bootstrap._gcd_import(name[level:], package, level)
           ~~~~~~~~~~~~~~~~~~~~~~^^^^^^^^^^^^^^^^^^^^^^^^^^^^^^
  File "<frozen importlib._bootstrap>", line 1387, in _gcd_import
  File "<frozen importlib._bootstrap>", line 1360, in _find_and_load
  File "<frozen importlib._bootstrap>", line 1331, in _find_and_load_unlocked
  File "<frozen importlib._bootstrap>", line 935, in _load_unlocked
  File "<frozen importlib._bootstrap_external>", line 1026, in exec_module
  File "<frozen importlib._bootstrap>", line 488, in _call_with_frames_removed
  File "G:\codex\codex_try\CorpusBuilderApp\shared_tools\utils\config_validator.py", line 21, in <module>
    import balancer_config, domain_config
ModuleNotFoundError: No module named 'balancer_config'

IMPORTED: CorpusBuilderApp.shared_tools.utils.domain_utils
IMPORTED: CorpusBuilderApp.shared_tools.utils.extractor_utils
IMPORTED: CorpusBuilderApp.shared_tools.utils.generate_corpus_report
IMPORTED: CorpusBuilderApp.shared_tools.utils.log_file_parser
IMPORTED: CorpusBuilderApp.shared_tools.utils.metadata_normalizer
IMPORTED: CorpusBuilderApp.shared_tools.utils.metadata_validator
FAILED IMPORT: CorpusBuilderApp.shared_tools.utils.pdf_safe_open
Traceback (most recent call last):
  File "G:\codex\codex_try\tests\dev\system_backend_audit.py", line 57, in <module>
    imported = importlib.import_module(mod)
  File "C:\Python313\Lib\importlib\__init__.py", line 88, in import_module
    return _bootstrap._gcd_import(name[level:], package, level)
           ~~~~~~~~~~~~~~~~~~~~~~^^^^^^^^^^^^^^^^^^^^^^^^^^^^^^
  File "<frozen importlib._bootstrap>", line 1387, in _gcd_import
  File "<frozen importlib._bootstrap>", line 1360, in _find_and_load
  File "<frozen importlib._bootstrap>", line 1331, in _find_and_load_unlocked
  File "<frozen importlib._bootstrap>", line 935, in _load_unlocked
  File "<frozen importlib._bootstrap_external>", line 1026, in exec_module
  File "<frozen importlib._bootstrap>", line 488, in _call_with_frames_removed
  File "G:\codex\codex_try\CorpusBuilderApp\shared_tools\utils\pdf_safe_open.py", line 7, in <module>
    import fitz  # PyMuPDF
    ^^^^^^^^^^^
ModuleNotFoundError: No module named 'fitz'

IMPORTED: CorpusBuilderApp.shared_tools.config.domain_config
IMPORTED: CorpusBuilderApp.shared_tools.models.quality_config
IMPORTED: CorpusBuilderApp.shared_tools.storage.corpus_manager
IMPORTED: CorpusBuilderApp.shared_tools.services.activity_log_service
FAILED IMPORT: CorpusBuilderApp.shared_tools.services.auto_balance_service
Traceback (most recent call last):
  File "G:\codex\codex_try\tests\dev\system_backend_audit.py", line 57, in <module>
    imported = importlib.import_module(mod)
  File "C:\Python313\Lib\importlib\__init__.py", line 88, in import_module
    return _bootstrap._gcd_import(name[level:], package, level)
           ~~~~~~~~~~~~~~~~~~~~~~^^^^^^^^^^^^^^^^^^^^^^^^^^^^^^
  File "<frozen importlib._bootstrap>", line 1387, in _gcd_import
  File "<frozen importlib._bootstrap>", line 1360, in _find_and_load
  File "<frozen importlib._bootstrap>", line 1331, in _find_and_load_unlocked
  File "<frozen importlib._bootstrap>", line 935, in _load_unlocked
  File "<frozen importlib._bootstrap_external>", line 1026, in exec_module
  File "<frozen importlib._bootstrap>", line 488, in _call_with_frames_removed
  File "G:\codex\codex_try\CorpusBuilderApp\shared_tools\services\auto_balance_service.py", line 9, in <module>
    from shared_tools.ui_wrappers.processors.corpus_balancer_wrapper import CorpusBalancerWrapper
  File "G:\codex\codex_try\CorpusBuilderApp\shared_tools\ui_wrappers\processors\corpus_balancer_wrapper.py", line 2, in <module>
    from shared_tools.processors.corpus_balancer import CorpusAnalyzer as CorpusBalancer
  File "G:\codex\codex_try\CorpusBuilderApp\shared_tools\processors\corpus_balancer.py", line 9, in <module>
    import pandas as pd
ModuleNotFoundError: No module named 'pandas'

IMPORTED: CorpusBuilderApp.shared_tools.services.corpus_stats_service
IMPORTED: CorpusBuilderApp.shared_tools.services.corpus_validator_service
IMPORTED: CorpusBuilderApp.shared_tools.services.dependency_update_service
IMPORTED: CorpusBuilderApp.shared_tools.services.system_monitor
IMPORTED: CorpusBuilderApp.shared_tools.services.task_history_service
IMPORTED: CorpusBuilderApp.shared_tools.services.task_queue_manager
IMPORTED: CorpusBuilderApp.shared_tools.services.domain_config
IMPORTED: CorpusBuilderApp.shared_tools.services.tab_audit_service
IMPORTED: CorpusBuilderApp.shared_tools.ui_helpers.theme_manager
FAILED IMPORT: CorpusBuilderApp.app.main
Traceback (most recent call last):
  File "G:\codex\codex_try\tests\dev\system_backend_audit.py", line 57, in <module>
    imported = importlib.import_module(mod)
  File "C:\Python313\Lib\importlib\__init__.py", line 88, in import_module
    return _bootstrap._gcd_import(name[level:], package, level)
           ~~~~~~~~~~~~~~~~~~~~~~^^^^^^^^^^^^^^^^^^^^^^^^^^^^^^
  File "<frozen importlib._bootstrap>", line 1387, in _gcd_import
  File "<frozen importlib._bootstrap>", line 1360, in _find_and_load
  File "<frozen importlib._bootstrap>", line 1331, in _find_and_load_unlocked
  File "<frozen importlib._bootstrap>", line 935, in _load_unlocked
  File "<frozen importlib._bootstrap_external>", line 1026, in exec_module
  File "<frozen importlib._bootstrap>", line 488, in _call_with_frames_removed
  File "G:\codex\codex_try\CorpusBuilderApp\app\main.py", line 19, in <module>
    import qdarktheme
ModuleNotFoundError: No module named 'qdarktheme'

FAILED IMPORT: CorpusBuilderApp.app.main_window
Traceback (most recent call last):
  File "G:\codex\codex_try\tests\dev\system_backend_audit.py", line 57, in <module>
    imported = importlib.import_module(mod)
  File "C:\Python313\Lib\importlib\__init__.py", line 88, in import_module
    return _bootstrap._gcd_import(name[level:], package, level)
           ~~~~~~~~~~~~~~~~~~~~~~^^^^^^^^^^^^^^^^^^^^^^^^^^^^^^
  File "<frozen importlib._bootstrap>", line 1387, in _gcd_import
  File "<frozen importlib._bootstrap>", line 1360, in _find_and_load
  File "<frozen importlib._bootstrap>", line 1331, in _find_and_load_unlocked
  File "<frozen importlib._bootstrap>", line 935, in _load_unlocked
  File "<frozen importlib._bootstrap_external>", line 1026, in exec_module
  File "<frozen importlib._bootstrap>", line 488, in _call_with_frames_removed
  File "G:\codex\codex_try\CorpusBuilderApp\app\main_window.py", line 28, in <module>
    from ui.tabs.dashboard_tab import DashboardTab
ModuleNotFoundError: No module named 'ui'

IMPORTED: CorpusBuilderApp.app.ui.tabs.maintenance_tab
IMPORTED: CorpusBuilderApp.app.ui.tabs.analytics_tab
FAILED IMPORT: CorpusBuilderApp.app.ui.tabs.balancer_tab
Traceback (most recent call last):
  File "G:\codex\codex_try\tests\dev\system_backend_audit.py", line 57, in <module>
    imported = importlib.import_module(mod)
  File "C:\Python313\Lib\importlib\__init__.py", line 88, in import_module
    return _bootstrap._gcd_import(name[level:], package, level)
           ~~~~~~~~~~~~~~~~~~~~~~^^^^^^^^^^^^^^^^^^^^^^^^^^^^^^
  File "<frozen importlib._bootstrap>", line 1387, in _gcd_import
  File "<frozen importlib._bootstrap>", line 1360, in _find_and_load
  File "<frozen importlib._bootstrap>", line 1331, in _find_and_load_unlocked
  File "<frozen importlib._bootstrap>", line 935, in _load_unlocked
  File "<frozen importlib._bootstrap_external>", line 1026, in exec_module
  File "<frozen importlib._bootstrap>", line 488, in _call_with_frames_removed
  File "G:\codex\codex_try\CorpusBuilderApp\app\ui\tabs\balancer_tab.py", line 15, in <module>
    from shared_tools.ui_wrappers.processors.corpus_balancer_wrapper import CorpusBalancerWrapper
  File "G:\codex\codex_try\CorpusBuilderApp\shared_tools\ui_wrappers\processors\corpus_balancer_wrapper.py", line 2, in <module>
    from shared_tools.processors.corpus_balancer import CorpusAnalyzer as CorpusBalancer
  File "G:\codex\codex_try\CorpusBuilderApp\shared_tools\processors\corpus_balancer.py", line 9, in <module>
    import pandas as pd
ModuleNotFoundError: No module named 'pandas'

IMPORTED: CorpusBuilderApp.app.ui.tabs.corpus_manager_tab
IMPORTED: CorpusBuilderApp.app.ui.tabs.dashboard_tab
IMPORTED: CorpusBuilderApp.app.ui.tabs.full_activity_tab
IMPORTED: CorpusBuilderApp.app.ui.tabs.logs_tab
FAILED IMPORT: CorpusBuilderApp.app.ui.tabs.collectors_tab
Traceback (most recent call last):
  File "G:\codex\codex_try\tests\dev\system_backend_audit.py", line 57, in <module>
    imported = importlib.import_module(mod)
  File "C:\Python313\Lib\importlib\__init__.py", line 88, in import_module
    return _bootstrap._gcd_import(name[level:], package, level)
           ~~~~~~~~~~~~~~~~~~~~~~^^^^^^^^^^^^^^^^^^^^^^^^^^^^^^
  File "<frozen importlib._bootstrap>", line 1387, in _gcd_import
  File "<frozen importlib._bootstrap>", line 1360, in _find_and_load
  File "<frozen importlib._bootstrap>", line 1331, in _find_and_load_unlocked
  File "<frozen importlib._bootstrap>", line 935, in _load_unlocked
  File "<frozen importlib._bootstrap_external>", line 1026, in exec_module
  File "<frozen importlib._bootstrap>", line 488, in _call_with_frames_removed
  File "G:\codex\codex_try\CorpusBuilderApp\app\ui\tabs\collectors_tab.py", line 20, in <module>
    from shared_tools.ui_wrappers.collectors.fred_wrapper import FREDWrapper
  File "G:\codex\codex_try\CorpusBuilderApp\shared_tools\ui_wrappers\collectors\fred_wrapper.py", line 3, in <module>
    from shared_tools.collectors.fred_collector import FREDCollector
  File "G:\codex\codex_try\CorpusBuilderApp\shared_tools\collectors\fred_collector.py", line 7, in <module>
    import pandas as pd
ModuleNotFoundError: No module named 'pandas'

FAILED IMPORT: CorpusBuilderApp.app.ui.tabs.monitoring_tab
Traceback (most recent call last):
  File "G:\codex\codex_try\tests\dev\system_backend_audit.py", line 57, in <module>
    imported = importlib.import_module(mod)
  File "C:\Python313\Lib\importlib\__init__.py", line 88, in import_module
    return _bootstrap._gcd_import(name[level:], package, level)
           ~~~~~~~~~~~~~~~~~~~~~~^^^^^^^^^^^^^^^^^^^^^^^^^^^^^^
  File "<frozen importlib._bootstrap>", line 1387, in _gcd_import
  File "<frozen importlib._bootstrap>", line 1360, in _find_and_load
  File "<frozen importlib._bootstrap>", line 1331, in _find_and_load_unlocked
  File "<frozen importlib._bootstrap>", line 935, in _load_unlocked
  File "<frozen importlib._bootstrap_external>", line 1026, in exec_module
  File "<frozen importlib._bootstrap>", line 488, in _call_with_frames_removed
  File "G:\codex\codex_try\CorpusBuilderApp\app\ui\tabs\monitoring_tab.py", line 5, in <module>
    from shared_tools.ui_wrappers.processors.monitor_progress_wrapper import MonitorProgressWrapper
  File "G:\codex\codex_try\CorpusBuilderApp\shared_tools\ui_wrappers\processors\monitor_progress_wrapper.py", line 58, in <module>
    from shared_tools.processors.monitor_progress import MonitorProgress
  File "G:\codex\codex_try\CorpusBuilderApp\shared_tools\processors\monitor_progress.py", line 13, in <module>
    import pandas as pd
ModuleNotFoundError: No module named 'pandas'

FAILED IMPORT: CorpusBuilderApp.app.ui.tabs.configuration_tab
Traceback (most recent call last):
  File "G:\codex\codex_try\tests\dev\system_backend_audit.py", line 57, in <module>
    imported = importlib.import_module(mod)
  File "C:\Python313\Lib\importlib\__init__.py", line 88, in import_module
    return _bootstrap._gcd_import(name[level:], package, level)
           ~~~~~~~~~~~~~~~~~~~~~~^^^^^^^^^^^^^^^^^^^^^^^^^^^^^^
  File "<frozen importlib._bootstrap>", line 1387, in _gcd_import
  File "<frozen importlib._bootstrap>", line 1360, in _find_and_load
  File "<frozen importlib._bootstrap>", line 1331, in _find_and_load_unlocked
  File "<frozen importlib._bootstrap>", line 935, in _load_unlocked
  File "<frozen importlib._bootstrap_external>", line 1026, in exec_module
  File "<frozen importlib._bootstrap>", line 488, in _call_with_frames_removed
  File "G:\codex\codex_try\CorpusBuilderApp\app\ui\tabs\configuration_tab.py", line 27, in <module>
    from app.helpers.crypto_utils import encrypt_value, decrypt_value
  File "G:\codex\codex_try\CorpusBuilderApp\app\helpers\crypto_utils.py", line 1, in <module>
    import keyring
ModuleNotFoundError: No module named 'keyring'

FAILED IMPORT: CorpusBuilderApp.app.ui.tabs.processors_tab
Traceback (most recent call last):
  File "G:\codex\codex_try\tests\dev\system_backend_audit.py", line 57, in <module>
    imported = importlib.import_module(mod)
  File "C:\Python313\Lib\importlib\__init__.py", line 88, in import_module
    return _bootstrap._gcd_import(name[level:], package, level)
           ~~~~~~~~~~~~~~~~~~~~~~^^^^^^^^^^^^^^^^^^^^^^^^^^^^^^
  File "<frozen importlib._bootstrap>", line 1387, in _gcd_import
  File "<frozen importlib._bootstrap>", line 1360, in _find_and_load
  File "<frozen importlib._bootstrap>", line 1331, in _find_and_load_unlocked
  File "<frozen importlib._bootstrap>", line 935, in _load_unlocked
  File "<frozen importlib._bootstrap_external>", line 1026, in exec_module
  File "<frozen importlib._bootstrap>", line 488, in _call_with_frames_removed
  File "G:\codex\codex_try\CorpusBuilderApp\app\ui\tabs\processors_tab.py", line 23, in <module>
    from shared_tools.ui_wrappers.processors.batch_nonpdf_extractor_enhanced_wrapper import BatchNonPDFExtractorWrapper
  File "G:\codex\codex_try\CorpusBuilderApp\shared_tools\ui_wrappers\processors\batch_nonpdf_extractor_enhanced_wrapper.py", line 11, in <module>
    from shared_tools.processors.batch_nonpdf_extractor_enhanced import BatchNonPDFExtractorEnhanced
  File "G:\codex\codex_try\CorpusBuilderApp\shared_tools\processors\batch_nonpdf_extractor_enhanced.py", line 12, in <module>
    import pandas as pd
ModuleNotFoundError: No module named 'pandas'

IMPORTED: CorpusBuilderApp.app.ui.widgets.corpus_statistics
IMPORTED: CorpusBuilderApp.app.ui.widgets.metadata_viewer
IMPORTED: CorpusBuilderApp.app.ui.widgets.activity_log
IMPORTED: CorpusBuilderApp.app.ui.widgets.log_viewer
IMPORTED: CorpusBuilderApp.app.ui.widgets.card_wrapper
IMPORTED: CorpusBuilderApp.app.ui.widgets.section_header
IMPORTED: CorpusBuilderApp.app.ui.widgets.status_dot
IMPORTED: CorpusBuilderApp.app.ui.widgets.collector_card
IMPORTED: CorpusBuilderApp.app.ui.widgets.active_operations
IMPORTED: CorpusBuilderApp.app.ui.widgets.file_browser
IMPORTED: CorpusBuilderApp.app.ui.widgets.recent_activity
IMPORTED: CorpusBuilderApp.app.ui.dialogs.error_dialog
IMPORTED: CorpusBuilderApp.app.ui.dialogs.api_key_dialog
IMPORTED: CorpusBuilderApp.app.ui.dialogs.collector_config_dialog
IMPORTED: CorpusBuilderApp.app.ui.dialogs.settings_dialog
IMPORTED: CorpusBuilderApp.app.ui.theme.theme_constants
FAILED IMPORT: CorpusBuilderApp.app.ui.theme.theme_manager
Traceback (most recent call last):
  File "G:\codex\codex_try\tests\dev\system_backend_audit.py", line 57, in <module>
    imported = importlib.import_module(mod)
  File "C:\Python313\Lib\importlib\__init__.py", line 88, in import_module
    return _bootstrap._gcd_import(name[level:], package, level)
           ~~~~~~~~~~~~~~~~~~~~~~^^^^^^^^^^^^^^^^^^^^^^^^^^^^^^
  File "<frozen importlib._bootstrap>", line 1387, in _gcd_import
  File "<frozen importlib._bootstrap>", line 1360, in _find_and_load
  File "<frozen importlib._bootstrap>", line 1331, in _find_and_load_unlocked
  File "<frozen importlib._bootstrap>", line 935, in _load_unlocked
  File "<frozen importlib._bootstrap_external>", line 1022, in exec_module
  File "<frozen importlib._bootstrap_external>", line 1160, in get_code
  File "<frozen importlib._bootstrap_external>", line 1090, in source_to_code
  File "<frozen importlib._bootstrap>", line 488, in _call_with_frames_removed
  File "G:\codex\codex_try\CorpusBuilderApp\app\ui\theme\theme_manager.py", line 3
    def load_theme(...):
                   ^^^
SyntaxError: invalid syntax

IMPORTED: CorpusBuilderApp.app.ui.utils.ui_helpers
IMPORTED: CorpusBuilderApp.app.helpers.notifier
IMPORTED: CorpusBuilderApp.app.helpers.icon_manager
IMPORTED: CorpusBuilderApp.app.helpers.chart_manager
FAILED IMPORT: CorpusBuilderApp.app.helpers.crypto_utils
Traceback (most recent call last):
  File "G:\codex\codex_try\tests\dev\system_backend_audit.py", line 57, in <module>
    imported = importlib.import_module(mod)
  File "C:\Python313\Lib\importlib\__init__.py", line 88, in import_module
    return _bootstrap._gcd_import(name[level:], package, level)
           ~~~~~~~~~~~~~~~~~~~~~~^^^^^^^^^^^^^^^^^^^^^^^^^^^^^^
  File "<frozen importlib._bootstrap>", line 1387, in _gcd_import
  File "<frozen importlib._bootstrap>", line 1360, in _find_and_load
  File "<frozen importlib._bootstrap>", line 1331, in _find_and_load_unlocked
  File "<frozen importlib._bootstrap>", line 935, in _load_unlocked
  File "<frozen importlib._bootstrap_external>", line 1026, in exec_module
  File "<frozen importlib._bootstrap>", line 488, in _call_with_frames_removed
  File "G:\codex\codex_try\CorpusBuilderApp\app\helpers\crypto_utils.py", line 1, in <module>
    import keyring
ModuleNotFoundError: No module named 'keyring'

IMPORTED: CorpusBuilderApp.app.helpers.theme_manager
COLLECTOR FAIL: CorpusBuilderApp.shared_tools.collectors.api_collector.ApiCollector
Traceback (most recent call last):
  File "G:\codex\codex_try\tests\dev\system_backend_audit.py", line 75, in <module>
    inst = obj(DummyProjectConfig())
  File "G:\codex\codex_try\CorpusBuilderApp\shared_tools\collectors\api_collector.py", line 26, in __init__
    super().__init__(config)
    ~~~~~~~~~~~~~~~~^^^^^^^^
  File "G:\codex\codex_try\CorpusBuilderApp\shared_tools\collectors\base_collector.py", line 54, in __init__
    self.raw_data_dir = Path(self._get_path_attr(config, "raw_data_dir", "get_raw_dir"))
                             ~~~~~~~~~~~~~~~~~~~^^^^^^^^^^^^^^^^^^^^^^^^^^^^^^^^^^^^^^^
  File "G:\codex\codex_try\CorpusBuilderApp\shared_tools\collectors\base_collector.py", line 39, in _get_path_attr
    raise AttributeError(f"{cfg!r} has neither {attr_name!r} nor {getter_name!r}")
AttributeError: <__main__.DummyProjectConfig object at 0x000001A3FE68DFD0> has neither 'raw_data_dir' nor 'get_raw_dir'

COLLECTOR FAIL: CorpusBuilderApp.shared_tools.collectors.api_collector.BaseCollector
Traceback (most recent call last):
  File "G:\codex\codex_try\tests\dev\system_backend_audit.py", line 75, in <module>
    inst = obj(DummyProjectConfig())
  File "G:\codex\codex_try\CorpusBuilderApp\shared_tools\collectors\base_collector.py", line 54, in __init__
    self.raw_data_dir = Path(self._get_path_attr(config, "raw_data_dir", "get_raw_dir"))
                             ~~~~~~~~~~~~~~~~~~~^^^^^^^^^^^^^^^^^^^^^^^^^^^^^^^^^^^^^^^
  File "G:\codex\codex_try\CorpusBuilderApp\shared_tools\collectors\base_collector.py", line 39, in _get_path_attr
    raise AttributeError(f"{cfg!r} has neither {attr_name!r} nor {getter_name!r}")
AttributeError: <__main__.DummyProjectConfig object at 0x000001A3FE725310> has neither 'raw_data_dir' nor 'get_raw_dir'

COLLECTOR FAIL: CorpusBuilderApp.shared_tools.collectors.arxiv_collector.ApiCollector
Traceback (most recent call last):
  File "G:\codex\codex_try\tests\dev\system_backend_audit.py", line 75, in <module>
    inst = obj(DummyProjectConfig())
  File "G:\codex\codex_try\CorpusBuilderApp\shared_tools\collectors\api_collector.py", line 26, in __init__
    super().__init__(config)
    ~~~~~~~~~~~~~~~~^^^^^^^^
  File "G:\codex\codex_try\CorpusBuilderApp\shared_tools\collectors\base_collector.py", line 54, in __init__
    self.raw_data_dir = Path(self._get_path_attr(config, "raw_data_dir", "get_raw_dir"))
                             ~~~~~~~~~~~~~~~~~~~^^^^^^^^^^^^^^^^^^^^^^^^^^^^^^^^^^^^^^^
  File "G:\codex\codex_try\CorpusBuilderApp\shared_tools\collectors\base_collector.py", line 39, in _get_path_attr
    raise AttributeError(f"{cfg!r} has neither {attr_name!r} nor {getter_name!r}")
AttributeError: <__main__.DummyProjectConfig object at 0x000001A3FE7251D0> has neither 'raw_data_dir' nor 'get_raw_dir'

COLLECTOR FAIL: CorpusBuilderApp.shared_tools.collectors.arxiv_collector.ArxivCollector
Traceback (most recent call last):
  File "G:\codex\codex_try\tests\dev\system_backend_audit.py", line 75, in <module>
    inst = obj(DummyProjectConfig())
  File "G:\codex\codex_try\CorpusBuilderApp\shared_tools\collectors\arxiv_collector.py", line 44, in __init__
    super().__init__(config, api_base_url='http://export.arxiv.org/api/query', delay_range=delay_range)
    ~~~~~~~~~~~~~~~~^^^^^^^^^^^^^^^^^^^^^^^^^^^^^^^^^^^^^^^^^^^^^^^^^^^^^^^^^^^^^^^^^^^^^^^^^^^^^^^^^^^
  File "G:\codex\codex_try\CorpusBuilderApp\shared_tools\collectors\api_collector.py", line 26, in __init__
    super().__init__(config)
    ~~~~~~~~~~~~~~~~^^^^^^^^
  File "G:\codex\codex_try\CorpusBuilderApp\shared_tools\collectors\base_collector.py", line 54, in __init__
    self.raw_data_dir = Path(self._get_path_attr(config, "raw_data_dir", "get_raw_dir"))
                             ~~~~~~~~~~~~~~~~~~~^^^^^^^^^^^^^^^^^^^^^^^^^^^^^^^^^^^^^^^
  File "G:\codex\codex_try\CorpusBuilderApp\shared_tools\collectors\base_collector.py", line 39, in _get_path_attr
    raise AttributeError(f"{cfg!r} has neither {attr_name!r} nor {getter_name!r}")
AttributeError: <__main__.DummyProjectConfig object at 0x000001A3FE700640> has neither 'raw_data_dir' nor 'get_raw_dir'

COLLECTOR FAIL: CorpusBuilderApp.shared_tools.collectors.base_collector.BaseCollector
Traceback (most recent call last):
  File "G:\codex\codex_try\tests\dev\system_backend_audit.py", line 75, in <module>
    inst = obj(DummyProjectConfig())
  File "G:\codex\codex_try\CorpusBuilderApp\shared_tools\collectors\base_collector.py", line 54, in __init__
    self.raw_data_dir = Path(self._get_path_attr(config, "raw_data_dir", "get_raw_dir"))
                             ~~~~~~~~~~~~~~~~~~~^^^^^^^^^^^^^^^^^^^^^^^^^^^^^^^^^^^^^^^
  File "G:\codex\codex_try\CorpusBuilderApp\shared_tools\collectors\base_collector.py", line 39, in _get_path_attr
    raise AttributeError(f"{cfg!r} has neither {attr_name!r} nor {getter_name!r}")
AttributeError: <__main__.DummyProjectConfig object at 0x000001A3FE700180> has neither 'raw_data_dir' nor 'get_raw_dir'

COLLECTOR FAIL: CorpusBuilderApp.shared_tools.collectors.collect_isda.BaseCollector
Traceback (most recent call last):
  File "G:\codex\codex_try\tests\dev\system_backend_audit.py", line 75, in <module>
    inst = obj(DummyProjectConfig())
  File "G:\codex\codex_try\CorpusBuilderApp\shared_tools\collectors\base_collector.py", line 54, in __init__
    self.raw_data_dir = Path(self._get_path_attr(config, "raw_data_dir", "get_raw_dir"))
                             ~~~~~~~~~~~~~~~~~~~^^^^^^^^^^^^^^^^^^^^^^^^^^^^^^^^^^^^^^^
  File "G:\codex\codex_try\CorpusBuilderApp\shared_tools\collectors\base_collector.py", line 39, in _get_path_attr
    raise AttributeError(f"{cfg!r} has neither {attr_name!r} nor {getter_name!r}")
AttributeError: <__main__.DummyProjectConfig object at 0x000001A3FE728950> has neither 'raw_data_dir' nor 'get_raw_dir'

COLLECTOR FAIL: CorpusBuilderApp.shared_tools.collectors.collect_isda.ISDADocumentationCollector
Traceback (most recent call last):
  File "G:\codex\codex_try\tests\dev\system_backend_audit.py", line 75, in <module>
    inst = obj(DummyProjectConfig())
  File "G:\codex\codex_try\CorpusBuilderApp\shared_tools\collectors\collect_isda.py", line 18, in __init__
    super().__init__(config)
    ~~~~~~~~~~~~~~~~^^^^^^^^
  File "G:\codex\codex_try\CorpusBuilderApp\shared_tools\collectors\base_collector.py", line 54, in __init__
    self.raw_data_dir = Path(self._get_path_attr(config, "raw_data_dir", "get_raw_dir"))
                             ~~~~~~~~~~~~~~~~~~~^^^^^^^^^^^^^^^^^^^^^^^^^^^^^^^^^^^^^^^
  File "G:\codex\codex_try\CorpusBuilderApp\shared_tools\collectors\base_collector.py", line 39, in _get_path_attr
    raise AttributeError(f"{cfg!r} has neither {attr_name!r} nor {getter_name!r}")
AttributeError: <__main__.DummyProjectConfig object at 0x000001A3FE5E7DF0> has neither 'raw_data_dir' nor 'get_raw_dir'

COLLECTOR FAIL: CorpusBuilderApp.shared_tools.collectors.github_collector.ApiCollector
Traceback (most recent call last):
  File "G:\codex\codex_try\tests\dev\system_backend_audit.py", line 75, in <module>
    inst = obj(DummyProjectConfig())
  File "G:\codex\codex_try\CorpusBuilderApp\shared_tools\collectors\api_collector.py", line 26, in __init__
    super().__init__(config)
    ~~~~~~~~~~~~~~~~^^^^^^^^
  File "G:\codex\codex_try\CorpusBuilderApp\shared_tools\collectors\base_collector.py", line 54, in __init__
    self.raw_data_dir = Path(self._get_path_attr(config, "raw_data_dir", "get_raw_dir"))
                             ~~~~~~~~~~~~~~~~~~~^^^^^^^^^^^^^^^^^^^^^^^^^^^^^^^^^^^^^^^
  File "G:\codex\codex_try\CorpusBuilderApp\shared_tools\collectors\base_collector.py", line 39, in _get_path_attr
    raise AttributeError(f"{cfg!r} has neither {attr_name!r} nor {getter_name!r}")
AttributeError: <__main__.DummyProjectConfig object at 0x000001A3FE5E7CE0> has neither 'raw_data_dir' nor 'get_raw_dir'

COLLECTOR FAIL: CorpusBuilderApp.shared_tools.collectors.github_collector.GitHubCollector
Traceback (most recent call last):
  File "G:\codex\codex_try\tests\dev\system_backend_audit.py", line 75, in <module>
    inst = obj(DummyProjectConfig())
  File "G:\codex\codex_try\CorpusBuilderApp\shared_tools\collectors\github_collector.py", line 42, in __init__
    super().__init__(config, api_base_url='https://api.github.com', delay_range=delay_range)
    ~~~~~~~~~~~~~~~~^^^^^^^^^^^^^^^^^^^^^^^^^^^^^^^^^^^^^^^^^^^^^^^^^^^^^^^^^^^^^^^^^^^^^^^^
  File "G:\codex\codex_try\CorpusBuilderApp\shared_tools\collectors\api_collector.py", line 26, in __init__
    super().__init__(config)
    ~~~~~~~~~~~~~~~~^^^^^^^^
  File "G:\codex\codex_try\CorpusBuilderApp\shared_tools\collectors\base_collector.py", line 54, in __init__
    self.raw_data_dir = Path(self._get_path_attr(config, "raw_data_dir", "get_raw_dir"))
                             ~~~~~~~~~~~~~~~~~~~^^^^^^^^^^^^^^^^^^^^^^^^^^^^^^^^^^^^^^^
  File "G:\codex\codex_try\CorpusBuilderApp\shared_tools\collectors\base_collector.py", line 39, in _get_path_attr
    raise AttributeError(f"{cfg!r} has neither {attr_name!r} nor {getter_name!r}")
AttributeError: <__main__.DummyProjectConfig object at 0x000001A3FE597050> has neither 'raw_data_dir' nor 'get_raw_dir'

COLLECTOR FAIL: CorpusBuilderApp.shared_tools.collectors.quantopian_collector.BaseCollector
Traceback (most recent call last):
  File "G:\codex\codex_try\tests\dev\system_backend_audit.py", line 75, in <module>
    inst = obj(DummyProjectConfig())
  File "G:\codex\codex_try\CorpusBuilderApp\shared_tools\collectors\base_collector.py", line 54, in __init__
    self.raw_data_dir = Path(self._get_path_attr(config, "raw_data_dir", "get_raw_dir"))
                             ~~~~~~~~~~~~~~~~~~~^^^^^^^^^^^^^^^^^^^^^^^^^^^^^^^^^^^^^^^
  File "G:\codex\codex_try\CorpusBuilderApp\shared_tools\collectors\base_collector.py", line 39, in _get_path_attr
    raise AttributeError(f"{cfg!r} has neither {attr_name!r} nor {getter_name!r}")
AttributeError: <__main__.DummyProjectConfig object at 0x000001A3FE596E50> has neither 'raw_data_dir' nor 'get_raw_dir'

COLLECTOR FAIL: CorpusBuilderApp.shared_tools.collectors.quantopian_collector.QuantopianCollector
Traceback (most recent call last):
  File "G:\codex\codex_try\tests\dev\system_backend_audit.py", line 75, in <module>
    inst = obj(DummyProjectConfig())
  File "G:\codex\codex_try\CorpusBuilderApp\shared_tools\collectors\quantopian_collector.py", line 27, in __init__
    super().__init__(config)
    ~~~~~~~~~~~~~~~~^^^^^^^^
  File "G:\codex\codex_try\CorpusBuilderApp\shared_tools\collectors\base_collector.py", line 54, in __init__
    self.raw_data_dir = Path(self._get_path_attr(config, "raw_data_dir", "get_raw_dir"))
                             ~~~~~~~~~~~~~~~~~~~^^^^^^^^^^^^^^^^^^^^^^^^^^^^^^^^^^^^^^^
  File "G:\codex\codex_try\CorpusBuilderApp\shared_tools\collectors\base_collector.py", line 39, in _get_path_attr
    raise AttributeError(f"{cfg!r} has neither {attr_name!r} nor {getter_name!r}")
AttributeError: <__main__.DummyProjectConfig object at 0x000001A3FE6B0E60> has neither 'raw_data_dir' nor 'get_raw_dir'

COLLECTOR FAIL: CorpusBuilderApp.shared_tools.collectors.repo_collector.BaseCollector
Traceback (most recent call last):
  File "G:\codex\codex_try\tests\dev\system_backend_audit.py", line 75, in <module>
    inst = obj(DummyProjectConfig())
  File "G:\codex\codex_try\CorpusBuilderApp\shared_tools\collectors\base_collector.py", line 54, in __init__
    self.raw_data_dir = Path(self._get_path_attr(config, "raw_data_dir", "get_raw_dir"))
                             ~~~~~~~~~~~~~~~~~~~^^^^^^^^^^^^^^^^^^^^^^^^^^^^^^^^^^^^^^^
  File "G:\codex\codex_try\CorpusBuilderApp\shared_tools\collectors\base_collector.py", line 39, in _get_path_attr
    raise AttributeError(f"{cfg!r} has neither {attr_name!r} nor {getter_name!r}")
AttributeError: <__main__.DummyProjectConfig object at 0x000001A3FE6B0E60> has neither 'raw_data_dir' nor 'get_raw_dir'

COLLECTOR FAIL: CorpusBuilderApp.shared_tools.collectors.repo_collector.RepoCollector
Traceback (most recent call last):
  File "G:\codex\codex_try\tests\dev\system_backend_audit.py", line 75, in <module>
    inst = obj(DummyProjectConfig())
  File "G:\codex\codex_try\CorpusBuilderApp\shared_tools\collectors\repo_collector.py", line 18, in __init__
    super().__init__(config, delay_range)
    ~~~~~~~~~~~~~~~~^^^^^^^^^^^^^^^^^^^^^
  File "G:\codex\codex_try\CorpusBuilderApp\shared_tools\collectors\base_collector.py", line 54, in __init__
    self.raw_data_dir = Path(self._get_path_attr(config, "raw_data_dir", "get_raw_dir"))
                             ~~~~~~~~~~~~~~~~~~~^^^^^^^^^^^^^^^^^^^^^^^^^^^^^^^^^^^^^^^
  File "G:\codex\codex_try\CorpusBuilderApp\shared_tools\collectors\base_collector.py", line 39, in _get_path_attr
    raise AttributeError(f"{cfg!r} has neither {attr_name!r} nor {getter_name!r}")
AttributeError: <__main__.DummyProjectConfig object at 0x000001A3FE6B5550> has neither 'raw_data_dir' nor 'get_raw_dir'

COLLECTOR FAIL: CorpusBuilderApp.shared_tools.collectors.web_collector.BaseCollector
Traceback (most recent call last):
  File "G:\codex\codex_try\tests\dev\system_backend_audit.py", line 75, in <module>
    inst = obj(DummyProjectConfig())
  File "G:\codex\codex_try\CorpusBuilderApp\shared_tools\collectors\base_collector.py", line 54, in __init__
    self.raw_data_dir = Path(self._get_path_attr(config, "raw_data_dir", "get_raw_dir"))
                             ~~~~~~~~~~~~~~~~~~~^^^^^^^^^^^^^^^^^^^^^^^^^^^^^^^^^^^^^^^
  File "G:\codex\codex_try\CorpusBuilderApp\shared_tools\collectors\base_collector.py", line 39, in _get_path_attr
    raise AttributeError(f"{cfg!r} has neither {attr_name!r} nor {getter_name!r}")
AttributeError: <__main__.DummyProjectConfig object at 0x000001A3FE6B4750> has neither 'raw_data_dir' nor 'get_raw_dir'

COLLECTOR FAIL: CorpusBuilderApp.shared_tools.collectors.web_collector.WebCollector
Traceback (most recent call last):
  File "G:\codex\codex_try\tests\dev\system_backend_audit.py", line 75, in <module>
    inst = obj(DummyProjectConfig())
TypeError: WebCollector.__init__() missing 1 required positional argument: 'base_url'

CORPUS OK: CorpusBuilderApp.shared_tools.processors.deduplicator.CorpusManager
CORPUS OK: CorpusBuilderApp.shared_tools.storage.corpus_manager.CorpusManager
CORPUS OK: CorpusBuilderApp.shared_tools.services.corpus_stats_service.CorpusManager
CORPUS OK: CorpusBuilderApp.app.ui.tabs.corpus_manager_tab.CorpusManager
CLI OK: exit 1
