{"created": 1749747240.7520165, "duration": 0.2836306095123291, "exitcode": 0, "root": "/workspace/codex_try", "environment": {}, "summary": {"passed": 39, "skipped": 22, "total": 61, "collected": 63, "deselected": 2}, "collectors": [{"nodeid": "", "outcome": "passed", "result": [{"nodeid": "tests", "type": "Dir"}]}, {"nodeid": "tests/collectors/test_collectors.py", "outcome": "passed", "result": [{"nodeid": "tests/collectors/test_collectors.py::test_collector_instantiation[CookieAuthClient]", "type": "Function", "lineno": 8}, {"nodeid": "tests/collectors/test_collectors.py::test_collector_instantiation[api_collector]", "type": "Function", "lineno": 8}, {"nodeid": "tests/collectors/test_collectors.py::test_collector_instantiation[arxiv_collector]", "type": "Function", "lineno": 8}, {"nodeid": "tests/collectors/test_collectors.py::test_collector_instantiation[base_collector]", "type": "Function", "lineno": 8}, {"nodeid": "tests/collectors/test_collectors.py::test_collector_instantiation[collect_annas_main_library]", "type": "Function", "lineno": 8}, {"nodeid": "tests/collectors/test_collectors.py::test_collector_instantiation[collect_bitmex]", "type": "Function", "lineno": 8}, {"nodeid": "tests/collectors/test_collectors.py::test_collector_instantiation[collect_general_web_corpus]", "type": "Function", "lineno": 8}, {"nodeid": "tests/collectors/test_collectors.py::test_collector_instantiation[collect_isda]", "type": "Function", "lineno": 8}, {"nodeid": "tests/collectors/test_collectors.py::test_collector_instantiation[enhanced_client]", "type": "Function", "lineno": 8}, {"nodeid": "tests/collectors/test_collectors.py::test_collector_instantiation[enhanced_scidb_collector]", "type": "Function", "lineno": 8}, {"nodeid": "tests/collectors/test_collectors.py::test_collector_instantiation[fred_collector]", "type": "Function", "lineno": 8}, {"nodeid": "tests/collectors/test_collectors.py::test_collector_instantiation[github_collector]", "type": "Function", "lineno": 8}, {"nodeid": "tests/collectors/test_collectors.py::test_collector_instantiation[quantopian_collector]", "type": "Function", "lineno": 8}, {"nodeid": "tests/collectors/test_collectors.py::test_collector_instantiation[repo_collector]", "type": "Function", "lineno": 8}, {"nodeid": "tests/collectors/test_collectors.py::test_collector_instantiation[web_collector]", "type": "Function", "lineno": 8}]}, {"nodeid": "tests/collectors", "outcome": "passed", "result": [{"nodeid": "tests/collectors/test_collectors.py", "type": "Module"}]}, {"nodeid": "tests/corpus/test_corpus_balancer.py", "outcome": "passed", "result": [{"nodeid": "tests/corpus/test_corpus_balancer.py::test_corpus_balancer_rebalance", "type": "Function", "lineno": 5}]}, {"nodeid": "tests/corpus/test_corpus_manager.py", "outcome": "passed", "result": [{"nodeid": "tests/corpus/test_corpus_manager.py::test_corpus_manager_basic", "type": "Function", "lineno": 4}]}, {"nodeid": "tests/corpus", "outcome": "passed", "result": [{"nodeid": "tests/corpus/test_corpus_balancer.py", "type": "Module"}, {"nodeid": "tests/corpus/test_corpus_manager.py", "type": "Module"}]}, {"nodeid": "tests/e2e/test_pipeline_run.py", "outcome": "passed", "result": [{"nodeid": "tests/e2e/test_pipeline_run.py::test_pipeline_preview", "type": "Function", "lineno": 8}]}, {"nodeid": "tests/e2e", "outcome": "passed", "result": [{"nodeid": "tests/e2e/test_pipeline_run.py", "type": "Module"}]}, {"nodeid": "tests/integration/test_dashboard_data.py", "outcome": "passed", "result": [{"nodeid": "tests/integration/test_dashboard_data.py::test_dashboard_methods", "type": "Function", "lineno": 38}]}, {"nodeid": "tests/integration/test_pipeline.py", "outcome": "skipped", "result": [], "longrepr": "('/workspace/codex_try/tests/integration/test_pipeline.py', 6, 'Skipped: integration pipeline not configured')"}, {"nodeid": "tests/integration", "outcome": "passed", "result": [{"nodeid": "tests/integration/test_dashboard_data.py", "type": "Module"}, {"nodeid": "tests/integration/test_pipeline.py", "type": "Module"}]}, {"nodeid": "tests/processors/test_processors.py", "outcome": "passed", "result": [{"nodeid": "tests/processors/test_processors.py::test_processor_instantiation[base_extractor]", "type": "Function", "lineno": 8}, {"nodeid": "tests/processors/test_processors.py::test_processor_instantiation[batch_nonpdf_extractor_enhanced]", "type": "Function", "lineno": 8}, {"nodeid": "tests/processors/test_processors.py::test_processor_instantiation[batch_text_extractor_enhanced_prerefactor]", "type": "Function", "lineno": 8}, {"nodeid": "tests/processors/test_processors.py::test_processor_instantiation[chart_image_extractor]", "type": "Function", "lineno": 8}, {"nodeid": "tests/processors/test_processors.py::test_processor_instantiation[corpus_balancer]", "type": "Function", "lineno": 8}, {"nodeid": "tests/processors/test_processors.py::test_processor_instantiation[corruption_detector]", "type": "Function", "lineno": 8}, {"nodeid": "tests/processors/test_processors.py::test_processor_instantiation[deduplicate_nonpdf_outputs]", "type": "Function", "lineno": 8}, {"nodeid": "tests/processors/test_processors.py::test_processor_instantiation[deduplicator]", "type": "Function", "lineno": 8, "deselected": true}, {"nodeid": "tests/processors/test_processors.py::test_processor_instantiation[domain_classifier]", "type": "Function", "lineno": 8}, {"nodeid": "tests/processors/test_processors.py::test_processor_instantiation[domainsmanager]", "type": "Function", "lineno": 8}, {"nodeid": "tests/processors/test_processors.py::test_processor_instantiation[financial_symbol_processor]", "type": "Function", "lineno": 8}, {"nodeid": "tests/processors/test_processors.py::test_processor_instantiation[formula_extractor]", "type": "Function", "lineno": 8}, {"nodeid": "tests/processors/test_processors.py::test_processor_instantiation[generate_title_cache]", "type": "Function", "lineno": 8}, {"nodeid": "tests/processors/test_processors.py::test_processor_instantiation[language_confidence_detector]", "type": "Function", "lineno": 8}, {"nodeid": "tests/processors/test_processors.py::test_processor_instantiation[machine_translation_detector]", "type": "Function", "lineno": 8}, {"nodeid": "tests/processors/test_processors.py::test_processor_instantiation[mixins]", "type": "Function", "lineno": 8}, {"nodeid": "tests/processors/test_processors.py::test_processor_instantiation[monitor_progress]", "type": "Function", "lineno": 8}, {"nodeid": "tests/processors/test_processors.py::test_processor_instantiation[pdf_extractor]", "type": "Function", "lineno": 8}, {"nodeid": "tests/processors/test_processors.py::test_processor_instantiation[quality_control]", "type": "Function", "lineno": 8}, {"nodeid": "tests/processors/test_processors.py::test_processor_instantiation[text_extractor]", "type": "Function", "lineno": 8}]}, {"nodeid": "tests/processors", "outcome": "passed", "result": [{"nodeid": "tests/processors/test_processors.py", "type": "Module"}]}, {"nodeid": "tests/test_batch_multiprocessing.py", "outcome": "skipped", "result": [], "longrepr": "('/workspace/codex_try/tests/test_batch_multiprocessing.py', 8, 'Skipped: Requires Ghostscript')"}, {"nodeid": "tests/test_ghostscript_integration.py", "outcome": "passed", "result": [{"nodeid": "tests/test_ghostscript_integration.py::test_ghostscript_detection", "type": "Function", "lineno": 15}, {"nodeid": "tests/test_ghostscript_integration.py::test_environment_setup", "type": "Function", "lineno": 37}, {"nodeid": "tests/test_ghostscript_integration.py::test_camelot_ghostscript", "type": "Function", "lineno": 69}, {"nodeid": "tests/test_ghostscript_integration.py::test_worker_process_setup", "type": "Function", "lineno": 102}, {"nodeid": "tests/test_ghostscript_integration.py::test_simple_pdf_processing", "type": "Function", "lineno": 134}, {"nodeid": "tests/test_ghostscript_integration.py::test_table_extraction", "type": "Function", "lineno": 187}, {"nodeid": "tests/test_ghostscript_integration.py::test_ghostscript_command_line", "type": "Function", "lineno": 237}]}, {"nodeid": "tests/test_single_pdf.py", "outcome": "passed", "result": [{"nodeid": "tests/test_single_pdf.py::test_pdf_extraction", "type": "Function", "lineno": 13}, {"nodeid": "tests/test_single_pdf.py::test_table_extraction", "type": "Function", "lineno": 55}]}, {"nodeid": "tests/test_ui_backend_connection.py", "outcome": "passed", "result": [{"nodeid": "tests/test_ui_backend_connection.py::test_batch_extractor_class", "type": "Function", "lineno": 14}, {"nodeid": "tests/test_ui_backend_connection.py::test_directory_processing", "type": "Function", "lineno": 57}, {"nodeid": "tests/test_ui_backend_connection.py::test_ui_wrapper_integration", "type": "Function", "lineno": 106}]}, {"nodeid": "tests/unit/test_processor_mixin.py", "outcome": "passed", "result": [{"nodeid": "tests/unit/test_processor_mixin.py::test_delegated_properties", "type": "Function", "lineno": 80}, {"nodeid": "tests/unit/test_processor_mixin.py::test_start_stop_get_status", "type": "Function", "lineno": 92}, {"nodeid": "tests/unit/test_processor_mixin.py::test_processing_stats_and_callbacks", "type": "Function", "lineno": 101}]}, {"nodeid": "tests/unit/test_services.py", "outcome": "passed", "result": [{"nodeid": "tests/unit/test_services.py::test_system_monitor", "type": "Function", "lineno": 21}, {"nodeid": "tests/unit/test_services.py::test_task_queue_manager", "type": "Function", "lineno": 34}, {"nodeid": "tests/unit/test_services.py::test_corpus_stats_service", "type": "Function", "lineno": 45}, {"nodeid": "tests/unit/test_services.py::test_activity_log_service", "type": "Function", "lineno": 62}]}, {"nodeid": "tests/unit/test_wrappers.py", "outcome": "passed", "result": [{"nodeid": "tests/unit/test_wrappers.py::test_wrapper_basic[shared_tools.ui_wrappers.processors.pdf_extractor_wrapper.PDFExtractorWrapper-start_batch_processing-args0]", "type": "Function", "lineno": 69}, {"nodeid": "tests/unit/test_wrappers.py::test_wrapper_basic[shared_tools.ui_wrappers.processors.text_extractor_wrapper.TextExtractorWrapper-start_batch_processing-args1]", "type": "Function", "lineno": 69}, {"nodeid": "tests/unit/test_wrappers.py::test_wrapper_basic[shared_tools.ui_wrappers.processors.quality_control_wrapper.QualityControlWrapper-start-args2]", "type": "Function", "lineno": 69}, {"nodeid": "tests/unit/test_wrappers.py::test_wrapper_basic[shared_tools.ui_wrappers.processors.domain_classifier_wrapper.DomainClassifierWrapper-start-args3]", "type": "Function", "lineno": 69}, {"nodeid": "tests/unit/test_wrappers.py::test_wrapper_basic[shared_tools.ui_wrappers.processors.corpus_balancer_wrapper.CorpusBalancerWrapper-start_balancing-args4]", "type": "Function", "lineno": 69, "deselected": true}]}, {"nodeid": "tests/unit", "outcome": "passed", "result": [{"nodeid": "tests/unit/test_processor_mixin.py", "type": "Module"}, {"nodeid": "tests/unit/test_services.py", "type": "Module"}, {"nodeid": "tests/unit/test_wrappers.py", "type": "Module"}]}, {"nodeid": "tests", "outcome": "passed", "result": [{"nodeid": "tests/collectors", "type": "Dir"}, {"nodeid": "tests/corpus", "type": "Dir"}, {"nodeid": "tests/e2e", "type": "Dir"}, {"nodeid": "tests/integration", "type": "Dir"}, {"nodeid": "tests/processors", "type": "Dir"}, {"nodeid": "tests/test_batch_multiprocessing.py", "type": "Module"}, {"nodeid": "tests/test_ghostscript_integration.py", "type": "Module"}, {"nodeid": "tests/test_single_pdf.py", "type": "Module"}, {"nodeid": "tests/test_ui_backend_connection.py", "type": "Module"}, {"nodeid": "tests/unit", "type": "Dir"}]}], "tests": [{"nodeid": "tests/collectors/test_collectors.py::test_collector_instantiation[CookieAuthClient]", "lineno": 8, "outcome": "passed", "keywords": ["test_collector_instantiation[CookieAuthClient]", "parametrize", "pytestmark", "CookieAuthClient", "test_collectors.py", "collectors", "tests", "codex_try", ""], "setup": {"duration": 0.0020482170000377664, "outcome": "passed"}, "call": {"duration": 0.0008575130000281206, "outcome": "passed"}, "teardown": {"duration": 0.0001849519999268523, "outcome": "passed"}}, {"nodeid": "tests/collectors/test_collectors.py::test_collector_instantiation[api_collector]", "lineno": 8, "outcome": "skipped", "keywords": ["test_collector_instantiation[api_collector]", "parametrize", "pytestmark", "api_collector", "test_collectors.py", "collectors", "tests", "codex_try", ""], "setup": {"duration": 0.0005687649999117639, "outcome": "passed"}, "call": {"duration": 0.003085029999965627, "outcome": "skipped", "stderr": "2025-06-12 16:54:00,549 - ApiCollector - INFO - Initializing ApiCollector with output directory: /tmp/pytest-of-root/pytest-8/test_collector_instantiation_a0/raw\n2025-06-12 16:54:00,550 - ApiCollector - INFO - Setting up domain-based directory structure...\n2025-06-12 16:54:00,551 - ApiCollector - INFO - Directory structure setup complete\n", "log": [{"name": "ApiCollector", "msg": "Initializing ApiCollector with output directory: /tmp/pytest-of-root/pytest-8/test_collector_instantiation_a0/raw", "args": null, "levelname": "INFO", "levelno": 20, "pathname": "/workspace/codex_try/CorpusBuilderApp/shared_tools/collectors/base_collector.py", "filename": "base_collector.py", "module": "base_collector", "exc_info": null, "exc_text": null, "stack_info": null, "lineno": 81, "funcName": "__init__", "created": 1749747240.549887, "msecs": 549.0, "relativeCreated": 234.61127281188965, "thread": 140617731615616, "threadName": "MainThread", "processName": "MainProcess", "process": 4167, "asctime": "2025-06-12 16:54:00,549"}, {"name": "ApiCollector", "msg": "Setting up domain-based directory structure...", "args": null, "levelname": "INFO", "levelno": 20, "pathname": "/workspace/codex_try/CorpusBuilderApp/shared_tools/collectors/base_collector.py", "filename": "base_collector.py", "module": "base_collector", "exc_info": null, "exc_text": null, "stack_info": null, "lineno": 101, "funcName": "_setup_domain_directories", "created": 1749747240.5500484, "msecs": 550.0, "relativeCreated": 234.7726821899414, "thread": 140617731615616, "threadName": "MainThread", "processName": "MainProcess", "process": 4167, "asctime": "2025-06-12 16:54:00,550"}, {"name": "ApiCollector", "msg": "Directory structure setup complete", "args": null, "levelname": "INFO", "levelno": 20, "pathname": "/workspace/codex_try/CorpusBuilderApp/shared_tools/collectors/base_collector.py", "filename": "base_collector.py", "module": "base_collector", "exc_info": null, "exc_text": null, "stack_info": null, "lineno": 131, "funcName": "_setup_domain_directories", "created": 1749747240.5512261, "msecs": 551.0, "relativeCreated": 235.95046997070312, "thread": 140617731615616, "threadName": "MainThread", "processName": "MainProcess", "process": 4167, "asctime": "2025-06-12 16:54:00,551"}], "longrepr": "('/workspace/codex_try/tests/collectors/test_collectors.py', 28, 'Skipped: collect failed for ApiCollector')"}, "teardown": {"duration": 0.000185969999961344, "outcome": "passed"}}, {"nodeid": "tests/collectors/test_collectors.py::test_collector_instantiation[arxiv_collector]", "lineno": 8, "outcome": "skipped", "keywords": ["test_collector_instantiation[arxiv_collector]", "parametrize", "pytestmark", "arxiv_collector", "test_collectors.py", "collectors", "tests", "codex_try", ""], "setup": {"duration": 0.0005175890000828076, "outcome": "passed"}, "call": {"duration": 0.002895731999956297, "outcome": "skipped", "stderr": "2025-06-12 16:54:00,553 - ArxivCollector - INFO - Initializing ArxivCollector with output directory: /tmp/pytest-of-root/pytest-8/test_collector_instantiation_a1/raw\n2025-06-12 16:54:00,554 - ArxivCollector - INFO - Setting up domain-based directory structure...\n2025-06-12 16:54:00,555 - ArxivCollector - INFO - Directory structure setup complete\n2025-06-12 16:54:00,555 - ArxivCollector - INFO - Cache size: 0\n2025-06-12 16:54:00,555 - ArxivCollector - INFO - First 5 cache entries: []\n2025-06-12 16:54:00,555 - ArxivCollector - DEBUG - Making API request to http://export.arxiv.org/api/query/?search_query=cat%3Aq-fin.CP&start=0&max_results=100&sortBy=submittedDate&sortOrder=descending\n", "log": [{"name": "ArxivCollector", "msg": "Initializing ArxivCollector with output directory: /tmp/pytest-of-root/pytest-8/test_collector_instantiation_a1/raw", "args": null, "levelname": "INFO", "levelno": 20, "pathname": "/workspace/codex_try/CorpusBuilderApp/shared_tools/collectors/base_collector.py", "filename": "base_collector.py", "module": "base_collector", "exc_info": null, "exc_text": null, "stack_info": null, "lineno": 81, "funcName": "__init__", "created": 1749747240.5539405, "msecs": 553.0, "relativeCreated": 238.6648654937744, "thread": 140617731615616, "threadName": "MainThread", "processName": "MainProcess", "process": 4167, "asctime": "2025-06-12 16:54:00,553"}, {"name": "ArxivCollector", "msg": "Setting up domain-based directory structure...", "args": null, "levelname": "INFO", "levelno": 20, "pathname": "/workspace/codex_try/CorpusBuilderApp/shared_tools/collectors/base_collector.py", "filename": "base_collector.py", "module": "base_collector", "exc_info": null, "exc_text": null, "stack_info": null, "lineno": 101, "funcName": "_setup_domain_directories", "created": 1749747240.5540738, "msecs": 554.0, "relativeCreated": 238.7981414794922, "thread": 140617731615616, "threadName": "MainThread", "processName": "MainProcess", "process": 4167, "asctime": "2025-06-12 16:54:00,554"}, {"name": "ArxivCollector", "msg": "Directory structure setup complete", "args": null, "levelname": "INFO", "levelno": 20, "pathname": "/workspace/codex_try/CorpusBuilderApp/shared_tools/collectors/base_collector.py", "filename": "base_collector.py", "module": "base_collector", "exc_info": null, "exc_text": null, "stack_info": null, "lineno": 131, "funcName": "_setup_domain_directories", "created": 1749747240.555221, "msecs": 555.0, "relativeCreated": 239.9454116821289, "thread": 140617731615616, "threadName": "MainThread", "processName": "MainProcess", "process": 4167, "asctime": "2025-06-12 16:54:00,555"}, {"name": "ArxivCollector", "msg": "Cache size: 0", "args": null, "levelname": "INFO", "levelno": 20, "pathname": "/workspace/codex_try/CorpusBuilderApp/shared_tools/collectors/arxiv_collector.py", "filename": "arxiv_collector.py", "module": "arxiv_collector", "exc_info": null, "exc_text": null, "stack_info": null, "lineno": 61, "funcName": "__init__", "created": 1749747240.5553787, "msecs": 555.0, "relativeCreated": 240.10300636291504, "thread": 140617731615616, "threadName": "MainThread", "processName": "MainProcess", "process": 4167, "asctime": "2025-06-12 16:54:00,555"}, {"name": "ArxivCollector", "msg": "First 5 cache entries: []", "args": null, "levelname": "INFO", "levelno": 20, "pathname": "/workspace/codex_try/CorpusBuilderApp/shared_tools/collectors/arxiv_collector.py", "filename": "arxiv_collector.py", "module": "arxiv_collector", "exc_info": null, "exc_text": null, "stack_info": null, "lineno": 62, "funcName": "__init__", "created": 1749747240.555467, "msecs": 555.0, "relativeCreated": 240.19122123718262, "thread": 140617731615616, "threadName": "MainThread", "processName": "MainProcess", "process": 4167, "asctime": "2025-06-12 16:54:00,555"}, {"name": "ArxivCollector", "msg": "Making API request to http://export.arxiv.org/api/query/?search_query=cat%3Aq-fin.CP&start=0&max_results=100&sortBy=submittedDate&sortOrder=descending", "args": null, "levelname": "DEBUG", "levelno": 10, "pathname": "/workspace/codex_try/CorpusBuilderApp/shared_tools/collectors/api_collector.py", "filename": "api_collector.py", "module": "api_collector", "exc_info": null, "exc_text": null, "stack_info": null, "lineno": 72, "funcName": "api_request", "created": 1749747240.5557442, "msecs": 555.0, "relativeCreated": 240.46850204467773, "thread": 140617731615616, "threadName": "MainThread", "processName": "MainProcess", "process": 4167, "asctime": "2025-06-12 16:54:00,555"}], "longrepr": "('/workspace/codex_try/tests/collectors/test_collectors.py', 28, 'Skipped: collect failed for ArxivCollector')"}, "teardown": {"duration": 0.00017701600006603257, "outcome": "passed"}}, {"nodeid": "tests/collectors/test_collectors.py::test_collector_instantiation[base_collector]", "lineno": 8, "outcome": "skipped", "keywords": ["test_collector_instantiation[base_collector]", "parametrize", "pytestmark", "base_collector", "test_collectors.py", "collectors", "tests", "codex_try", ""], "setup": {"duration": 0.00049193400002423, "outcome": "passed"}, "call": {"duration": 0.002183947999924385, "outcome": "skipped", "stderr": "2025-06-12 16:54:00,558 - BaseCollector - INFO - Initializing BaseCollector with output directory: /tmp/pytest-of-root/pytest-8/test_collector_instantiation_b0/raw\n2025-06-12 16:54:00,558 - BaseCollector - INFO - Setting up domain-based directory structure...\n2025-06-12 16:54:00,559 - BaseCollector - INFO - Directory structure setup complete\n", "log": [{"name": "BaseCollector", "msg": "Initializing BaseCollector with output directory: /tmp/pytest-of-root/pytest-8/test_collector_instantiation_b0/raw", "args": null, "levelname": "INFO", "levelno": 20, "pathname": "/workspace/codex_try/CorpusBuilderApp/shared_tools/collectors/base_collector.py", "filename": "base_collector.py", "module": "base_collector", "exc_info": null, "exc_text": null, "stack_info": null, "lineno": 81, "funcName": "__init__", "created": 1749747240.5581064, "msecs": 558.0, "relativeCreated": 242.83075332641602, "thread": 140617731615616, "threadName": "MainThread", "processName": "MainProcess", "process": 4167, "asctime": "2025-06-12 16:54:00,558"}, {"name": "BaseCollector", "msg": "Setting up domain-based directory structure...", "args": null, "levelname": "INFO", "levelno": 20, "pathname": "/workspace/codex_try/CorpusBuilderApp/shared_tools/collectors/base_collector.py", "filename": "base_collector.py", "module": "base_collector", "exc_info": null, "exc_text": null, "stack_info": null, "lineno": 101, "funcName": "_setup_domain_directories", "created": 1749747240.5582201, "msecs": 558.0, "relativeCreated": 242.94447898864746, "thread": 140617731615616, "threadName": "MainThread", "processName": "MainProcess", "process": 4167, "asctime": "2025-06-12 16:54:00,558"}, {"name": "BaseCollector", "msg": "Directory structure setup complete", "args": null, "levelname": "INFO", "levelno": 20, "pathname": "/workspace/codex_try/CorpusBuilderApp/shared_tools/collectors/base_collector.py", "filename": "base_collector.py", "module": "base_collector", "exc_info": null, "exc_text": null, "stack_info": null, "lineno": 131, "funcName": "_setup_domain_directories", "created": 1749747240.5595758, "msecs": 559.0, "relativeCreated": 244.30012702941895, "thread": 140617731615616, "threadName": "MainThread", "processName": "MainProcess", "process": 4167, "asctime": "2025-06-12 16:54:00,559"}], "longrepr": "('/workspace/codex_try/tests/collectors/test_collectors.py', 28, 'Skipped: collect failed for BaseCollector')"}, "teardown": {"duration": 0.00017878099993140495, "outcome": "passed"}}, {"nodeid": "tests/collectors/test_collectors.py::test_collector_instantiation[collect_annas_main_library]", "lineno": 8, "outcome": "skipped", "keywords": ["test_collector_instantiation[collect_annas_main_library]", "parametrize", "pytestmark", "collect_annas_main_library", "test_collectors.py", "collectors", "tests", "codex_try", ""], "setup": {"duration": 0.00048111499995684426, "outcome": "passed"}, "call": {"duration": 0.005219742000008409, "outcome": "skipped", "stderr": "2025-06-12 16:54:00,565 - AnnasMainLibraryCollector - INFO - Initializing AnnasMainLibraryCollector with output directory: /tmp/pytest-of-root/pytest-8/test_collector_instantiation_c1/raw\n2025-06-12 16:54:00,565 - AnnasMainLibraryCollector - INFO - Setting up domain-based directory structure...\n2025-06-12 16:54:00,566 - AnnasMainLibraryCollector - INFO - Directory structure setup complete\n", "log": [{"name": "AnnasMainLibraryCollector", "msg": "Initializing AnnasMainLibraryCollector with output directory: /tmp/pytest-of-root/pytest-8/test_collector_instantiation_c1/raw", "args": null, "levelname": "INFO", "levelno": 20, "pathname": "/workspace/codex_try/CorpusBuilderApp/shared_tools/collectors/base_collector.py", "filename": "base_collector.py", "module": "base_collector", "exc_info": null, "exc_text": null, "stack_info": null, "lineno": 81, "funcName": "__init__", "created": 1749747240.565003, "msecs": 565.0, "relativeCreated": 249.7272491455078, "thread": 140617731615616, "threadName": "MainThread", "processName": "MainProcess", "process": 4167, "asctime": "2025-06-12 16:54:00,565"}, {"name": "AnnasMainLibraryCollector", "msg": "Setting up domain-based directory structure...", "args": null, "levelname": "INFO", "levelno": 20, "pathname": "/workspace/codex_try/CorpusBuilderApp/shared_tools/collectors/base_collector.py", "filename": "base_collector.py", "module": "base_collector", "exc_info": null, "exc_text": null, "stack_info": null, "lineno": 101, "funcName": "_setup_domain_directories", "created": 1749747240.5651217, "msecs": 565.0, "relativeCreated": 249.8459815979004, "thread": 140617731615616, "threadName": "MainThread", "processName": "MainProcess", "process": 4167, "asctime": "2025-06-12 16:54:00,565"}, {"name": "AnnasMainLibraryCollector", "msg": "Directory structure setup complete", "args": null, "levelname": "INFO", "levelno": 20, "pathname": "/workspace/codex_try/CorpusBuilderApp/shared_tools/collectors/base_collector.py", "filename": "base_collector.py", "module": "base_collector", "exc_info": null, "exc_text": null, "stack_info": null, "lineno": 131, "funcName": "_setup_domain_directories", "created": 1749747240.5661614, "msecs": 566.0, "relativeCreated": 250.8857250213623, "thread": 140617731615616, "threadName": "MainThread", "processName": "MainProcess", "process": 4167, "asctime": "2025-06-12 16:54:00,566"}, {"name": "shared_tools.collectors.collect_annas_main_library", "msg": "Error: AA_ACCOUNT_COOKIE not found in .env file", "args": null, "levelname": "ERROR", "levelno": 40, "pathname": "/workspace/codex_try/CorpusBuilderApp/shared_tools/collectors/collect_annas_main_library.py", "filename": "collect_annas_main_library.py", "module": "collect_annas_main_library", "exc_info": null, "exc_text": null, "stack_info": null, "lineno": 79, "funcName": "__init__", "created": 1749747240.566284, "msecs": 566.0, "relativeCreated": 251.0082721710205, "thread": 140617731615616, "threadName": "MainThread", "processName": "MainProcess", "process": 4167}], "longrepr": "('/workspace/codex_try/tests/collectors/test_collectors.py', 21, 'Skipped: init failed for AnnasMainLibraryCollector')"}, "teardown": {"duration": 0.00024232400005530508, "outcome": "passed"}}, {"nodeid": "tests/collectors/test_collectors.py::test_collector_instantiation[collect_bitmex]", "lineno": 8, "outcome": "passed", "keywords": ["test_collector_instantiation[collect_bitmex]", "parametrize", "pytestmark", "collect_bitmex", "test_collectors.py", "collectors", "tests", "codex_try", ""], "setup": {"duration": 0.0005054609999888271, "outcome": "passed"}, "call": {"duration": 0.005518443000028128, "outcome": "passed", "stderr": "2025-06-12 16:54:00,568 - UpdatedBitMEXCollector - INFO - Initializing UpdatedBitMEXCollector with output directory: /tmp/pytest-of-root/pytest-8/test_collector_instantiation_c2/raw\n2025-06-12 16:54:00,568 - UpdatedBitMEXCollector - INFO - Setting up domain-based directory structure...\n2025-06-12 16:54:00,570 - UpdatedBitMEXCollector - INFO - Directory structure setup complete\n2025-06-12 16:54:00,570 - UpdatedBitMEXCollector - INFO - BitMEXCollector initialized with output directory: G:/ai_trading_dev/data/test_corpus/raw_data/Bitmex_research\n2025-06-12 16:54:00,570 - UpdatedBitMEXCollector - INFO - Collecting BitMEX Research blog posts (max 1 pages)\n2025-06-12 16:54:00,570 - UpdatedBitMEXCollector - INFO - Fetching page: https://blog.bitmex.com\n2025-06-12 16:54:00,570 - UpdatedBitMEXCollector - INFO - Found 0 potential post containers\n2025-06-12 16:54:00,570 - UpdatedBitMEXCollector - INFO - No posts found with container approach, trying fallback method\n2025-06-12 16:54:00,571 - UpdatedBitMEXCollector - INFO - Saved metadata for 0 posts to G:/ai_trading_dev/data/test_corpus/raw_data/Bitmex_research/bitmex_research_posts.json\n2025-06-12 16:54:00,571 - UpdatedBitMEXCollector - INFO - Saved metadata for 0 posts to G:/ai_trading_dev/data/test_corpus/raw_data/Bitmex_research/bitmex_research_posts.json\n2025-06-12 16:54:00,571 - UpdatedBitMEXCollector - INFO - Initializing UpdatedBitMEXCollector with output directory: /tmp/pytest-of-root/pytest-8/test_collector_instantiation_c2/raw\n2025-06-12 16:54:00,571 - UpdatedBitMEXCollector - INFO - Setting up domain-based directory structure...\n2025-06-12 16:54:00,572 - UpdatedBitMEXCollector - INFO - Directory structure setup complete\n2025-06-12 16:54:00,572 - UpdatedBitMEXCollector - INFO - BitMEXCollector initialized with output directory: G:/ai_trading_dev/data/test_corpus/raw_data/Bitmex_research\n2025-06-12 16:54:00,572 - UpdatedBitMEXCollector - INFO - Collecting BitMEX Research blog posts (max 1 pages)\n2025-06-12 16:54:00,572 - UpdatedBitMEXCollector - INFO - Fetching page: https://blog.bitmex.com\n2025-06-12 16:54:00,572 - UpdatedBitMEXCollector - INFO - Found 0 potential post containers\n2025-06-12 16:54:00,572 - UpdatedBitMEXCollector - INFO - No posts found with container approach, trying fallback method\n2025-06-12 16:54:00,572 - UpdatedBitMEXCollector - INFO - Saved metadata for 0 posts to G:/ai_trading_dev/data/test_corpus/raw_data/Bitmex_research/bitmex_research_posts.json\n2025-06-12 16:54:00,573 - UpdatedBitMEXCollector - INFO - Saved metadata for 0 posts to G:/ai_trading_dev/data/test_corpus/raw_data/Bitmex_research/bitmex_research_posts.json\n", "log": [{"name": "UpdatedBitMEXCollector", "msg": "Initializing UpdatedBitMEXCollector with output directory: /tmp/pytest-of-root/pytest-8/test_collector_instantiation_c2/raw", "args": null, "levelname": "INFO", "levelno": 20, "pathname": "/workspace/codex_try/CorpusBuilderApp/shared_tools/collectors/base_collector.py", "filename": "base_collector.py", "module": "base_collector", "exc_info": null, "exc_text": null, "stack_info": null, "lineno": 81, "funcName": "__init__", "created": 1749747240.5687444, "msecs": 568.0, "relativeCreated": 253.46875190734863, "thread": 140617731615616, "threadName": "MainThread", "processName": "MainProcess", "process": 4167, "asctime": "2025-06-12 16:54:00,568"}, {"name": "UpdatedBitMEXCollector", "msg": "Setting up domain-based directory structure...", "args": null, "levelname": "INFO", "levelno": 20, "pathname": "/workspace/codex_try/CorpusBuilderApp/shared_tools/collectors/base_collector.py", "filename": "base_collector.py", "module": "base_collector", "exc_info": null, "exc_text": null, "stack_info": null, "lineno": 101, "funcName": "_setup_domain_directories", "created": 1749747240.5688574, "msecs": 568.0, "relativeCreated": 253.58176231384277, "thread": 140617731615616, "threadName": "MainThread", "processName": "MainProcess", "process": 4167, "asctime": "2025-06-12 16:54:00,568"}, {"name": "UpdatedBitMEXCollector", "msg": "Directory structure setup complete", "args": null, "levelname": "INFO", "levelno": 20, "pathname": "/workspace/codex_try/CorpusBuilderApp/shared_tools/collectors/base_collector.py", "filename": "base_collector.py", "module": "base_collector", "exc_info": null, "exc_text": null, "stack_info": null, "lineno": 131, "funcName": "_setup_domain_directories", "created": 1749747240.5702918, "msecs": 570.0, "relativeCreated": 255.01608848571777, "thread": 140617731615616, "threadName": "MainThread", "processName": "MainProcess", "process": 4167, "asctime": "2025-06-12 16:54:00,570"}, {"name": "UpdatedBitMEXCollector", "msg": "BitMEXCollector initialized with output directory: G:/ai_trading_dev/data/test_corpus/raw_data/Bitmex_research", "args": null, "levelname": "INFO", "levelno": 20, "pathname": "/workspace/codex_try/CorpusBuilderApp/shared_tools/collectors/collect_bitmex.py", "filename": "collect_bitmex.py", "module": "collect_bitmex", "exc_info": null, "exc_text": null, "stack_info": null, "lineno": 35, "funcName": "__init__", "created": 1749747240.5704546, "msecs": 570.0, "relativeCreated": 255.17892837524414, "thread": 140617731615616, "threadName": "MainThread", "processName": "MainProcess", "process": 4167, "asctime": "2025-06-12 16:54:00,570"}, {"name": "UpdatedBitMEXCollector", "msg": "Collecting BitMEX Research blog posts (max 1 pages)", "args": null, "levelname": "INFO", "levelno": 20, "pathname": "/workspace/codex_try/CorpusBuilderApp/shared_tools/collectors/collect_bitmex.py", "filename": "collect_bitmex.py", "module": "collect_bitmex", "exc_info": null, "exc_text": null, "stack_info": null, "lineno": 115, "funcName": "collect", "created": 1749747240.570586, "msecs": 570.0, "relativeCreated": 255.3102970123291, "thread": 140617731615616, "threadName": "MainThread", "processName": "MainProcess", "process": 4167, "asctime": "2025-06-12 16:54:00,570"}, {"name": "UpdatedBitMEXCollector", "msg": "Fetching page: https://blog.bitmex.com", "args": null, "levelname": "INFO", "levelno": 20, "pathname": "/workspace/codex_try/CorpusBuilderApp/shared_tools/collectors/collect_bitmex.py", "filename": "collect_bitmex.py", "module": "collect_bitmex", "exc_info": null, "exc_text": null, "stack_info": null, "lineno": 118, "funcName": "collect", "created": 1749747240.5706582, "msecs": 570.0, "relativeCreated": 255.38253784179688, "thread": 140617731615616, "threadName": "MainThread", "processName": "MainProcess", "process": 4167, "asctime": "2025-06-12 16:54:00,570"}, {"name": "UpdatedBitMEXCollector", "msg": "Found 0 potential post containers", "args": null, "levelname": "INFO", "levelno": 20, "pathname": "/workspace/codex_try/CorpusBuilderApp/shared_tools/collectors/collect_bitmex.py", "filename": "collect_bitmex.py", "module": "collect_bitmex", "exc_info": null, "exc_text": null, "stack_info": null, "lineno": 130, "funcName": "collect", "created": 1749747240.5707996, "msecs": 570.0, "relativeCreated": 255.5239200592041, "thread": 140617731615616, "threadName": "MainThread", "processName": "MainProcess", "process": 4167, "asctime": "2025-06-12 16:54:00,570"}, {"name": "UpdatedBitMEXCollector", "msg": "No posts found with container approach, trying fallback method", "args": null, "levelname": "INFO", "levelno": 20, "pathname": "/workspace/codex_try/CorpusBuilderApp/shared_tools/collectors/collect_bitmex.py", "filename": "collect_bitmex.py", "module": "collect_bitmex", "exc_info": null, "exc_text": null, "stack_info": null, "lineno": 160, "funcName": "collect", "created": 1749747240.570871, "msecs": 570.0, "relativeCreated": 255.59544563293457, "thread": 140617731615616, "threadName": "MainThread", "processName": "MainProcess", "process": 4167, "asctime": "2025-06-12 16:54:00,570"}, {"name": "UpdatedBitMEXCollector", "msg": "Saved metadata for 0 posts to G:/ai_trading_dev/data/test_corpus/raw_data/Bitmex_research/bitmex_research_posts.json", "args": null, "levelname": "INFO", "levelno": 20, "pathname": "/workspace/codex_try/CorpusBuilderApp/shared_tools/collectors/collect_bitmex.py", "filename": "collect_bitmex.py", "module": "collect_bitmex", "exc_info": null, "exc_text": null, "stack_info": null, "lineno": 110, "funcName": "_save_metadata", "created": 1749747240.5711534, "msecs": 571.0, "relativeCreated": 255.87773323059082, "thread": 140617731615616, "threadName": "MainThread", "processName": "MainProcess", "process": 4167, "asctime": "2025-06-12 16:54:00,571"}, {"name": "UpdatedBitMEXCollector", "msg": "Saved metadata for 0 posts to G:/ai_trading_dev/data/test_corpus/raw_data/Bitmex_research/bitmex_research_posts.json", "args": null, "levelname": "INFO", "levelno": 20, "pathname": "/workspace/codex_try/CorpusBuilderApp/shared_tools/collectors/collect_bitmex.py", "filename": "collect_bitmex.py", "module": "collect_bitmex", "exc_info": null, "exc_text": null, "stack_info": null, "lineno": 110, "funcName": "_save_metadata", "created": 1749747240.5716777, "msecs": 571.0, "relativeCreated": 256.40201568603516, "thread": 140617731615616, "threadName": "MainThread", "processName": "MainProcess", "process": 4167, "asctime": "2025-06-12 16:54:00,571"}, {"name": "UpdatedBitMEXCollector", "msg": "Initializing UpdatedBitMEXCollector with output directory: /tmp/pytest-of-root/pytest-8/test_collector_instantiation_c2/raw", "args": null, "levelname": "INFO", "levelno": 20, "pathname": "/workspace/codex_try/CorpusBuilderApp/shared_tools/collectors/base_collector.py", "filename": "base_collector.py", "module": "base_collector", "exc_info": null, "exc_text": null, "stack_info": null, "lineno": 81, "funcName": "__init__", "created": 1749747240.5718496, "msecs": 571.0, "relativeCreated": 256.5739154815674, "thread": 140617731615616, "threadName": "MainThread", "processName": "MainProcess", "process": 4167, "asctime": "2025-06-12 16:54:00,571"}, {"name": "UpdatedBitMEXCollector", "msg": "Setting up domain-based directory structure...", "args": null, "levelname": "INFO", "levelno": 20, "pathname": "/workspace/codex_try/CorpusBuilderApp/shared_tools/collectors/base_collector.py", "filename": "base_collector.py", "module": "base_collector", "exc_info": null, "exc_text": null, "stack_info": null, "lineno": 101, "funcName": "_setup_domain_directories", "created": 1749747240.5719202, "msecs": 571.0, "relativeCreated": 256.64448738098145, "thread": 140617731615616, "threadName": "MainThread", "processName": "MainProcess", "process": 4167, "asctime": "2025-06-12 16:54:00,571"}, {"name": "UpdatedBitMEXCollector", "msg": "Directory structure setup complete", "args": null, "levelname": "INFO", "levelno": 20, "pathname": "/workspace/codex_try/CorpusBuilderApp/shared_tools/collectors/base_collector.py", "filename": "base_collector.py", "module": "base_collector", "exc_info": null, "exc_text": null, "stack_info": null, "lineno": 131, "funcName": "_setup_domain_directories", "created": 1749747240.5722554, "msecs": 572.0, "relativeCreated": 256.97970390319824, "thread": 140617731615616, "threadName": "MainThread", "processName": "MainProcess", "process": 4167, "asctime": "2025-06-12 16:54:00,572"}, {"name": "UpdatedBitMEXCollector", "msg": "BitMEXCollector initialized with output directory: G:/ai_trading_dev/data/test_corpus/raw_data/Bitmex_research", "args": null, "levelname": "INFO", "levelno": 20, "pathname": "/workspace/codex_try/CorpusBuilderApp/shared_tools/collectors/collect_bitmex.py", "filename": "collect_bitmex.py", "module": "collect_bitmex", "exc_info": null, "exc_text": null, "stack_info": null, "lineno": 35, "funcName": "__init__", "created": 1749747240.5723813, "msecs": 572.0, "relativeCreated": 257.10558891296387, "thread": 140617731615616, "threadName": "MainThread", "processName": "MainProcess", "process": 4167, "asctime": "2025-06-12 16:54:00,572"}, {"name": "UpdatedBitMEXCollector", "msg": "Collecting BitMEX Research blog posts (max 1 pages)", "args": null, "levelname": "INFO", "levelno": 20, "pathname": "/workspace/codex_try/CorpusBuilderApp/shared_tools/collectors/collect_bitmex.py", "filename": "collect_bitmex.py", "module": "collect_bitmex", "exc_info": null, "exc_text": null, "stack_info": null, "lineno": 115, "funcName": "collect", "created": 1749747240.5725076, "msecs": 572.0, "relativeCreated": 257.2319507598877, "thread": 140617731615616, "threadName": "MainThread", "processName": "MainProcess", "process": 4167, "asctime": "2025-06-12 16:54:00,572"}, {"name": "UpdatedBitMEXCollector", "msg": "Fetching page: https://blog.bitmex.com", "args": null, "levelname": "INFO", "levelno": 20, "pathname": "/workspace/codex_try/CorpusBuilderApp/shared_tools/collectors/collect_bitmex.py", "filename": "collect_bitmex.py", "module": "collect_bitmex", "exc_info": null, "exc_text": null, "stack_info": null, "lineno": 118, "funcName": "collect", "created": 1749747240.5725763, "msecs": 572.0, "relativeCreated": 257.30061531066895, "thread": 140617731615616, "threadName": "MainThread", "processName": "MainProcess", "process": 4167, "asctime": "2025-06-12 16:54:00,572"}, {"name": "UpdatedBitMEXCollector", "msg": "Found 0 potential post containers", "args": null, "levelname": "INFO", "levelno": 20, "pathname": "/workspace/codex_try/CorpusBuilderApp/shared_tools/collectors/collect_bitmex.py", "filename": "collect_bitmex.py", "module": "collect_bitmex", "exc_info": null, "exc_text": null, "stack_info": null, "lineno": 130, "funcName": "collect", "created": 1749747240.5727088, "msecs": 572.0, "relativeCreated": 257.4331760406494, "thread": 140617731615616, "threadName": "MainThread", "processName": "MainProcess", "process": 4167, "asctime": "2025-06-12 16:54:00,572"}, {"name": "UpdatedBitMEXCollector", "msg": "No posts found with container approach, trying fallback method", "args": null, "levelname": "INFO", "levelno": 20, "pathname": "/workspace/codex_try/CorpusBuilderApp/shared_tools/collectors/collect_bitmex.py", "filename": "collect_bitmex.py", "module": "collect_bitmex", "exc_info": null, "exc_text": null, "stack_info": null, "lineno": 160, "funcName": "collect", "created": 1749747240.5727782, "msecs": 572.0, "relativeCreated": 257.50255584716797, "thread": 140617731615616, "threadName": "MainThread", "processName": "MainProcess", "process": 4167, "asctime": "2025-06-12 16:54:00,572"}, {"name": "UpdatedBitMEXCollector", "msg": "Saved metadata for 0 posts to G:/ai_trading_dev/data/test_corpus/raw_data/Bitmex_research/bitmex_research_posts.json", "args": null, "levelname": "INFO", "levelno": 20, "pathname": "/workspace/codex_try/CorpusBuilderApp/shared_tools/collectors/collect_bitmex.py", "filename": "collect_bitmex.py", "module": "collect_bitmex", "exc_info": null, "exc_text": null, "stack_info": null, "lineno": 110, "funcName": "_save_metadata", "created": 1749747240.5729704, "msecs": 572.0, "relativeCreated": 257.6947212219238, "thread": 140617731615616, "threadName": "MainThread", "processName": "MainProcess", "process": 4167, "asctime": "2025-06-12 16:54:00,572"}, {"name": "UpdatedBitMEXCollector", "msg": "Saved metadata for 0 posts to G:/ai_trading_dev/data/test_corpus/raw_data/Bitmex_research/bitmex_research_posts.json", "args": null, "levelname": "INFO", "levelno": 20, "pathname": "/workspace/codex_try/CorpusBuilderApp/shared_tools/collectors/collect_bitmex.py", "filename": "collect_bitmex.py", "module": "collect_bitmex", "exc_info": null, "exc_text": null, "stack_info": null, "lineno": 110, "funcName": "_save_metadata", "created": 1749747240.5732162, "msecs": 573.0, "relativeCreated": 257.94053077697754, "thread": 140617731615616, "threadName": "MainThread", "processName": "MainProcess", "process": 4167, "asctime": "2025-06-12 16:54:00,573"}]}, "teardown": {"duration": 0.0001635999999507476, "outcome": "passed"}}, {"nodeid": "tests/collectors/test_collectors.py::test_collector_instantiation[collect_general_web_corpus]", "lineno": 8, "outcome": "skipped", "keywords": ["test_collector_instantiation[collect_general_web_corpus]", "parametrize", "pytestmark", "collect_general_web_corpus", "test_collectors.py", "collectors", "tests", "codex_try", ""], "setup": {"duration": 0.00051133200008735, "outcome": "passed"}, "call": {"duration": 0.0009802929999978005, "outcome": "skipped", "longrepr": "('/workspace/codex_try/tests/collectors/test_collectors.py', 14, 'Skipped: module import failed: collect_general_web_corpus')"}, "teardown": {"duration": 0.0001708099999859769, "outcome": "passed"}}, {"nodeid": "tests/collectors/test_collectors.py::test_collector_instantiation[collect_isda]", "lineno": 8, "outcome": "passed", "keywords": ["test_collector_instantiation[collect_isda]", "parametrize", "pytestmark", "collect_isda", "test_collectors.py", "collectors", "tests", "codex_try", ""], "setup": {"duration": 0.000509225000087099, "outcome": "passed"}, "call": {"duration": 0.005542069000057381, "outcome": "passed", "stderr": "2025-06-12 16:54:00,578 - ISDADocumentationCollector - INFO - Initializing ISDADocumentationCollector with output directory: /tmp/pytest-of-root/pytest-8/test_collector_instantiation_c4/raw\n2025-06-12 16:54:00,578 - ISDADocumentationCollector - INFO - Setting up domain-based directory structure...\n2025-06-12 16:54:00,579 - ISDADocumentationCollector - INFO - Directory structure setup complete\n2025-06-12 16:54:00,579 - ISDADocumentationCollector - INFO - ISDA directory set to: /tmp/pytest-of-root/pytest-8/test_collector_instantiation_c4/raw/ISDA\n2025-06-12 16:54:00,579 - ISDADocumentationCollector - INFO - Checking ISDA main site navigation for documentation links\n2025-06-12 16:54:00,580 - ISDADocumentationCollector - ERROR - Error checking main site: 'Resp' object has no attribute 'raise_for_status'\n2025-06-12 16:54:00,580 - ISDADocumentationCollector - INFO - Checking potential documentation URL: https://www.isda.org/books/\n2025-06-12 16:54:00,580 - ISDADocumentationCollector - ERROR - Error checking https://www.isda.org/books/: '_BS' object has no attribute 'title'\n2025-06-12 16:54:00,580 - ISDADocumentationCollector - INFO - Checking potential documentation URL: https://www.isda.org/documentation/\n2025-06-12 16:54:00,580 - ISDADocumentationCollector - ERROR - Error checking https://www.isda.org/documentation/: '_BS' object has no attribute 'title'\n2025-06-12 16:54:00,580 - ISDADocumentationCollector - INFO - Checking potential documentation URL: https://www.isda.org/documents/\n2025-06-12 16:54:00,581 - ISDADocumentationCollector - ERROR - Error checking https://www.isda.org/documents/: '_BS' object has no attribute 'title'\n2025-06-12 16:54:00,581 - ISDADocumentationCollector - INFO - Checking potential documentation URL: https://www.isda.org/protocols/\n2025-06-12 16:54:00,581 - ISDADocumentationCollector - ERROR - Error checking https://www.isda.org/protocols/: '_BS' object has no attribute 'title'\n2025-06-12 16:54:00,581 - ISDADocumentationCollector - INFO - Checking potential documentation URL: https://www.isda.org/guides/\n2025-06-12 16:54:00,581 - ISDADocumentationCollector - ERROR - Error checking https://www.isda.org/guides/: '_BS' object has no attribute 'title'\n2025-06-12 16:54:00,581 - ISDADocumentationCollector - INFO - Checking potential documentation URL: https://www.isda.org/bookstore/\n2025-06-12 16:54:00,581 - ISDADocumentationCollector - ERROR - Error checking https://www.isda.org/bookstore/: '_BS' object has no attribute 'title'\n2025-06-12 16:54:00,581 - ISDADocumentationCollector - INFO - Checking potential documentation URL: https://www.isda.org/books-and-protocols/\n2025-06-12 16:54:00,581 - ISDADocumentationCollector - ERROR - Error checking https://www.isda.org/books-and-protocols/: '_BS' object has no attribute 'title'\n2025-06-12 16:54:00,582 - ISDADocumentationCollector - INFO - Checking potential documentation URL: https://www.isda.org/book-and-protocol-list/\n2025-06-12 16:54:00,582 - ISDADocumentationCollector - ERROR - Error checking https://www.isda.org/book-and-protocol-list/: '_BS' object has no attribute 'title'\n2025-06-12 16:54:00,582 - ISDADocumentationCollector - INFO - Checking potential documentation URL: https://www.isda.org/legal-documentation/\n2025-06-12 16:54:00,582 - ISDADocumentationCollector - ERROR - Error checking https://www.isda.org/legal-documentation/: '_BS' object has no attribute 'title'\n2025-06-12 16:54:00,582 - ISDADocumentationCollector - INFO - Checking search page: https://www.isda.org/?s=documentation+protocol\n2025-06-12 16:54:00,582 - ISDADocumentationCollector - INFO - Found 0 potential documentation pages, saved to /tmp/pytest-of-root/pytest-8/test_collector_instantiation_c4/raw/ISDA/isda_documentation_sources.json\n2025-06-12 16:54:00,582 - ISDADocumentationCollector - INFO - Collecting ISDA documentation from 0 sources\n", "log": [{"name": "ISDADocumentationCollector", "msg": "Initializing ISDADocumentationCollector with output directory: /tmp/pytest-of-root/pytest-8/test_collector_instantiation_c4/raw", "args": null, "levelname": "INFO", "levelno": 20, "pathname": "/workspace/codex_try/CorpusBuilderApp/shared_tools/collectors/base_collector.py", "filename": "base_collector.py", "module": "base_collector", "exc_info": null, "exc_text": null, "stack_info": null, "lineno": 81, "funcName": "__init__", "created": 1749747240.578156, "msecs": 578.0, "relativeCreated": 262.8803253173828, "thread": 140617731615616, "threadName": "MainThread", "processName": "MainProcess", "process": 4167, "asctime": "2025-06-12 16:54:00,578"}, {"name": "ISDADocumentationCollector", "msg": "Setting up domain-based directory structure...", "args": null, "levelname": "INFO", "levelno": 20, "pathname": "/workspace/codex_try/CorpusBuilderApp/shared_tools/collectors/base_collector.py", "filename": "base_collector.py", "module": "base_collector", "exc_info": null, "exc_text": null, "stack_info": null, "lineno": 101, "funcName": "_setup_domain_directories", "created": 1749747240.5782712, "msecs": 578.0, "relativeCreated": 262.99548149108887, "thread": 140617731615616, "threadName": "MainThread", "processName": "MainProcess", "process": 4167, "asctime": "2025-06-12 16:54:00,578"}, {"name": "ISDADocumentationCollector", "msg": "Directory structure setup complete", "args": null, "levelname": "INFO", "levelno": 20, "pathname": "/workspace/codex_try/CorpusBuilderApp/shared_tools/collectors/base_collector.py", "filename": "base_collector.py", "module": "base_collector", "exc_info": null, "exc_text": null, "stack_info": null, "lineno": 131, "funcName": "_setup_domain_directories", "created": 1749747240.579596, "msecs": 579.0, "relativeCreated": 264.32037353515625, "thread": 140617731615616, "threadName": "MainThread", "processName": "MainProcess", "process": 4167, "asctime": "2025-06-12 16:54:00,579"}, {"name": "ISDADocumentationCollector", "msg": "ISDA directory set to: /tmp/pytest-of-root/pytest-8/test_collector_instantiation_c4/raw/ISDA", "args": null, "levelname": "INFO", "levelno": 20, "pathname": "/workspace/codex_try/CorpusBuilderApp/shared_tools/collectors/collect_isda.py", "filename": "collect_isda.py", "module": "collect_isda", "exc_info": null, "exc_text": null, "stack_info": null, "lineno": 27, "funcName": "__init__", "created": 1749747240.579773, "msecs": 579.0, "relativeCreated": 264.4972801208496, "thread": 140617731615616, "threadName": "MainThread", "processName": "MainProcess", "process": 4167, "asctime": "2025-06-12 16:54:00,579"}, {"name": "ISDADocumentationCollector", "msg": "Checking ISDA main site navigation for documentation links", "args": null, "levelname": "INFO", "levelno": 20, "pathname": "/workspace/codex_try/CorpusBuilderApp/shared_tools/collectors/collect_isda.py", "filename": "collect_isda.py", "module": "collect_isda", "exc_info": null, "exc_text": null, "stack_info": null, "lineno": 48, "funcName": "find_isda_documentation", "created": 1749747240.5799053, "msecs": 579.0, "relativeCreated": 264.629602432251, "thread": 140617731615616, "threadName": "MainThread", "processName": "MainProcess", "process": 4167, "asctime": "2025-06-12 16:54:00,579"}, {"name": "ISDADocumentationCollector", "msg": "Error checking main site: 'Resp' object has no attribute 'raise_for_status'", "args": null, "levelname": "ERROR", "levelno": 40, "pathname": "/workspace/codex_try/CorpusBuilderApp/shared_tools/collectors/collect_isda.py", "filename": "collect_isda.py", "module": "collect_isda", "exc_info": null, "exc_text": null, "stack_info": null, "lineno": 67, "funcName": "find_isda_documentation", "created": 1749747240.5800521, "msecs": 580.0, "relativeCreated": 264.77646827697754, "thread": 140617731615616, "threadName": "MainThread", "processName": "MainProcess", "process": 4167, "asctime": "2025-06-12 16:54:00,580"}, {"name": "ISDADocumentationCollector", "msg": "Checking potential documentation URL: https://www.isda.org/books/", "args": null, "levelname": "INFO", "levelno": 20, "pathname": "/workspace/codex_try/CorpusBuilderApp/shared_tools/collectors/collect_isda.py", "filename": "collect_isda.py", "module": "collect_isda", "exc_info": null, "exc_text": null, "stack_info": null, "lineno": 71, "funcName": "find_isda_documentation", "created": 1749747240.5801861, "msecs": 580.0, "relativeCreated": 264.9104595184326, "thread": 140617731615616, "threadName": "MainThread", "processName": "MainProcess", "process": 4167, "asctime": "2025-06-12 16:54:00,580"}, {"name": "ISDADocumentationCollector", "msg": "Error checking https://www.isda.org/books/: '_BS' object has no attribute 'title'", "args": null, "levelname": "ERROR", "levelno": 40, "pathname": "/workspace/codex_try/CorpusBuilderApp/shared_tools/collectors/collect_isda.py", "filename": "collect_isda.py", "module": "collect_isda", "exc_info": null, "exc_text": null, "stack_info": null, "lineno": 129, "funcName": "find_isda_documentation", "created": 1749747240.5806036, "msecs": 580.0, "relativeCreated": 265.32793045043945, "thread": 140617731615616, "threadName": "MainThread", "processName": "MainProcess", "process": 4167, "asctime": "2025-06-12 16:54:00,580"}, {"name": "ISDADocumentationCollector", "msg": "Checking potential documentation URL: https://www.isda.org/documentation/", "args": null, "levelname": "INFO", "levelno": 20, "pathname": "/workspace/codex_try/CorpusBuilderApp/shared_tools/collectors/collect_isda.py", "filename": "collect_isda.py", "module": "collect_isda", "exc_info": null, "exc_text": null, "stack_info": null, "lineno": 71, "funcName": "find_isda_documentation", "created": 1749747240.5806918, "msecs": 580.0, "relativeCreated": 265.41614532470703, "thread": 140617731615616, "threadName": "MainThread", "processName": "MainProcess", "process": 4167, "asctime": "2025-06-12 16:54:00,580"}, {"name": "ISDADocumentationCollector", "msg": "Error checking https://www.isda.org/documentation/: '_BS' object has no attribute 'title'", "args": null, "levelname": "ERROR", "levelno": 40, "pathname": "/workspace/codex_try/CorpusBuilderApp/shared_tools/collectors/collect_isda.py", "filename": "collect_isda.py", "module": "collect_isda", "exc_info": null, "exc_text": null, "stack_info": null, "lineno": 129, "funcName": "find_isda_documentation", "created": 1749747240.580833, "msecs": 580.0, "relativeCreated": 265.55728912353516, "thread": 140617731615616, "threadName": "MainThread", "processName": "MainProcess", "process": 4167, "asctime": "2025-06-12 16:54:00,580"}, {"name": "ISDADocumentationCollector", "msg": "Checking potential documentation URL: https://www.isda.org/documents/", "args": null, "levelname": "INFO", "levelno": 20, "pathname": "/workspace/codex_try/CorpusBuilderApp/shared_tools/collectors/collect_isda.py", "filename": "collect_isda.py", "module": "collect_isda", "exc_info": null, "exc_text": null, "stack_info": null, "lineno": 71, "funcName": "find_isda_documentation", "created": 1749747240.5809014, "msecs": 580.0, "relativeCreated": 265.6257152557373, "thread": 140617731615616, "threadName": "MainThread", "processName": "MainProcess", "process": 4167, "asctime": "2025-06-12 16:54:00,580"}, {"name": "ISDADocumentationCollector", "msg": "Error checking https://www.isda.org/documents/: '_BS' object has no attribute 'title'", "args": null, "levelname": "ERROR", "levelno": 40, "pathname": "/workspace/codex_try/CorpusBuilderApp/shared_tools/collectors/collect_isda.py", "filename": "collect_isda.py", "module": "collect_isda", "exc_info": null, "exc_text": null, "stack_info": null, "lineno": 129, "funcName": "find_isda_documentation", "created": 1749747240.581029, "msecs": 581.0, "relativeCreated": 265.75326919555664, "thread": 140617731615616, "threadName": "MainThread", "processName": "MainProcess", "process": 4167, "asctime": "2025-06-12 16:54:00,581"}, {"name": "ISDADocumentationCollector", "msg": "Checking potential documentation URL: https://www.isda.org/protocols/", "args": null, "levelname": "INFO", "levelno": 20, "pathname": "/workspace/codex_try/CorpusBuilderApp/shared_tools/collectors/collect_isda.py", "filename": "collect_isda.py", "module": "collect_isda", "exc_info": null, "exc_text": null, "stack_info": null, "lineno": 71, "funcName": "find_isda_documentation", "created": 1749747240.581097, "msecs": 581.0, "relativeCreated": 265.8212184906006, "thread": 140617731615616, "threadName": "MainThread", "processName": "MainProcess", "process": 4167, "asctime": "2025-06-12 16:54:00,581"}, {"name": "ISDADocumentationCollector", "msg": "Error checking https://www.isda.org/protocols/: '_BS' object has no attribute 'title'", "args": null, "levelname": "ERROR", "levelno": 40, "pathname": "/workspace/codex_try/CorpusBuilderApp/shared_tools/collectors/collect_isda.py", "filename": "collect_isda.py", "module": "collect_isda", "exc_info": null, "exc_text": null, "stack_info": null, "lineno": 129, "funcName": "find_isda_documentation", "created": 1749747240.5812201, "msecs": 581.0, "relativeCreated": 265.9444808959961, "thread": 140617731615616, "threadName": "MainThread", "processName": "MainProcess", "process": 4167, "asctime": "2025-06-12 16:54:00,581"}, {"name": "ISDADocumentationCollector", "msg": "Checking potential documentation URL: https://www.isda.org/guides/", "args": null, "levelname": "INFO", "levelno": 20, "pathname": "/workspace/codex_try/CorpusBuilderApp/shared_tools/collectors/collect_isda.py", "filename": "collect_isda.py", "module": "collect_isda", "exc_info": null, "exc_text": null, "stack_info": null, "lineno": 71, "funcName": "find_isda_documentation", "created": 1749747240.5812876, "msecs": 581.0, "relativeCreated": 266.01195335388184, "thread": 140617731615616, "threadName": "MainThread", "processName": "MainProcess", "process": 4167, "asctime": "2025-06-12 16:54:00,581"}, {"name": "ISDADocumentationCollector", "msg": "Error checking https://www.isda.org/guides/: '_BS' object has no attribute 'title'", "args": null, "levelname": "ERROR", "levelno": 40, "pathname": "/workspace/codex_try/CorpusBuilderApp/shared_tools/collectors/collect_isda.py", "filename": "collect_isda.py", "module": "collect_isda", "exc_info": null, "exc_text": null, "stack_info": null, "lineno": 129, "funcName": "find_isda_documentation", "created": 1749747240.5815268, "msecs": 581.0, "relativeCreated": 266.2510871887207, "thread": 140617731615616, "threadName": "MainThread", "processName": "MainProcess", "process": 4167, "asctime": "2025-06-12 16:54:00,581"}, {"name": "ISDADocumentationCollector", "msg": "Checking potential documentation URL: https://www.isda.org/bookstore/", "args": null, "levelname": "INFO", "levelno": 20, "pathname": "/workspace/codex_try/CorpusBuilderApp/shared_tools/collectors/collect_isda.py", "filename": "collect_isda.py", "module": "collect_isda", "exc_info": null, "exc_text": null, "stack_info": null, "lineno": 71, "funcName": "find_isda_documentation", "created": 1749747240.581605, "msecs": 581.0, "relativeCreated": 266.329288482666, "thread": 140617731615616, "threadName": "MainThread", "processName": "MainProcess", "process": 4167, "asctime": "2025-06-12 16:54:00,581"}, {"name": "ISDADocumentationCollector", "msg": "Error checking https://www.isda.org/bookstore/: '_BS' object has no attribute 'title'", "args": null, "levelname": "ERROR", "levelno": 40, "pathname": "/workspace/codex_try/CorpusBuilderApp/shared_tools/collectors/collect_isda.py", "filename": "collect_isda.py", "module": "collect_isda", "exc_info": null, "exc_text": null, "stack_info": null, "lineno": 129, "funcName": "find_isda_documentation", "created": 1749747240.5817373, "msecs": 581.0, "relativeCreated": 266.4616107940674, "thread": 140617731615616, "threadName": "MainThread", "processName": "MainProcess", "process": 4167, "asctime": "2025-06-12 16:54:00,581"}, {"name": "ISDADocumentationCollector", "msg": "Checking potential documentation URL: https://www.isda.org/books-and-protocols/", "args": null, "levelname": "INFO", "levelno": 20, "pathname": "/workspace/codex_try/CorpusBuilderApp/shared_tools/collectors/collect_isda.py", "filename": "collect_isda.py", "module": "collect_isda", "exc_info": null, "exc_text": null, "stack_info": null, "lineno": 71, "funcName": "find_isda_documentation", "created": 1749747240.581805, "msecs": 581.0, "relativeCreated": 266.5293216705322, "thread": 140617731615616, "threadName": "MainThread", "processName": "MainProcess", "process": 4167, "asctime": "2025-06-12 16:54:00,581"}, {"name": "ISDADocumentationCollector", "msg": "Error checking https://www.isda.org/books-and-protocols/: '_BS' object has no attribute 'title'", "args": null, "levelname": "ERROR", "levelno": 40, "pathname": "/workspace/codex_try/CorpusBuilderApp/shared_tools/collectors/collect_isda.py", "filename": "collect_isda.py", "module": "collect_isda", "exc_info": null, "exc_text": null, "stack_info": null, "lineno": 129, "funcName": "find_isda_documentation", "created": 1749747240.5819285, "msecs": 581.0, "relativeCreated": 266.65282249450684, "thread": 140617731615616, "threadName": "MainThread", "processName": "MainProcess", "process": 4167, "asctime": "2025-06-12 16:54:00,581"}, {"name": "ISDADocumentationCollector", "msg": "Checking potential documentation URL: https://www.isda.org/book-and-protocol-list/", "args": null, "levelname": "INFO", "levelno": 20, "pathname": "/workspace/codex_try/CorpusBuilderApp/shared_tools/collectors/collect_isda.py", "filename": "collect_isda.py", "module": "collect_isda", "exc_info": null, "exc_text": null, "stack_info": null, "lineno": 71, "funcName": "find_isda_documentation", "created": 1749747240.5820081, "msecs": 582.0, "relativeCreated": 266.73245429992676, "thread": 140617731615616, "threadName": "MainThread", "processName": "MainProcess", "process": 4167, "asctime": "2025-06-12 16:54:00,582"}, {"name": "ISDADocumentationCollector", "msg": "Error checking https://www.isda.org/book-and-protocol-list/: '_BS' object has no attribute 'title'", "args": null, "levelname": "ERROR", "levelno": 40, "pathname": "/workspace/codex_try/CorpusBuilderApp/shared_tools/collectors/collect_isda.py", "filename": "collect_isda.py", "module": "collect_isda", "exc_info": null, "exc_text": null, "stack_info": null, "lineno": 129, "funcName": "find_isda_documentation", "created": 1749747240.582141, "msecs": 582.0, "relativeCreated": 266.8652534484863, "thread": 140617731615616, "threadName": "MainThread", "processName": "MainProcess", "process": 4167, "asctime": "2025-06-12 16:54:00,582"}, {"name": "ISDADocumentationCollector", "msg": "Checking potential documentation URL: https://www.isda.org/legal-documentation/", "args": null, "levelname": "INFO", "levelno": 20, "pathname": "/workspace/codex_try/CorpusBuilderApp/shared_tools/collectors/collect_isda.py", "filename": "collect_isda.py", "module": "collect_isda", "exc_info": null, "exc_text": null, "stack_info": null, "lineno": 71, "funcName": "find_isda_documentation", "created": 1749747240.5822113, "msecs": 582.0, "relativeCreated": 266.9355869293213, "thread": 140617731615616, "threadName": "MainThread", "processName": "MainProcess", "process": 4167, "asctime": "2025-06-12 16:54:00,582"}, {"name": "ISDADocumentationCollector", "msg": "Error checking https://www.isda.org/legal-documentation/: '_BS' object has no attribute 'title'", "args": null, "levelname": "ERROR", "levelno": 40, "pathname": "/workspace/codex_try/CorpusBuilderApp/shared_tools/collectors/collect_isda.py", "filename": "collect_isda.py", "module": "collect_isda", "exc_info": null, "exc_text": null, "stack_info": null, "lineno": 129, "funcName": "find_isda_documentation", "created": 1749747240.5823348, "msecs": 582.0, "relativeCreated": 267.0590877532959, "thread": 140617731615616, "threadName": "MainThread", "processName": "MainProcess", "process": 4167, "asctime": "2025-06-12 16:54:00,582"}, {"name": "ISDADocumentationCollector", "msg": "Checking search page: https://www.isda.org/?s=documentation+protocol", "args": null, "levelname": "INFO", "levelno": 20, "pathname": "/workspace/codex_try/CorpusBuilderApp/shared_tools/collectors/collect_isda.py", "filename": "collect_isda.py", "module": "collect_isda", "exc_info": null, "exc_text": null, "stack_info": null, "lineno": 134, "funcName": "find_isda_documentation", "created": 1749747240.5824044, "msecs": 582.0, "relativeCreated": 267.12870597839355, "thread": 140617731615616, "threadName": "MainThread", "processName": "MainProcess", "process": 4167, "asctime": "2025-06-12 16:54:00,582"}, {"name": "ISDADocumentationCollector", "msg": "Found 0 potential documentation pages, saved to /tmp/pytest-of-root/pytest-8/test_collector_instantiation_c4/raw/ISDA/isda_documentation_sources.json", "args": null, "levelname": "INFO", "levelno": 20, "pathname": "/workspace/codex_try/CorpusBuilderApp/shared_tools/collectors/collect_isda.py", "filename": "collect_isda.py", "module": "collect_isda", "exc_info": null, "exc_text": null, "stack_info": null, "lineno": 182, "funcName": "find_isda_documentation", "created": 1749747240.5826352, "msecs": 582.0, "relativeCreated": 267.35949516296387, "thread": 140617731615616, "threadName": "MainThread", "processName": "MainProcess", "process": 4167, "asctime": "2025-06-12 16:54:00,582"}, {"name": "ISDADocumentationCollector", "msg": "Collecting ISDA documentation from 0 sources", "args": null, "levelname": "INFO", "levelno": 20, "pathname": "/workspace/codex_try/CorpusBuilderApp/shared_tools/collectors/collect_isda.py", "filename": "collect_isda.py", "module": "collect_isda", "exc_info": null, "exc_text": null, "stack_info": null, "lineno": 268, "funcName": "collect", "created": 1749747240.5827274, "msecs": 582.0, "relativeCreated": 267.4517631530762, "thread": 140617731615616, "threadName": "MainThread", "processName": "MainProcess", "process": 4167, "asctime": "2025-06-12 16:54:00,582"}]}, "teardown": {"duration": 0.0001770039999655637, "outcome": "passed"}}, {"nodeid": "tests/collectors/test_collectors.py::test_collector_instantiation[enhanced_client]", "lineno": 8, "outcome": "skipped", "keywords": ["test_collector_instantiation[enhanced_client]", "parametrize", "pytestmark", "enhanced_client", "test_collectors.py", "collectors", "tests", "codex_try", ""], "setup": {"duration": 0.00047229700010120723, "outcome": "passed"}, "call": {"duration": 0.0006729149999955553, "outcome": "skipped", "longrepr": "('/workspace/codex_try/tests/collectors/test_collectors.py', 14, 'Skipped: module import failed: enhanced_client')"}, "teardown": {"duration": 0.0001548769999999422, "outcome": "passed"}}, {"nodeid": "tests/collectors/test_collectors.py::test_collector_instantiation[enhanced_scidb_collector]", "lineno": 8, "outcome": "skipped", "keywords": ["test_collector_instantiation[enhanced_scidb_collector]", "parametrize", "pytestmark", "enhanced_scidb_collector", "test_collectors.py", "collectors", "tests", "codex_try", ""], "setup": {"duration": 0.0004950989999770172, "outcome": "passed"}, "call": {"duration": 0.0011620089999269112, "outcome": "skipped", "longrepr": "('/workspace/codex_try/tests/collectors/test_collectors.py', 14, 'Skipped: module import failed: enhanced_scidb_collector')"}, "teardown": {"duration": 0.00020331600001100014, "outcome": "passed"}}, {"nodeid": "tests/collectors/test_collectors.py::test_collector_instantiation[fred_collector]", "lineno": 8, "outcome": "skipped", "keywords": ["test_collector_instantiation[fred_collector]", "parametrize", "pytestmark", "fred_collector", "test_collectors.py", "collectors", "tests", "codex_try", ""], "setup": {"duration": 0.0004759939999985363, "outcome": "passed"}, "call": {"duration": 0.002799349000042639, "outcome": "skipped", "stderr": "2025-06-12 16:54:00,589 - FREDCollector - INFO - Initializing FREDCollector with output directory: /tmp/pytest-of-root/pytest-8/test_collector_instantiation_f0/raw\n2025-06-12 16:54:00,590 - FREDCollector - INFO - Setting up domain-based directory structure...\n2025-06-12 16:54:00,591 - FREDCollector - INFO - Directory structure setup complete\n", "log": [{"name": "FREDCollector", "msg": "Initializing FREDCollector with output directory: /tmp/pytest-of-root/pytest-8/test_collector_instantiation_f0/raw", "args": null, "levelname": "INFO", "levelno": 20, "pathname": "/workspace/codex_try/CorpusBuilderApp/shared_tools/collectors/base_collector.py", "filename": "base_collector.py", "module": "base_collector", "exc_info": null, "exc_text": null, "stack_info": null, "lineno": 81, "funcName": "__init__", "created": 1749747240.589994, "msecs": 589.0, "relativeCreated": 274.7182846069336, "thread": 140617731615616, "threadName": "MainThread", "processName": "MainProcess", "process": 4167, "asctime": "2025-06-12 16:54:00,589"}, {"name": "FREDCollector", "msg": "Setting up domain-based directory structure...", "args": null, "levelname": "INFO", "levelno": 20, "pathname": "/workspace/codex_try/CorpusBuilderApp/shared_tools/collectors/base_collector.py", "filename": "base_collector.py", "module": "base_collector", "exc_info": null, "exc_text": null, "stack_info": null, "lineno": 101, "funcName": "_setup_domain_directories", "created": 1749747240.5901096, "msecs": 590.0, "relativeCreated": 274.83391761779785, "thread": 140617731615616, "threadName": "MainThread", "processName": "MainProcess", "process": 4167, "asctime": "2025-06-12 16:54:00,590"}, {"name": "FREDCollector", "msg": "Directory structure setup complete", "args": null, "levelname": "INFO", "levelno": 20, "pathname": "/workspace/codex_try/CorpusBuilderApp/shared_tools/collectors/base_collector.py", "filename": "base_collector.py", "module": "base_collector", "exc_info": null, "exc_text": null, "stack_info": null, "lineno": 131, "funcName": "_setup_domain_directories", "created": 1749747240.5913815, "msecs": 591.0, "relativeCreated": 276.1058807373047, "thread": 140617731615616, "threadName": "MainThread", "processName": "MainProcess", "process": 4167, "asctime": "2025-06-12 16:54:00,591"}], "longrepr": "('/workspace/codex_try/tests/collectors/test_collectors.py', 21, 'Skipped: init failed for FREDCollector')"}, "teardown": {"duration": 0.00016906899998048175, "outcome": "passed"}}, {"nodeid": "tests/collectors/test_collectors.py::test_collector_instantiation[github_collector]", "lineno": 8, "outcome": "passed", "keywords": ["test_collector_instantiation[github_collector]", "parametrize", "pytestmark", "github_collector", "test_collectors.py", "collectors", "tests", "codex_try", ""], "setup": {"duration": 0.0004654340000342927, "outcome": "passed"}, "call": {"duration": 0.002972044999978607, "outcome": "passed", "stderr": "2025-06-12 16:54:00,593 - GitHubCollector - INFO - Initializing GitHubCollector with output directory: /tmp/pytest-of-root/pytest-8/test_collector_instantiation_g0/raw\n2025-06-12 16:54:00,593 - GitHubCollector - INFO - Setting up domain-based directory structure...\n2025-06-12 16:54:00,595 - GitHubCollector - INFO - Directory structure setup complete\n2025-06-12 16:54:00,595 - GitHubCollector - INFO - GitHub directory set to: /tmp/pytest-of-root/pytest-8/test_collector_instantiation_g0/raw/Github\n2025-06-12 16:54:00,595 - GitHubCollector - INFO - Cache size: 0\n2025-06-12 16:54:00,595 - GitHubCollector - INFO - First 5 cache entries: []\n2025-06-12 16:54:00,595 - GitHubCollector - ERROR - Either search_terms or topic must be provided\n", "log": [{"name": "GitHubCollector", "msg": "Initializing GitHubCollector with output directory: /tmp/pytest-of-root/pytest-8/test_collector_instantiation_g0/raw", "args": null, "levelname": "INFO", "levelno": 20, "pathname": "/workspace/codex_try/CorpusBuilderApp/shared_tools/collectors/base_collector.py", "filename": "base_collector.py", "module": "base_collector", "exc_info": null, "exc_text": null, "stack_info": null, "lineno": 81, "funcName": "__init__", "created": 1749747240.5938196, "msecs": 593.0, "relativeCreated": 278.54394912719727, "thread": 140617731615616, "threadName": "MainThread", "processName": "MainProcess", "process": 4167, "asctime": "2025-06-12 16:54:00,593"}, {"name": "GitHubCollector", "msg": "Setting up domain-based directory structure...", "args": null, "levelname": "INFO", "levelno": 20, "pathname": "/workspace/codex_try/CorpusBuilderApp/shared_tools/collectors/base_collector.py", "filename": "base_collector.py", "module": "base_collector", "exc_info": null, "exc_text": null, "stack_info": null, "lineno": 101, "funcName": "_setup_domain_directories", "created": 1749747240.5939336, "msecs": 593.0, "relativeCreated": 278.6579132080078, "thread": 140617731615616, "threadName": "MainThread", "processName": "MainProcess", "process": 4167, "asctime": "2025-06-12 16:54:00,593"}, {"name": "GitHubCollector", "msg": "Directory structure setup complete", "args": null, "levelname": "INFO", "levelno": 20, "pathname": "/workspace/codex_try/CorpusBuilderApp/shared_tools/collectors/base_collector.py", "filename": "base_collector.py", "module": "base_collector", "exc_info": null, "exc_text": null, "stack_info": null, "lineno": 131, "funcName": "_setup_domain_directories", "created": 1749747240.5952356, "msecs": 595.0, "relativeCreated": 279.95991706848145, "thread": 140617731615616, "threadName": "MainThread", "processName": "MainProcess", "process": 4167, "asctime": "2025-06-12 16:54:00,595"}, {"name": "GitHubCollector", "msg": "GitHub directory set to: /tmp/pytest-of-root/pytest-8/test_collector_instantiation_g0/raw/Github", "args": null, "levelname": "INFO", "levelno": 20, "pathname": "/workspace/codex_try/CorpusBuilderApp/shared_tools/collectors/github_collector.py", "filename": "github_collector.py", "module": "github_collector", "exc_info": null, "exc_text": null, "stack_info": null, "lineno": 49, "funcName": "__init__", "created": 1749747240.5954096, "msecs": 595.0, "relativeCreated": 280.1339626312256, "thread": 140617731615616, "threadName": "MainThread", "processName": "MainProcess", "process": 4167, "asctime": "2025-06-12 16:54:00,595"}, {"name": "GitHubCollector", "msg": "Cache size: 0", "args": null, "levelname": "INFO", "levelno": 20, "pathname": "/workspace/codex_try/CorpusBuilderApp/shared_tools/collectors/github_collector.py", "filename": "github_collector.py", "module": "github_collector", "exc_info": null, "exc_text": null, "stack_info": null, "lineno": 56, "funcName": "__init__", "created": 1749747240.5954862, "msecs": 595.0, "relativeCreated": 280.2104949951172, "thread": 140617731615616, "threadName": "MainThread", "processName": "MainProcess", "process": 4167, "asctime": "2025-06-12 16:54:00,595"}, {"name": "GitHubCollector", "msg": "First 5 cache entries: []", "args": null, "levelname": "INFO", "levelno": 20, "pathname": "/workspace/codex_try/CorpusBuilderApp/shared_tools/collectors/github_collector.py", "filename": "github_collector.py", "module": "github_collector", "exc_info": null, "exc_text": null, "stack_info": null, "lineno": 57, "funcName": "__init__", "created": 1749747240.595551, "msecs": 595.0, "relativeCreated": 280.2753448486328, "thread": 140617731615616, "threadName": "MainThread", "processName": "MainProcess", "process": 4167, "asctime": "2025-06-12 16:54:00,595"}, {"name": "GitHubCollector", "msg": "Either search_terms or topic must be provided", "args": null, "levelname": "ERROR", "levelno": 40, "pathname": "/workspace/codex_try/CorpusBuilderApp/shared_tools/collectors/github_collector.py", "filename": "github_collector.py", "module": "github_collector", "exc_info": null, "exc_text": null, "stack_info": null, "lineno": 134, "funcName": "collect", "created": 1749747240.5957687, "msecs": 595.0, "relativeCreated": 280.49302101135254, "thread": 140617731615616, "threadName": "MainThread", "processName": "MainProcess", "process": 4167, "asctime": "2025-06-12 16:54:00,595"}]}, "teardown": {"duration": 0.00015806700002940488, "outcome": "passed"}}, {"nodeid": "tests/collectors/test_collectors.py::test_collector_instantiation[quantopian_collector]", "lineno": 8, "outcome": "passed", "keywords": ["test_collector_instantiation[quantopian_collector]", "parametrize", "pytestmark", "quantopian_collector", "test_collectors.py", "collectors", "tests", "codex_try", ""], "setup": {"duration": 0.00047006299996610323, "outcome": "passed"}, "call": {"duration": 0.0032099780000862665, "outcome": "passed", "stderr": "2025-06-12 16:54:00,597 - QuantopianCollector - INFO - Initializing QuantopianCollector with output directory: /tmp/pytest-of-root/pytest-8/test_collector_instantiation_q0/raw\n2025-06-12 16:54:00,597 - QuantopianCollector - INFO - Setting up domain-based directory structure...\n2025-06-12 16:54:00,599 - QuantopianCollector - INFO - Directory structure setup complete\n2025-06-12 16:54:00,599 - QuantopianCollector - INFO - Quantopian directory set to: /tmp/pytest-of-root/pytest-8/test_collector_instantiation_q0/raw/Quantopian\n2025-06-12 16:54:00,599 - QuantopianCollector - INFO - Collecting Quantopian research from https://github.com/quantopian/research_public\n2025-06-12 16:54:00,599 - QuantopianCollector - ERROR - Error cloning repository https://github.com/quantopian/research_public: No module named 'git'\n2025-06-12 16:54:00,600 - QuantopianCollector - ERROR - Failed to clone Quantopian repository\n", "log": [{"name": "QuantopianCollector", "msg": "Initializing QuantopianCollector with output directory: /tmp/pytest-of-root/pytest-8/test_collector_instantiation_q0/raw", "args": null, "levelname": "INFO", "levelno": 20, "pathname": "/workspace/codex_try/CorpusBuilderApp/shared_tools/collectors/base_collector.py", "filename": "base_collector.py", "module": "base_collector", "exc_info": null, "exc_text": null, "stack_info": null, "lineno": 81, "funcName": "__init__", "created": 1749747240.5978436, "msecs": 597.0, "relativeCreated": 282.56797790527344, "thread": 140617731615616, "threadName": "MainThread", "processName": "MainProcess", "process": 4167, "asctime": "2025-06-12 16:54:00,597"}, {"name": "QuantopianCollector", "msg": "Setting up domain-based directory structure...", "args": null, "levelname": "INFO", "levelno": 20, "pathname": "/workspace/codex_try/CorpusBuilderApp/shared_tools/collectors/base_collector.py", "filename": "base_collector.py", "module": "base_collector", "exc_info": null, "exc_text": null, "stack_info": null, "lineno": 101, "funcName": "_setup_domain_directories", "created": 1749747240.5979848, "msecs": 597.0, "relativeCreated": 282.70912170410156, "thread": 140617731615616, "threadName": "MainThread", "processName": "MainProcess", "process": 4167, "asctime": "2025-06-12 16:54:00,597"}, {"name": "QuantopianCollector", "msg": "Directory structure setup complete", "args": null, "levelname": "INFO", "levelno": 20, "pathname": "/workspace/codex_try/CorpusBuilderApp/shared_tools/collectors/base_collector.py", "filename": "base_collector.py", "module": "base_collector", "exc_info": null, "exc_text": null, "stack_info": null, "lineno": 131, "funcName": "_setup_domain_directories", "created": 1749747240.599327, "msecs": 599.0, "relativeCreated": 284.05141830444336, "thread": 140617731615616, "threadName": "MainThread", "processName": "MainProcess", "process": 4167, "asctime": "2025-06-12 16:54:00,599"}, {"name": "QuantopianCollector", "msg": "Quantopian directory set to: /tmp/pytest-of-root/pytest-8/test_collector_instantiation_q0/raw/Quantopian", "args": null, "levelname": "INFO", "levelno": 20, "pathname": "/workspace/codex_try/CorpusBuilderApp/shared_tools/collectors/quantopian_collector.py", "filename": "quantopian_collector.py", "module": "quantopian_collector", "exc_info": null, "exc_text": null, "stack_info": null, "lineno": 33, "funcName": "__init__", "created": 1749747240.5994902, "msecs": 599.0, "relativeCreated": 284.2144966125488, "thread": 140617731615616, "threadName": "MainThread", "processName": "MainProcess", "process": 4167, "asctime": "2025-06-12 16:54:00,599"}, {"name": "QuantopianCollector", "msg": "Collecting Quantopian research from https://github.com/quantopian/research_public", "args": null, "levelname": "INFO", "levelno": 20, "pathname": "/workspace/codex_try/CorpusBuilderApp/shared_tools/collectors/quantopian_collector.py", "filename": "quantopian_collector.py", "module": "quantopian_collector", "exc_info": null, "exc_text": null, "stack_info": null, "lineno": 100, "funcName": "collect", "created": 1749747240.5996063, "msecs": 599.0, "relativeCreated": 284.3306064605713, "thread": 140617731615616, "threadName": "MainThread", "processName": "MainProcess", "process": 4167, "asctime": "2025-06-12 16:54:00,599"}, {"name": "QuantopianCollector", "msg": "Error cloning repository https://github.com/quantopian/research_public: No module named 'git'", "args": null, "levelname": "ERROR", "levelno": 40, "pathname": "/workspace/codex_try/CorpusBuilderApp/shared_tools/collectors/quantopian_collector.py", "filename": "quantopian_collector.py", "module": "quantopian_collector", "exc_info": null, "exc_text": null, "stack_info": null, "lineno": 267, "funcName": "_clone_repo", "created": 1749747240.5999959, "msecs": 599.0, "relativeCreated": 284.72018241882324, "thread": 140617731615616, "threadName": "MainThread", "processName": "MainProcess", "process": 4167, "asctime": "2025-06-12 16:54:00,599"}, {"name": "QuantopianCollector", "msg": "Failed to clone Quantopian repository", "args": null, "levelname": "ERROR", "levelno": 40, "pathname": "/workspace/codex_try/CorpusBuilderApp/shared_tools/collectors/quantopian_collector.py", "filename": "quantopian_collector.py", "module": "quantopian_collector", "exc_info": null, "exc_text": null, "stack_info": null, "lineno": 106, "funcName": "collect", "created": 1749747240.6000764, "msecs": 600.0, "relativeCreated": 284.80076789855957, "thread": 140617731615616, "threadName": "MainThread", "processName": "MainProcess", "process": 4167, "asctime": "2025-06-12 16:54:00,600"}]}, "teardown": {"duration": 0.00015414500001043052, "outcome": "passed"}}, {"nodeid": "tests/collectors/test_collectors.py::test_collector_instantiation[repo_collector]", "lineno": 8, "outcome": "skipped", "keywords": ["test_collector_instantiation[repo_collector]", "parametrize", "pytestmark", "repo_collector", "test_collectors.py", "collectors", "tests", "codex_try", ""], "setup": {"duration": 0.0005798820000109117, "outcome": "passed"}, "call": {"duration": 0.002384971999958907, "outcome": "skipped", "stderr": "2025-06-12 16:54:00,602 - RepoCollector - INFO - Initializing RepoCollector with output directory: /tmp/pytest-of-root/pytest-8/test_collector_instantiation_r0/raw\n2025-06-12 16:54:00,602 - RepoCollector - INFO - Setting up domain-based directory structure...\n2025-06-12 16:54:00,603 - RepoCollector - INFO - Directory structure setup complete\n", "log": [{"name": "RepoCollector", "msg": "Initializing RepoCollector with output directory: /tmp/pytest-of-root/pytest-8/test_collector_instantiation_r0/raw", "args": null, "levelname": "INFO", "levelno": 20, "pathname": "/workspace/codex_try/CorpusBuilderApp/shared_tools/collectors/base_collector.py", "filename": "base_collector.py", "module": "base_collector", "exc_info": null, "exc_text": null, "stack_info": null, "lineno": 81, "funcName": "__init__", "created": 1749747240.6020546, "msecs": 602.0, "relativeCreated": 286.77892684936523, "thread": 140617731615616, "threadName": "MainThread", "processName": "MainProcess", "process": 4167, "asctime": "2025-06-12 16:54:00,602"}, {"name": "RepoCollector", "msg": "Setting up domain-based directory structure...", "args": null, "levelname": "INFO", "levelno": 20, "pathname": "/workspace/codex_try/CorpusBuilderApp/shared_tools/collectors/base_collector.py", "filename": "base_collector.py", "module": "base_collector", "exc_info": null, "exc_text": null, "stack_info": null, "lineno": 101, "funcName": "_setup_domain_directories", "created": 1749747240.6021702, "msecs": 602.0, "relativeCreated": 286.8945598602295, "thread": 140617731615616, "threadName": "MainThread", "processName": "MainProcess", "process": 4167, "asctime": "2025-06-12 16:54:00,602"}, {"name": "RepoCollector", "msg": "Directory structure setup complete", "args": null, "levelname": "INFO", "levelno": 20, "pathname": "/workspace/codex_try/CorpusBuilderApp/shared_tools/collectors/base_collector.py", "filename": "base_collector.py", "module": "base_collector", "exc_info": null, "exc_text": null, "stack_info": null, "lineno": 131, "funcName": "_setup_domain_directories", "created": 1749747240.6034641, "msecs": 603.0, "relativeCreated": 288.1884574890137, "thread": 140617731615616, "threadName": "MainThread", "processName": "MainProcess", "process": 4167, "asctime": "2025-06-12 16:54:00,603"}], "longrepr": "('/workspace/codex_try/tests/collectors/test_collectors.py', 28, 'Skipped: collect failed for RepoCollector')"}, "teardown": {"duration": 0.00016880700002275262, "outcome": "passed"}}, {"nodeid": "tests/collectors/test_collectors.py::test_collector_instantiation[web_collector]", "lineno": 8, "outcome": "skipped", "keywords": ["test_collector_instantiation[web_collector]", "parametrize", "pytestmark", "web_collector", "test_collectors.py", "collectors", "tests", "codex_try", ""], "setup": {"duration": 0.0004647270000077697, "outcome": "passed"}, "call": {"duration": 0.0007666179999432643, "outcome": "skipped", "longrepr": "('/workspace/codex_try/tests/collectors/test_collectors.py', 21, 'Skipped: init failed for WebCollector')"}, "teardown": {"duration": 0.00015868600007706846, "outcome": "passed"}}, {"nodeid": "tests/corpus/test_corpus_balancer.py::test_corpus_balancer_rebalance", "lineno": 5, "outcome": "skipped", "keywords": ["test_corpus_balancer_rebalance", "test_corpus_balancer.py", "corpus", "tests", "codex_try", ""], "setup": {"duration": 0.0004820020000124714, "outcome": "passed"}, "call": {"duration": 0.00041724400000475725, "outcome": "skipped", "longrepr": "('/workspace/codex_try/tests/corpus/test_corpus_balancer.py', 12, 'Skipped: rebalance failed')"}, "teardown": {"duration": 0.000153330999978607, "outcome": "passed"}}, {"nodeid": "tests/corpus/test_corpus_manager.py::test_corpus_manager_basic", "lineno": 4, "outcome": "passed", "keywords": ["test_corpus_manager_basic", "test_corpus_manager.py", "corpus", "tests", "codex_try", ""], "setup": {"duration": 0.00042606600004546635, "outcome": "passed"}, "call": {"duration": 0.00032539299991185544, "outcome": "passed"}, "teardown": {"duration": 0.00013006899996526045, "outcome": "passed"}}, {"nodeid": "tests/e2e/test_pipeline_run.py::test_pipeline_preview", "lineno": 8, "outcome": "skipped", "keywords": ["test_pipeline_preview", "test_pipeline_run.py", "e2e", "tests", "codex_try", ""], "setup": {"duration": 0.0005181320000247069, "outcome": "passed"}, "call": {"duration": 0.04975048600010723, "outcome": "skipped", "longrepr": "('/workspace/codex_try/tests/e2e/test_pipeline_run.py', 15, 'Skipped: Traceback (most recent call last):\\n  File \"<frozen runpy>\", line 198, in _run_module_as_main\\n  File \"<frozen runpy>\", line 88, in _run_code\\n  File \"/workspace/codex_try/cli/execute_from_config.py\", line 11, in <module>\\n    from shared_tools.project_config import ProjectConfig\\n  File \"/workspace/codex_try/CorpusBuilderApp/shared_tools/project_config.py\", line 5, in <module>\\n    import yaml\\nModuleNotFoundError: No module named \\'yaml\\'')"}, "teardown": {"duration": 0.0001637760000221533, "outcome": "passed"}}, {"nodeid": "tests/integration/test_dashboard_data.py::test_dashboard_methods", "lineno": 38, "outcome": "passed", "keywords": ["test_dashboard_methods", "test_dashboard_data.py", "integration", "tests", "codex_try", ""], "setup": {"duration": 0.0005502989999968122, "outcome": "passed"}, "call": {"duration": 0.0004720919999954276, "outcome": "passed"}, "teardown": {"duration": 0.00016977699999642937, "outcome": "passed"}}, {"nodeid": "tests/processors/test_processors.py::test_processor_instantiation[base_extractor]", "lineno": 8, "outcome": "passed", "keywords": ["test_processor_instantiation[base_extractor]", "parametrize", "pytestmark", "base_extractor", "test_processors.py", "processors", "tests", "codex_try", ""], "setup": {"duration": 0.0005843679999770757, "outcome": "passed"}, "call": {"duration": 0.016480989999990925, "outcome": "passed"}, "teardown": {"duration": 0.0001533560000552825, "outcome": "passed"}}, {"nodeid": "tests/processors/test_processors.py::test_processor_instantiation[batch_nonpdf_extractor_enhanced]", "lineno": 8, "outcome": "skipped", "keywords": ["test_processor_instantiation[batch_nonpdf_extractor_enhanced]", "parametrize", "pytestmark", "batch_nonpdf_extractor_enhanced", "test_processors.py", "processors", "tests", "codex_try", ""], "setup": {"duration": 0.0005894199999829652, "outcome": "passed"}, "call": {"duration": 0.0011976560000448444, "outcome": "skipped", "longrepr": "('/workspace/codex_try/tests/processors/test_processors.py', 14, 'Skipped: module import failed: batch_nonpdf_extractor_enhanced')"}, "teardown": {"duration": 0.00016326599995863944, "outcome": "passed"}}, {"nodeid": "tests/processors/test_processors.py::test_processor_instantiation[batch_text_extractor_enhanced_prerefactor]", "lineno": 8, "outcome": "skipped", "keywords": ["test_processor_instantiation[batch_text_extractor_enhanced_prerefactor]", "parametrize", "pytestmark", "batch_text_extractor_enhanced_prerefactor", "test_processors.py", "processors", "tests", "codex_try", ""], "setup": {"duration": 0.0005917930000123306, "outcome": "passed"}, "call": {"duration": 0.0012643860000025597, "outcome": "skipped", "longrepr": "('/workspace/codex_try/tests/processors/test_processors.py', 14, 'Skipped: module import failed: batch_text_extractor_enhanced_prerefactor')"}, "teardown": {"duration": 0.00016584000002239918, "outcome": "passed"}}, {"nodeid": "tests/processors/test_processors.py::test_processor_instantiation[chart_image_extractor]", "lineno": 8, "outcome": "skipped", "keywords": ["test_processor_instantiation[chart_image_extractor]", "parametrize", "pytestmark", "chart_image_extractor", "test_processors.py", "processors", "tests", "codex_try", ""], "setup": {"duration": 0.0004988140000250496, "outcome": "passed"}, "call": {"duration": 0.0009245800000599047, "outcome": "skipped", "longrepr": "('/workspace/codex_try/tests/processors/test_processors.py', 14, 'Skipped: module import failed: chart_image_extractor')"}, "teardown": {"duration": 0.00016355200000361947, "outcome": "passed"}}, {"nodeid": "tests/processors/test_processors.py::test_processor_instantiation[corpus_balancer]", "lineno": 8, "outcome": "passed", "keywords": ["test_processor_instantiation[corpus_balancer]", "parametrize", "pytestmark", "corpus_balancer", "test_processors.py", "processors", "tests", "codex_try", ""], "setup": {"duration": 0.0005138789999818982, "outcome": "passed"}, "call": {"duration": 0.0003197429999772794, "outcome": "passed"}, "teardown": {"duration": 0.00013903000001391774, "outcome": "passed"}}, {"nodeid": "tests/processors/test_processors.py::test_processor_instantiation[corruption_detector]", "lineno": 8, "outcome": "passed", "keywords": ["test_processor_instantiation[corruption_detector]", "parametrize", "pytestmark", "corruption_detector", "test_processors.py", "processors", "tests", "codex_try", ""], "setup": {"duration": 0.0004867449999892415, "outcome": "passed"}, "call": {"duration": 0.0003524530000049708, "outcome": "passed"}, "teardown": {"duration": 0.0001462249999804044, "outcome": "passed"}}, {"nodeid": "tests/processors/test_processors.py::test_processor_instantiation[deduplicate_nonpdf_outputs]", "lineno": 8, "outcome": "passed", "keywords": ["test_processor_instantiation[deduplicate_nonpdf_outputs]", "parametrize", "pytestmark", "deduplicate_nonpdf_outputs", "test_processors.py", "processors", "tests", "codex_try", ""], "setup": {"duration": 0.0004629830000340007, "outcome": "passed"}, "call": {"duration": 0.001168448000044009, "outcome": "passed"}, "teardown": {"duration": 0.0001754569999548039, "outcome": "passed"}}, {"nodeid": "tests/processors/test_processors.py::test_processor_instantiation[domain_classifier]", "lineno": 8, "outcome": "passed", "keywords": ["test_processor_instantiation[domain_classifier]", "parametrize", "pytestmark", "domain_classifier", "test_processors.py", "processors", "tests", "codex_try", ""], "setup": {"duration": 0.0006349069999487256, "outcome": "passed"}, "call": {"duration": 0.00035306400002355076, "outcome": "passed"}, "teardown": {"duration": 0.0002074120000088442, "outcome": "passed"}}, {"nodeid": "tests/processors/test_processors.py::test_processor_instantiation[domainsmanager]", "lineno": 8, "outcome": "passed", "keywords": ["test_processor_instantiation[domainsmanager]", "parametrize", "pytestmark", "domainsmanager", "test_processors.py", "processors", "tests", "codex_try", ""], "setup": {"duration": 0.0005126399998971465, "outcome": "passed"}, "call": {"duration": 0.00071699600005104, "outcome": "passed"}, "teardown": {"duration": 0.000140111999940018, "outcome": "passed"}}, {"nodeid": "tests/processors/test_processors.py::test_processor_instantiation[financial_symbol_processor]", "lineno": 8, "outcome": "skipped", "keywords": ["test_processor_instantiation[financial_symbol_processor]", "parametrize", "pytestmark", "financial_symbol_processor", "test_processors.py", "processors", "tests", "codex_try", ""], "setup": {"duration": 0.0008168049999994764, "outcome": "passed"}, "call": {"duration": 0.0013403750000406944, "outcome": "skipped", "longrepr": "('/workspace/codex_try/tests/processors/test_processors.py', 14, 'Skipped: module import failed: financial_symbol_processor')"}, "teardown": {"duration": 0.00016937300006247824, "outcome": "passed"}}, {"nodeid": "tests/processors/test_processors.py::test_processor_instantiation[formula_extractor]", "lineno": 8, "outcome": "skipped", "keywords": ["test_processor_instantiation[formula_extractor]", "parametrize", "pytestmark", "formula_extractor", "test_processors.py", "processors", "tests", "codex_try", ""], "setup": {"duration": 0.0005765070000052219, "outcome": "passed"}, "call": {"duration": 0.0008210819999021624, "outcome": "skipped", "longrepr": "('/workspace/codex_try/tests/processors/test_processors.py', 14, 'Skipped: module import failed: formula_extractor')"}, "teardown": {"duration": 0.00016189400002986076, "outcome": "passed"}}, {"nodeid": "tests/processors/test_processors.py::test_processor_instantiation[generate_title_cache]", "lineno": 8, "outcome": "passed", "keywords": ["test_processor_instantiation[generate_title_cache]", "parametrize", "pytestmark", "generate_title_cache", "test_processors.py", "processors", "tests", "codex_try", ""], "setup": {"duration": 0.0008940530000245417, "outcome": "passed"}, "call": {"duration": 0.000573918999975831, "outcome": "passed"}, "teardown": {"duration": 0.0001448130000198944, "outcome": "passed"}}, {"nodeid": "tests/processors/test_processors.py::test_processor_instantiation[language_confidence_detector]", "lineno": 8, "outcome": "passed", "keywords": ["test_processor_instantiation[language_confidence_detector]", "parametrize", "pytestmark", "language_confidence_detector", "test_processors.py", "processors", "tests", "codex_try", ""], "setup": {"duration": 0.0004725740000139922, "outcome": "passed"}, "call": {"duration": 0.00029759200003809383, "outcome": "passed"}, "teardown": {"duration": 0.00013864300001387164, "outcome": "passed"}}, {"nodeid": "tests/processors/test_processors.py::test_processor_instantiation[machine_translation_detector]", "lineno": 8, "outcome": "passed", "keywords": ["test_processor_instantiation[machine_translation_detector]", "parametrize", "pytestmark", "machine_translation_detector", "test_processors.py", "processors", "tests", "codex_try", ""], "setup": {"duration": 0.0005976109999892287, "outcome": "passed"}, "call": {"duration": 0.00041404799992506014, "outcome": "passed"}, "teardown": {"duration": 0.00014034200000878627, "outcome": "passed"}}, {"nodeid": "tests/processors/test_processors.py::test_processor_instantiation[mixins]", "lineno": 8, "outcome": "passed", "keywords": ["test_processor_instantiation[mixins]", "parametrize", "pytestmark", "mixins", "test_processors.py", "processors", "tests", "codex_try", ""], "setup": {"duration": 0.0005393179999373388, "outcome": "passed"}, "call": {"duration": 0.00028972699999485485, "outcome": "passed"}, "teardown": {"duration": 0.00013515400007690914, "outcome": "passed"}}, {"nodeid": "tests/processors/test_processors.py::test_processor_instantiation[monitor_progress]", "lineno": 8, "outcome": "skipped", "keywords": ["test_processor_instantiation[monitor_progress]", "parametrize", "pytestmark", "monitor_progress", "test_processors.py", "processors", "tests", "codex_try", ""], "setup": {"duration": 0.000510978999955114, "outcome": "passed"}, "call": {"duration": 0.0005191149999745903, "outcome": "skipped", "longrepr": "('/workspace/codex_try/tests/processors/test_processors.py', 14, 'Skipped: module import failed: monitor_progress')"}, "teardown": {"duration": 0.00015243200004988466, "outcome": "passed"}}, {"nodeid": "tests/processors/test_processors.py::test_processor_instantiation[pdf_extractor]", "lineno": 8, "outcome": "passed", "keywords": ["test_processor_instantiation[pdf_extractor]", "parametrize", "pytestmark", "pdf_extractor", "test_processors.py", "processors", "tests", "codex_try", ""], "setup": {"duration": 0.00056472100004612, "outcome": "passed"}, "call": {"duration": 0.0011013719999937166, "outcome": "passed"}, "teardown": {"duration": 0.00014417799991406355, "outcome": "passed"}}, {"nodeid": "tests/processors/test_processors.py::test_processor_instantiation[quality_control]", "lineno": 8, "outcome": "passed", "keywords": ["test_processor_instantiation[quality_control]", "parametrize", "pytestmark", "quality_control", "test_processors.py", "processors", "tests", "codex_try", ""], "setup": {"duration": 0.0004944680000562585, "outcome": "passed"}, "call": {"duration": 0.00037880100001075334, "outcome": "passed"}, "teardown": {"duration": 0.00014497500001198205, "outcome": "passed"}}, {"nodeid": "tests/processors/test_processors.py::test_processor_instantiation[text_extractor]", "lineno": 8, "outcome": "passed", "keywords": ["test_processor_instantiation[text_extractor]", "parametrize", "pytestmark", "text_extractor", "test_processors.py", "processors", "tests", "codex_try", ""], "setup": {"duration": 0.0005529109999997672, "outcome": "passed"}, "call": {"duration": 0.000621272999978828, "outcome": "passed"}, "teardown": {"duration": 0.00015722000000550906, "outcome": "passed"}}, {"nodeid": "tests/test_ghostscript_integration.py::test_ghostscript_detection", "lineno": 15, "outcome": "passed", "keywords": ["test_ghostscript_detection", "test_ghostscript_integration.py", "tests", "codex_try", ""], "setup": {"duration": 0.00011444200004007143, "outcome": "passed"}, "call": {"duration": 0.0019802159999926516, "outcome": "passed", "stdout": "\ud83d\udd0d Test 1: Ghostscript Detection\n----------------------------------------\n\u274c Error in detection: Ghostscript not found on linux. Install with your package manager (e.g., apt install ghostscript) or set GHOSTSCRIPT_PATH.\n", "stderr": "Traceback (most recent call last):\n  File \"/workspace/codex_try/tests/test_ghostscript_integration.py\", line 22, in test_ghostscript_detection\n    from CorpusBuilderApp.shared_tools.processors.batch_text_extractor_enhanced_prerefactor import find_ghostscript_executable\n  File \"/workspace/codex_try/CorpusBuilderApp/shared_tools/processors/batch_text_extractor_enhanced_prerefactor.py\", line 149, in <module>\n    setup_ghostscript_environment()\n  File \"/workspace/codex_try/CorpusBuilderApp/shared_tools/processors/batch_text_extractor_enhanced_prerefactor.py\", line 139, in setup_ghostscript_environment\n    gs_bin = get_ghostscript_bin_dir()\n             ^^^^^^^^^^^^^^^^^^^^^^^^^\n  File \"/workspace/codex_try/CorpusBuilderApp/shared_tools/processors/batch_text_extractor_enhanced_prerefactor.py\", line 129, in get_ghostscript_bin_dir\n    gs_executable = find_ghostscript_executable()\n                    ^^^^^^^^^^^^^^^^^^^^^^^^^^^^^\n  File \"/workspace/codex_try/CorpusBuilderApp/shared_tools/processors/batch_text_extractor_enhanced_prerefactor.py\", line 125, in find_ghostscript_executable\n    raise RuntimeError(error_msg)\nRuntimeError: Ghostscript not found on linux. Install with your package manager (e.g., apt install ghostscript) or set GHOSTSCRIPT_PATH.\n"}, "teardown": {"duration": 0.00012080900000910333, "outcome": "passed"}}, {"nodeid": "tests/test_ghostscript_integration.py::test_environment_setup", "lineno": 37, "outcome": "passed", "keywords": ["test_environment_setup", "test_ghostscript_integration.py", "tests", "codex_try", ""], "setup": {"duration": 0.0001455870000199866, "outcome": "passed"}, "call": {"duration": 0.0018552960000306484, "outcome": "passed", "stdout": "\n\ud83c\udf10 Test 2: Environment Variables\n----------------------------------------\n\u274c Error checking environment: Ghostscript not found on linux. Install with your package manager (e.g., apt install ghostscript) or set GHOSTSCRIPT_PATH.\n", "stderr": "Traceback (most recent call last):\n  File \"/workspace/codex_try/tests/test_ghostscript_integration.py\", line 44, in test_environment_setup\n    from CorpusBuilderApp.shared_tools.processors.batch_text_extractor_enhanced_prerefactor import setup_ghostscript_environment\n  File \"/workspace/codex_try/CorpusBuilderApp/shared_tools/processors/batch_text_extractor_enhanced_prerefactor.py\", line 149, in <module>\n    setup_ghostscript_environment()\n  File \"/workspace/codex_try/CorpusBuilderApp/shared_tools/processors/batch_text_extractor_enhanced_prerefactor.py\", line 139, in setup_ghostscript_environment\n    gs_bin = get_ghostscript_bin_dir()\n             ^^^^^^^^^^^^^^^^^^^^^^^^^\n  File \"/workspace/codex_try/CorpusBuilderApp/shared_tools/processors/batch_text_extractor_enhanced_prerefactor.py\", line 129, in get_ghostscript_bin_dir\n    gs_executable = find_ghostscript_executable()\n                    ^^^^^^^^^^^^^^^^^^^^^^^^^^^^^\n  File \"/workspace/codex_try/CorpusBuilderApp/shared_tools/processors/batch_text_extractor_enhanced_prerefactor.py\", line 125, in find_ghostscript_executable\n    raise RuntimeError(error_msg)\nRuntimeError: Ghostscript not found on linux. Install with your package manager (e.g., apt install ghostscript) or set GHOSTSCRIPT_PATH.\n"}, "teardown": {"duration": 0.00012178800000128831, "outcome": "passed"}}, {"nodeid": "tests/test_ghostscript_integration.py::test_camelot_ghostscript", "lineno": 69, "outcome": "passed", "keywords": ["test_camelot_ghostscript", "test_ghostscript_integration.py", "tests", "codex_try", ""], "setup": {"duration": 0.00012377500002003217, "outcome": "passed"}, "call": {"duration": 0.0003612660000271717, "outcome": "passed", "stdout": "\n\ud83d\udcca Test 3: Camelot + Ghostscript Integration\n----------------------------------------\n\u2705 Camelot imported successfully\n\u274c Error testing Camelot: module 'camelot' has no attribute '__version__'\n", "stderr": "Traceback (most recent call last):\n  File \"/workspace/codex_try/tests/test_ghostscript_integration.py\", line 80, in test_camelot_ghostscript\n    print(f\"\u2705 Camelot version: {camelot.__version__}\")\n                                 ^^^^^^^^^^^^^^^^^^^\nAttributeError: module 'camelot' has no attribute '__version__'\n"}, "teardown": {"duration": 0.00017345599997042882, "outcome": "passed"}}, {"nodeid": "tests/test_ghostscript_integration.py::test_worker_process_setup", "lineno": 102, "outcome": "passed", "keywords": ["test_worker_process_setup", "test_ghostscript_integration.py", "tests", "codex_try", ""], "setup": {"duration": 0.00011435900000833499, "outcome": "passed"}, "call": {"duration": 0.0012648649999391637, "outcome": "passed", "stdout": "\n\ud83d\udc77 Test 4: Worker Process Setup\n----------------------------------------\n\u274c Error testing worker setup: Ghostscript not found on linux. Install with your package manager (e.g., apt install ghostscript) or set GHOSTSCRIPT_PATH.\n", "stderr": "Traceback (most recent call last):\n  File \"/workspace/codex_try/tests/test_ghostscript_integration.py\", line 109, in test_worker_process_setup\n    from CorpusBuilderApp.shared_tools.processors.batch_text_extractor_enhanced_prerefactor import worker_initializer\n  File \"/workspace/codex_try/CorpusBuilderApp/shared_tools/processors/batch_text_extractor_enhanced_prerefactor.py\", line 149, in <module>\n    setup_ghostscript_environment()\n  File \"/workspace/codex_try/CorpusBuilderApp/shared_tools/processors/batch_text_extractor_enhanced_prerefactor.py\", line 139, in setup_ghostscript_environment\n    gs_bin = get_ghostscript_bin_dir()\n             ^^^^^^^^^^^^^^^^^^^^^^^^^\n  File \"/workspace/codex_try/CorpusBuilderApp/shared_tools/processors/batch_text_extractor_enhanced_prerefactor.py\", line 129, in get_ghostscript_bin_dir\n    gs_executable = find_ghostscript_executable()\n                    ^^^^^^^^^^^^^^^^^^^^^^^^^^^^^\n  File \"/workspace/codex_try/CorpusBuilderApp/shared_tools/processors/batch_text_extractor_enhanced_prerefactor.py\", line 125, in find_ghostscript_executable\n    raise RuntimeError(error_msg)\nRuntimeError: Ghostscript not found on linux. Install with your package manager (e.g., apt install ghostscript) or set GHOSTSCRIPT_PATH.\n"}, "teardown": {"duration": 0.00011989400002221373, "outcome": "passed"}}, {"nodeid": "tests/test_ghostscript_integration.py::test_simple_pdf_processing", "lineno": 134, "outcome": "passed", "keywords": ["test_simple_pdf_processing", "test_ghostscript_integration.py", "tests", "codex_try", ""], "setup": {"duration": 0.00011627300000327523, "outcome": "passed"}, "call": {"duration": 0.00035836600000038743, "outcome": "passed", "stdout": "\n\ud83d\udcc4 Test 5: Simple PDF Processing Test\n----------------------------------------\n\u26a0\ufe0f  No test PDF found, skipping processing test\n   Looked in: ['G:/test_data/*.pdf', 'test_data/sample.pdf', 'CorpusBuilderApp/tests/data/sample.pdf', 'tests/data/sample.pdf']\n"}, "teardown": {"duration": 0.0001100099999575832, "outcome": "passed"}}, {"nodeid": "tests/test_ghostscript_integration.py::test_table_extraction", "lineno": 187, "outcome": "passed", "keywords": ["test_table_extraction", "test_ghostscript_integration.py", "tests", "codex_try", ""], "setup": {"duration": 0.00011337599994476477, "outcome": "passed"}, "call": {"duration": 0.00023723999993308098, "outcome": "passed", "stdout": "\n\ud83d\udcca Test 6: Table Extraction Test\n----------------------------------------\n\u26a0\ufe0f  No test PDF found, creating minimal test...\n\n\u26a1 Test 7: Direct Ghostscript Command Test\n----------------------------------------\n\u274c GHOSTSCRIPT_PATH not set\n"}, "teardown": {"duration": 0.00010490700003629172, "outcome": "passed"}}, {"nodeid": "tests/test_ghostscript_integration.py::test_ghostscript_command_line", "lineno": 237, "outcome": "passed", "keywords": ["test_ghostscript_command_line", "test_ghostscript_integration.py", "tests", "codex_try", ""], "setup": {"duration": 0.00012891500000478118, "outcome": "passed"}, "call": {"duration": 0.00021672599996236386, "outcome": "passed", "stdout": "\n\u26a1 Test 7: Direct Ghostscript Command Test\n----------------------------------------\n\u274c GHOSTSCRIPT_PATH not set\n"}, "teardown": {"duration": 0.00010689499993077334, "outcome": "passed"}}, {"nodeid": "tests/test_single_pdf.py::test_pdf_extraction", "lineno": 13, "outcome": "passed", "keywords": ["test_pdf_extraction", "test_single_pdf.py", "tests", "codex_try", ""], "setup": {"duration": 0.00015050199999677716, "outcome": "passed"}, "call": {"duration": 0.00024443600000267907, "outcome": "passed", "stdout": "\ud83d\udd0d Testing PDF: G:\\test_data\\10_1111_cyt_12104_pdf -- Dudding, N_ ;Crossley, J_ -- Cytopathology, #5, 24, pages 283-288, 2013 sep 18 -- John Wiley and Sons; Wiley (Blackwell -- 10_1111_cyt_12104 -- 059a0d666db (1 - Copy.pdf\n\ud83d\udcc1 File exists: False\n\u274c File not found!\n"}, "teardown": {"duration": 0.00010400300004675955, "outcome": "passed"}}, {"nodeid": "tests/test_single_pdf.py::test_table_extraction", "lineno": 55, "outcome": "passed", "keywords": ["test_table_extraction", "test_single_pdf.py", "tests", "codex_try", ""], "setup": {"duration": 0.00013151999996807717, "outcome": "passed"}, "call": {"duration": 0.0002875359999734428, "outcome": "passed", "stdout": "\n==================================================\n\ud83d\udcca TESTING TABLE EXTRACTION\n==================================================\n\ud83d\udcc1 File exists: False\n\u274c File not found!\n"}, "teardown": {"duration": 0.00010657799998625705, "outcome": "passed"}}, {"nodeid": "tests/test_ui_backend_connection.py::test_batch_extractor_class", "lineno": 14, "outcome": "passed", "keywords": ["test_batch_extractor_class", "test_ui_backend_connection.py", "tests", "codex_try", ""], "setup": {"duration": 0.00010968000003686029, "outcome": "passed"}, "call": {"duration": 0.0016005929999209911, "outcome": "passed", "stdout": "\ud83d\udd27 Test 1: Testing BatchTextExtractorEnhancedPrerefactor Class\n--------------------------------------------------\n\u274c Error testing BatchTextExtractorEnhancedPrerefactor: Ghostscript not found on linux. Install with your package manager (e.g., apt install ghostscript) or set GHOSTSCRIPT_PATH.\n", "stderr": "Traceback (most recent call last):\n  File \"/workspace/codex_try/tests/test_ui_backend_connection.py\", line 21, in test_batch_extractor_class\n    from shared_tools.processors.batch_text_extractor_enhanced_prerefactor import BatchTextExtractorEnhancedPrerefactor\n  File \"/workspace/codex_try/CorpusBuilderApp/shared_tools/processors/batch_text_extractor_enhanced_prerefactor.py\", line 149, in <module>\n    setup_ghostscript_environment()\n  File \"/workspace/codex_try/CorpusBuilderApp/shared_tools/processors/batch_text_extractor_enhanced_prerefactor.py\", line 139, in setup_ghostscript_environment\n    gs_bin = get_ghostscript_bin_dir()\n             ^^^^^^^^^^^^^^^^^^^^^^^^^\n  File \"/workspace/codex_try/CorpusBuilderApp/shared_tools/processors/batch_text_extractor_enhanced_prerefactor.py\", line 129, in get_ghostscript_bin_dir\n    gs_executable = find_ghostscript_executable()\n                    ^^^^^^^^^^^^^^^^^^^^^^^^^^^^^\n  File \"/workspace/codex_try/CorpusBuilderApp/shared_tools/processors/batch_text_extractor_enhanced_prerefactor.py\", line 125, in find_ghostscript_executable\n    raise RuntimeError(error_msg)\nRuntimeError: Ghostscript not found on linux. Install with your package manager (e.g., apt install ghostscript) or set GHOSTSCRIPT_PATH.\n"}, "teardown": {"duration": 0.00012091700000382843, "outcome": "passed"}}, {"nodeid": "tests/test_ui_backend_connection.py::test_directory_processing", "lineno": 57, "outcome": "passed", "keywords": ["test_directory_processing", "test_ui_backend_connection.py", "tests", "codex_try", ""], "setup": {"duration": 0.0001618469999584704, "outcome": "passed"}, "call": {"duration": 0.0013841019999745185, "outcome": "passed", "stdout": "\n\ud83d\udd27 Test 2: Testing Directory Processing\n--------------------------------------------------\n\u274c Error testing directory processing: Ghostscript not found on linux. Install with your package manager (e.g., apt install ghostscript) or set GHOSTSCRIPT_PATH.\n", "stderr": "Traceback (most recent call last):\n  File \"/workspace/codex_try/tests/test_ui_backend_connection.py\", line 64, in test_directory_processing\n    from shared_tools.processors.batch_text_extractor_enhanced_prerefactor import BatchTextExtractorEnhancedPrerefactor\n  File \"/workspace/codex_try/CorpusBuilderApp/shared_tools/processors/batch_text_extractor_enhanced_prerefactor.py\", line 149, in <module>\n    setup_ghostscript_environment()\n  File \"/workspace/codex_try/CorpusBuilderApp/shared_tools/processors/batch_text_extractor_enhanced_prerefactor.py\", line 139, in setup_ghostscript_environment\n    gs_bin = get_ghostscript_bin_dir()\n             ^^^^^^^^^^^^^^^^^^^^^^^^^\n  File \"/workspace/codex_try/CorpusBuilderApp/shared_tools/processors/batch_text_extractor_enhanced_prerefactor.py\", line 129, in get_ghostscript_bin_dir\n    gs_executable = find_ghostscript_executable()\n                    ^^^^^^^^^^^^^^^^^^^^^^^^^^^^^\n  File \"/workspace/codex_try/CorpusBuilderApp/shared_tools/processors/batch_text_extractor_enhanced_prerefactor.py\", line 125, in find_ghostscript_executable\n    raise RuntimeError(error_msg)\nRuntimeError: Ghostscript not found on linux. Install with your package manager (e.g., apt install ghostscript) or set GHOSTSCRIPT_PATH.\n"}, "teardown": {"duration": 0.00011653699993985356, "outcome": "passed"}}, {"nodeid": "tests/test_ui_backend_connection.py::test_ui_wrapper_integration", "lineno": 106, "outcome": "passed", "keywords": ["test_ui_wrapper_integration", "test_ui_backend_connection.py", "tests", "codex_try", ""], "setup": {"duration": 0.00011401099993690877, "outcome": "passed"}, "call": {"duration": 0.0018291510000381095, "outcome": "passed", "stdout": "\n\ud83d\udd27 Test 3: Testing REAL UI Wrapper Integration\n--------------------------------------------------\n\u2705 PDFExtractorWrapper imported successfully\n\u2705 PDFExtractorWrapper initialized successfully\n\u2705 start_batch_processing method exists\n\u2705 set_ocr_enabled method exists\n\u2705 set_table_extraction method exists\n\u2705 set_worker_threads method exists\n\u274c Error testing UI wrapper: BaseExtractor.__init__() takes from 2 to 5 positional arguments but 6 were given\n", "stderr": "Traceback (most recent call last):\n  File \"/workspace/codex_try/tests/test_ui_backend_connection.py\", line 135, in test_ui_wrapper_integration\n    extractor = wrapper._create_target_object()\n                ^^^^^^^^^^^^^^^^^^^^^^^^^^^^^^^\n  File \"/workspace/codex_try/CorpusBuilderApp/shared_tools/ui_wrappers/processors/pdf_extractor_wrapper.py\", line 92, in _create_target_object\n    self.extractor = PDFExtractor(\n                     ^^^^^^^^^^^^^\n  File \"/workspace/codex_try/CorpusBuilderApp/shared_tools/processors/pdf_extractor.py\", line 37, in __init__\n    BaseExtractor.__init__(self, input_dir, output_dir, num_workers, quality_config, domain_config)\nTypeError: BaseExtractor.__init__() takes from 2 to 5 positional arguments but 6 were given\n"}, "teardown": {"duration": 0.00012487900005453412, "outcome": "passed"}}, {"nodeid": "tests/unit/test_processor_mixin.py::test_delegated_properties", "lineno": 80, "outcome": "passed", "keywords": ["test_delegated_properties", "test_processor_mixin.py", "unit", "tests", "codex_try", ""], "setup": {"duration": 0.0006743429999005457, "outcome": "passed"}, "call": {"duration": 0.000254821999988053, "outcome": "passed", "stdout": "[DEBUG] ProcessorMixin.__init__ called with config: <class 'dict'> = {'path': '/tmp/pytest-of-root/pytest-8/test_delegated_properties0/config.yaml'}, task_queue_manager: None\n[DEBUG] ProcessorMixin.__init__ completed\n"}, "teardown": {"duration": 0.00017663599999195867, "outcome": "passed"}}, {"nodeid": "tests/unit/test_processor_mixin.py::test_start_stop_get_status", "lineno": 92, "outcome": "passed", "keywords": ["test_start_stop_get_status", "test_processor_mixin.py", "unit", "tests", "codex_try", ""], "setup": {"duration": 0.00021873200000754878, "outcome": "passed"}, "call": {"duration": 0.00018001000000822387, "outcome": "passed", "stdout": "[DEBUG] ProcessorMixin.__init__ called with config: <class 'dict'> = {}, task_queue_manager: None\n[DEBUG] ProcessorMixin.__init__ completed\n"}, "teardown": {"duration": 0.00013854500002707937, "outcome": "passed"}}, {"nodeid": "tests/unit/test_processor_mixin.py::test_processing_stats_and_callbacks", "lineno": 101, "outcome": "passed", "keywords": ["test_processing_stats_and_callbacks", "test_processor_mixin.py", "unit", "tests", "codex_try", ""], "setup": {"duration": 0.00029084300001613883, "outcome": "passed"}, "call": {"duration": 0.0001861409999719399, "outcome": "passed", "stdout": "[DEBUG] ProcessorMixin.__init__ called with config: <class 'dict'> = {}, task_queue_manager: None\n[DEBUG] ProcessorMixin.__init__ completed\n"}, "teardown": {"duration": 0.0001931839999542717, "outcome": "passed"}}, {"nodeid": "tests/unit/test_services.py::test_system_monitor", "lineno": 21, "outcome": "passed", "keywords": ["test_system_monitor", "test_services.py", "unit", "tests", "codex_try", ""], "setup": {"duration": 0.00018114200008767511, "outcome": "passed"}, "call": {"duration": 0.0002050299999609706, "outcome": "passed"}, "teardown": {"duration": 0.00012376699999094853, "outcome": "passed"}}, {"nodeid": "tests/unit/test_services.py::test_task_queue_manager", "lineno": 34, "outcome": "passed", "keywords": ["test_task_queue_manager", "test_services.py", "unit", "tests", "codex_try", ""], "setup": {"duration": 0.00011502699999255128, "outcome": "passed"}, "call": {"duration": 0.00015005299997028487, "outcome": "passed"}, "teardown": {"duration": 0.00010085799999615119, "outcome": "passed"}}, {"nodeid": "tests/unit/test_services.py::test_corpus_stats_service", "lineno": 45, "outcome": "passed", "keywords": ["test_corpus_stats_service", "test_services.py", "unit", "tests", "codex_try", ""], "setup": {"duration": 0.0007297519999838187, "outcome": "passed"}, "call": {"duration": 0.0003951169999254489, "outcome": "passed"}, "teardown": {"duration": 0.0002268270000058692, "outcome": "passed"}}, {"nodeid": "tests/unit/test_services.py::test_activity_log_service", "lineno": 62, "outcome": "passed", "keywords": ["test_activity_log_service", "test_services.py", "unit", "tests", "codex_try", ""], "setup": {"duration": 0.00011301899996851716, "outcome": "passed"}, "call": {"duration": 0.00014614700000947778, "outcome": "passed"}, "teardown": {"duration": 0.00010408999992250756, "outcome": "passed"}}, {"nodeid": "tests/unit/test_wrappers.py::test_wrapper_basic[shared_tools.ui_wrappers.processors.pdf_extractor_wrapper.PDFExtractorWrapper-start_batch_processing-args0]", "lineno": 69, "outcome": "skipped", "keywords": ["test_wrapper_basic[shared_tools.ui_wrappers.processors.pdf_extractor_wrapper.PDFExtractorWrapper-start_batch_processing-args0]", "parametrize", "pytestmark", "shared_tools.ui_wrappers.processors.pdf_extractor_wrapper.PDFExtractorWrapper-start_batch_processing-args0", "test_wrappers.py", "unit", "tests", "codex_try", ""], "setup": {"duration": 0.002071385000022019, "outcome": "passed"}, "call": {"duration": 0.00022000000001298758, "outcome": "skipped", "longrepr": "('/workspace/codex_try/tests/unit/test_wrappers.py', 83, 'Skipped: wrapper init failed')"}, "teardown": {"duration": 0.00025828699995145143, "outcome": "passed"}}, {"nodeid": "tests/unit/test_wrappers.py::test_wrapper_basic[shared_tools.ui_wrappers.processors.text_extractor_wrapper.TextExtractorWrapper-start_batch_processing-args1]", "lineno": 69, "outcome": "skipped", "keywords": ["test_wrapper_basic[shared_tools.ui_wrappers.processors.text_extractor_wrapper.TextExtractorWrapper-start_batch_processing-args1]", "parametrize", "pytestmark", "shared_tools.ui_wrappers.processors.text_extractor_wrapper.TextExtractorWrapper-start_batch_processing-args1", "test_wrappers.py", "unit", "tests", "codex_try", ""], "setup": {"duration": 0.00045361999991655466, "outcome": "passed"}, "call": {"duration": 0.0001993550000634059, "outcome": "skipped", "longrepr": "('/workspace/codex_try/tests/unit/test_wrappers.py', 83, 'Skipped: wrapper init failed')"}, "teardown": {"duration": 0.00018636799995874753, "outcome": "passed"}}, {"nodeid": "tests/unit/test_wrappers.py::test_wrapper_basic[shared_tools.ui_wrappers.processors.quality_control_wrapper.QualityControlWrapper-start-args2]", "lineno": 69, "outcome": "skipped", "keywords": ["test_wrapper_basic[shared_tools.ui_wrappers.processors.quality_control_wrapper.QualityControlWrapper-start-args2]", "parametrize", "pytestmark", "shared_tools.ui_wrappers.processors.quality_control_wrapper.QualityControlWrapper-start-args2", "test_wrappers.py", "unit", "tests", "codex_try", ""], "setup": {"duration": 0.0004026630000453224, "outcome": "passed"}, "call": {"duration": 0.00016214999993735546, "outcome": "skipped", "longrepr": "('/workspace/codex_try/tests/unit/test_wrappers.py', 83, 'Skipped: wrapper init failed')"}, "teardown": {"duration": 0.00019083799998043105, "outcome": "passed"}}, {"nodeid": "tests/unit/test_wrappers.py::test_wrapper_basic[shared_tools.ui_wrappers.processors.domain_classifier_wrapper.DomainClassifierWrapper-start-args3]", "lineno": 69, "outcome": "skipped", "keywords": ["test_wrapper_basic[shared_tools.ui_wrappers.processors.domain_classifier_wrapper.DomainClassifierWrapper-start-args3]", "parametrize", "pytestmark", "shared_tools.ui_wrappers.processors.domain_classifier_wrapper.DomainClassifierWrapper-start-args3", "test_wrappers.py", "unit", "tests", "codex_try", ""], "setup": {"duration": 0.00043151700003818405, "outcome": "passed"}, "call": {"duration": 0.00019698300002346514, "outcome": "skipped", "longrepr": "('/workspace/codex_try/tests/unit/test_wrappers.py', 83, 'Skipped: wrapper init failed')"}, "teardown": {"duration": 0.0005256709999912346, "outcome": "passed"}}], "warnings": [{"message": "Unknown config option: qt_api\n", "category": "PytestConfigWarning", "when": "config", "filename": "/root/.pyenv/versions/3.11.12/lib/python3.11/site-packages/_pytest/config/__init__.py", "lineno": 1441}, {"message": "Expected None, but tests/test_ghostscript_integration.py::test_ghostscript_detection returned False, which will be an error in a future version of pytest.  Did you mean to use `assert` instead of `return`?", "category": "PytestReturnNotNoneWarning", "when": "runtest", "filename": "/root/.pyenv/versions/3.11.12/lib/python3.11/site-packages/_pytest/python.py", "lineno": 163}, {"message": "Expected None, but tests/test_ghostscript_integration.py::test_environment_setup returned False, which will be an error in a future version of pytest.  Did you mean to use `assert` instead of `return`?", "category": "PytestReturnNotNoneWarning", "when": "runtest", "filename": "/root/.pyenv/versions/3.11.12/lib/python3.11/site-packages/_pytest/python.py", "lineno": 163}, {"message": "Expected None, but tests/test_ghostscript_integration.py::test_camelot_ghostscript returned False, which will be an error in a future version of pytest.  Did you mean to use `assert` instead of `return`?", "category": "PytestReturnNotNoneWarning", "when": "runtest", "filename": "/root/.pyenv/versions/3.11.12/lib/python3.11/site-packages/_pytest/python.py", "lineno": 163}, {"message": "Expected None, but tests/test_ghostscript_integration.py::test_worker_process_setup returned False, which will be an error in a future version of pytest.  Did you mean to use `assert` instead of `return`?", "category": "PytestReturnNotNoneWarning", "when": "runtest", "filename": "/root/.pyenv/versions/3.11.12/lib/python3.11/site-packages/_pytest/python.py", "lineno": 163}, {"message": "Expected None, but tests/test_ghostscript_integration.py::test_simple_pdf_processing returned True, which will be an error in a future version of pytest.  Did you mean to use `assert` instead of `return`?", "category": "PytestReturnNotNoneWarning", "when": "runtest", "filename": "/root/.pyenv/versions/3.11.12/lib/python3.11/site-packages/_pytest/python.py", "lineno": 163}, {"message": "Expected None, but tests/test_ghostscript_integration.py::test_table_extraction returned False, which will be an error in a future version of pytest.  Did you mean to use `assert` instead of `return`?", "category": "PytestReturnNotNoneWarning", "when": "runtest", "filename": "/root/.pyenv/versions/3.11.12/lib/python3.11/site-packages/_pytest/python.py", "lineno": 163}, {"message": "Expected None, but tests/test_ghostscript_integration.py::test_ghostscript_command_line returned False, which will be an error in a future version of pytest.  Did you mean to use `assert` instead of `return`?", "category": "PytestReturnNotNoneWarning", "when": "runtest", "filename": "/root/.pyenv/versions/3.11.12/lib/python3.11/site-packages/_pytest/python.py", "lineno": 163}, {"message": "Expected None, but tests/test_single_pdf.py::test_pdf_extraction returned False, which will be an error in a future version of pytest.  Did you mean to use `assert` instead of `return`?", "category": "PytestReturnNotNoneWarning", "when": "runtest", "filename": "/root/.pyenv/versions/3.11.12/lib/python3.11/site-packages/_pytest/python.py", "lineno": 163}, {"message": "Expected None, but tests/test_single_pdf.py::test_table_extraction returned False, which will be an error in a future version of pytest.  Did you mean to use `assert` instead of `return`?", "category": "PytestReturnNotNoneWarning", "when": "runtest", "filename": "/root/.pyenv/versions/3.11.12/lib/python3.11/site-packages/_pytest/python.py", "lineno": 163}, {"message": "Expected None, but tests/test_ui_backend_connection.py::test_batch_extractor_class returned False, which will be an error in a future version of pytest.  Did you mean to use `assert` instead of `return`?", "category": "PytestReturnNotNoneWarning", "when": "runtest", "filename": "/root/.pyenv/versions/3.11.12/lib/python3.11/site-packages/_pytest/python.py", "lineno": 163}, {"message": "Expected None, but tests/test_ui_backend_connection.py::test_directory_processing returned False, which will be an error in a future version of pytest.  Did you mean to use `assert` instead of `return`?", "category": "PytestReturnNotNoneWarning", "when": "runtest", "filename": "/root/.pyenv/versions/3.11.12/lib/python3.11/site-packages/_pytest/python.py", "lineno": 163}, {"message": "Expected None, but tests/test_ui_backend_connection.py::test_ui_wrapper_integration returned False, which will be an error in a future version of pytest.  Did you mean to use `assert` instead of `return`?", "category": "PytestReturnNotNoneWarning", "when": "runtest", "filename": "/root/.pyenv/versions/3.11.12/lib/python3.11/site-packages/_pytest/python.py", "lineno": 163}]}
